!SESSION 2016-01-29 13:23:44.122 -----------------------------------------------
eclipse.buildId=4.5.1.M20150904-0015
java.version=1.6.0_65
java.vendor=Apple Inc.
BootLoader constants: OS=macosx, ARCH=x86_64, WS=cocoa, NL=en_US
Framework arguments:  -product org.eclipse.platform.ide
Command-line arguments:  -product org.eclipse.platform.ide -data /Users/dennis/Work/github/amzi/source/eclipse/amzi-ide/workspace/../runtime-EclipseApplication(1) -dev file:/Users/dennis/Work/github/amzi/source/eclipse/amzi-ide/workspace/.metadata/.plugins/org.eclipse.pde.core/Eclipse Application (1)/dev.properties -os macosx -ws cocoa -arch x86_64 -consoleLog

This is a continuation of log file /Users/dennis/Work/github/amzi/source/eclipse/amzi-ide/workspace/.metadata/.plugins/org.eclipse.pde.core/Eclipse Application (1)/1454091824502.bak_0.log
Created Time: 2016-01-29 13:23:49.454

!ENTRY org.eclipse.swtbot.generator 2 0 2016-01-29 13:23:49.455
!MESSAGE Could not resolve module: org.eclipse.swtbot.generator [445]
  Unresolved requirement: Require-Bundle: org.eclipse.ui
    -> Bundle-SymbolicName: org.eclipse.ui; bundle-version="3.107.0.v20150507-1945"; singleton:="true"
       org.eclipse.ui [455]
         Unresolved requirement: Require-Bundle: org.eclipse.core.runtime; bundle-version="[3.2.0,4.0.0)"
           -> Bundle-SymbolicName: org.eclipse.core.runtime; bundle-version="3.11.1.v20150903-1804"; singleton:="true"
              org.eclipse.core.runtime [96]
                Unresolved requirement: Require-Bundle: org.eclipse.core.jobs; bundle-version="[3.2.0,4.0.0)"; visibility:="reexport"
                  -> Bundle-SymbolicName: org.eclipse.core.jobs; bundle-version="3.7.0.v20150330-2103"; singleton:="true"
                     org.eclipse.core.jobs [93]
                       Unresolved requirement: Require-Capability: osgi.ee; filter:="(&(osgi.ee=JavaSE)(version=1.7))"


!ENTRY org.eclipse.equinox.p2.reconciler.dropins 2 0 2016-01-29 13:23:49.456
!MESSAGE Could not resolve module: org.eclipse.equinox.p2.reconciler.dropins [193]
  Unresolved requirement: Import-Package: org.eclipse.equinox.internal.p2.artifact.repository
    -> Export-Package: org.eclipse.equinox.internal.p2.artifact.repository; bundle-version="1.1.400.v20150513-2116"; bundle-symbolic-name="org.eclipse.equinox.p2.artifact.repository"; version="0.0.0"; x-friends:="org.eclipse.equinox.p2.publisher,  org.eclipse.equinox.p2.reconciler.dropins,  org.eclipse.equinox.p2.ui,  org.eclipse.equinox.p2.directorywatcher,  org.eclipse.equinox.p2.repository.tools,  org.eclipse.equinox.p2.publisher.eclipse"
       org.eclipse.equinox.p2.artifact.repository [176]
         Unresolved requirement: Import-Package: org.eclipse.core.runtime.jobs
           -> Export-Package: org.eclipse.core.runtime.jobs; bundle-version="3.7.0.v20150330-2103"; bundle-symbolic-name="org.eclipse.core.jobs"; version="0.0.0"
              org.eclipse.core.jobs [93]
                Unresolved requirement: Require-Capability: osgi.ee; filter:="(&(osgi.ee=JavaSE)(version=1.7))"


!ENTRY org.eclipse.e4.ui.bindings 2 0 2016-01-29 13:23:49.457
!MESSAGE Could not resolve module: org.eclipse.e4.ui.bindings [116]
  Unresolved requirement: Import-Package: org.eclipse.e4.core.commands
    -> Export-Package: org.eclipse.e4.core.commands; bundle-version="0.11.0.v20150422-0725"; bundle-symbolic-name="org.eclipse.e4.core.commands"; version="0.0.0"; x-friends:="org.eclipse.e4.ui.bindings,  org.eclipse.e4.ui.workbench,  org.eclipse.e4.ui.workbench.renderers.swt,  org.eclipse.ui.workbench,  org.eclipse.e4.ui.workbench.swt,  org.eclipse.e4.ui.progress,  org.eclipse.e4.core.commands.tests"
       org.eclipse.e4.core.commands [103]
         Unresolved requirement: Import-Package: org.eclipse.core.commands
           -> Export-Package: org.eclipse.core.commands; bundle-version="3.7.0.v20150422-0725"; bundle-symbolic-name="org.eclipse.core.commands"; version="0.0.0"
              org.eclipse.core.commands [81]
                Unresolved requirement: Require-Capability: osgi.ee; filter:="(&(osgi.ee=JavaSE)(version=1.7))"


!ENTRY org.eclipse.e4.tools.emf.ui 2 0 2016-01-29 13:23:49.458
!MESSAGE Could not resolve module: org.eclipse.e4.tools.emf.ui [113]
  Unresolved requirement: Require-Bundle: org.eclipse.core.runtime; bundle-version="3.9.0"
    -> Bundle-SymbolicName: org.eclipse.core.runtime; bundle-version="3.11.1.v20150903-1804"; singleton:="true"
       org.eclipse.core.runtime [96]
         Unresolved requirement: Require-Bundle: org.eclipse.core.jobs; bundle-version="[3.2.0,4.0.0)"; visibility:="reexport"
           -> Bundle-SymbolicName: org.eclipse.core.jobs; bundle-version="3.7.0.v20150330-2103"; singleton:="true"
              org.eclipse.core.jobs [93]
                Unresolved requirement: Require-Capability: osgi.ee; filter:="(&(osgi.ee=JavaSE)(version=1.7))"


!ENTRY org.eclipse.wst.common.emfworkbench.integration 2 0 2016-01-29 13:23:49.459
!MESSAGE Could not resolve module: org.eclipse.wst.common.emfworkbench.integration [498]
  Unresolved requirement: Require-Bundle: org.eclipse.wst.common.frameworks; bundle-version="[1.1.200,2.0.0)"
    -> Bundle-SymbolicName: org.eclipse.wst.common.frameworks; bundle-version="1.2.200.v201304241450"; singleton:="true"
       org.eclipse.wst.common.frameworks [500]
         Unresolved requirement: Require-Bundle: org.eclipse.core.resources; bundle-version="[3.4.0,4.0.0)"
           -> Bundle-SymbolicName: org.eclipse.core.resources; bundle-version="3.10.1.v20150725-1910"; singleton:="true"
              org.eclipse.core.resources [95]
                Unresolved requirement: Require-Bundle: org.eclipse.ant.core; bundle-version="[3.1.0,4.0.0)"; resolution:="optional"
                  -> Bundle-SymbolicName: org.eclipse.ant.core; bundle-version="3.4.0.v20150428-1928"; singleton:="true"
                     org.eclipse.ant.core [73]
                       Unresolved requirement: Require-Bundle: org.eclipse.core.variables; bundle-version="[3.1.0,4.0.0)"
                         -> Bundle-SymbolicName: org.eclipse.core.variables; bundle-version="3.2.800.v20130819-1716"; singleton:="true"
                            org.eclipse.core.variables [99]
                              Unresolved requirement: Require-Bundle: org.eclipse.core.runtime; bundle-version="[3.3.0,4.0.0)"
                                -> Bundle-SymbolicName: org.eclipse.core.runtime; bundle-version="3.11.1.v20150903-1804"; singleton:="true"
                                   org.eclipse.core.runtime [96]
                                     Unresolved requirement: Require-Bundle: org.eclipse.core.jobs; bundle-version="[3.2.0,4.0.0)"; visibility:="reexport"
                                       -> Bundle-SymbolicName: org.eclipse.core.jobs; bundle-version="3.7.0.v20150330-2103"; singleton:="true"
                                          org.eclipse.core.jobs [93]
                                            Unresolved requirement: Require-Capability: osgi.ee; filter:="(&(osgi.ee=JavaSE)(version=1.7))"
                Unresolved requirement: Require-Bundle: org.eclipse.core.expressions; bundle-version="[3.2.0,4.0.0)"
                  -> Bundle-SymbolicName: org.eclipse.core.expressions; bundle-version="3.5.0.v20150421-2214"; singleton:="true"
                     org.eclipse.core.expressions [87]
                       Unresolved requirement: Require-Bundle: org.eclipse.core.runtime; bundle-version="[3.3.0,4.0.0)"
                         -> Bundle-SymbolicName: org.eclipse.core.runtime; bundle-version="3.11.1.v20150903-1804"; singleton:="true"


!ENTRY org.eclipse.jgit.archive 2 0 2016-01-29 13:23:49.460
!MESSAGE Could not resolve module: org.eclipse.jgit.archive [253]
  Unresolved requirement: Import-Package: org.eclipse.jgit.api; version="[4.0.3,4.1.0)"
    -> Export-Package: org.eclipse.jgit.api; bundle-version="4.0.3.201509231615-r"; bundle-symbolic-name="org.eclipse.jgit"; version="4.0.3"; uses:="org.eclipse.jgit.revwalk,  org.eclipse.jgit.treewalk.filter,  org.eclipse.jgit.diff,  org.eclipse.jgit.util,  org.eclipse.jgit.notes,  org.eclipse.jgit.dircache,  org.eclipse.jgit.api.errors,  org.eclipse.jgit.lib,  org.eclipse.jgit.treewalk,  org.eclipse.jgit.blame,  org.eclipse.jgit.submodule,  org.eclipse.jgit.transport,  org.eclipse.jgit.merge"
       org.eclipse.jgit [252]
         Unresolved requirement: Require-Capability: osgi.ee; filter:="(&(osgi.ee=JavaSE)(version=1.7))"


!ENTRY org.eclipse.jetty.server 2 0 2016-01-29 13:23:49.461
!MESSAGE Could not resolve module: org.eclipse.jetty.server [244]
  Unresolved requirement: Import-Package: javax.servlet.descriptor; version="[2.6.0,3.2.0)"
    -> Export-Package: javax.servlet.descriptor; bundle-version="3.1.0.v201410161800"; bundle-symbolic-name="javax.servlet"; version="3.1.0"
       javax.servlet [32]
         Unresolved requirement: Require-Capability: osgi.ee; filter:="(&(osgi.ee=JavaSE)(version=1.7))"
  Unresolved requirement: Import-Package: javax.servlet; version="[2.6.0,3.2.0)"
    -> Export-Package: javax.servlet; bundle-version="3.1.0.v201410161800"; bundle-symbolic-name="javax.servlet"; version="3.1.0"; uses:="javax.servlet.descriptor,javax.servlet.annotation"
  Unresolved requirement: Import-Package: org.eclipse.jetty.http; version="[9.2.0,10.0.0)"
    -> Export-Package: org.eclipse.jetty.http; bundle-version="9.2.13.v20150730"; bundle-symbolic-name="org.eclipse.jetty.http"; version="9.2.13"; uses:="org.eclipse.jetty.util,org.eclipse.jetty.util.resource,org.eclipse.jetty.util.log"
       org.eclipse.jetty.http [241]
         Unresolved requirement: Import-Package: org.eclipse.jetty.util; version="[9.2.0,10.0.0)"
           -> Export-Package: org.eclipse.jetty.util; bundle-version="9.2.13.v20150730"; bundle-symbolic-name="org.eclipse.jetty.util"; version="9.2.13"; uses:="org.eclipse.jetty.util.thread,org.eclipse.jetty.util.log,org.eclipse.jetty.util.resource,org.eclipse.jetty.util.component,javax.servlet,javax.servlet.http,org.eclipse.jetty.util.annotation"
              org.eclipse.jetty.util [246]
                Unresolved requirement: Require-Capability: osgi.ee; filter:="(&(osgi.ee=JavaSE)(version=1.7))"
                Unresolved requirement: Import-Package: javax.servlet; version="[2.6.0,3.2.0)"
                  -> Export-Package: javax.servlet; bundle-version="3.1.0.v201410161800"; bundle-symbolic-name="javax.servlet"; version="3.1.0"; uses:="javax.servlet.descriptor,javax.servlet.annotation"
                Unresolved requirement: Import-Package: javax.servlet.http; version="[2.6.0,3.2.0)"
                  -> Export-Package: javax.servlet.http; bundle-version="3.1.0.v201410161800"; bundle-symbolic-name="javax.servlet"; version="3.1.0"; uses:="javax.servlet"
  Unresolved requirement: Import-Package: javax.servlet.http; version="[2.6.0,3.2.0)"
    -> Export-Package: javax.servlet.http; bundle-version="3.1.0.v201410161800"; bundle-symbolic-name="javax.servlet"; version="3.1.0"; uses:="javax.servlet"


!ENTRY org.eclipse.mylyn.team.ui 2 0 2016-01-29 13:23:49.463
!MESSAGE Could not resolve module: org.eclipse.mylyn.team.ui [327]
  Unresolved requirement: Require-Bundle: org.eclipse.compare
    -> Bundle-SymbolicName: org.eclipse.compare; bundle-version="3.5.600.v20150420-1449"; singleton:="true"
       org.eclipse.compare [79]
         Unresolved requirement: Require-Bundle: org.eclipse.ui; bundle-version="[3.5.0,4.0.0)"
           -> Bundle-SymbolicName: org.eclipse.ui; bundle-version="3.107.0.v20150507-1945"; singleton:="true"
              org.eclipse.ui [455]
                Unresolved requirement: Require-Bundle: org.eclipse.core.runtime; bundle-version="[3.2.0,4.0.0)"
                  -> Bundle-SymbolicName: org.eclipse.core.runtime; bundle-version="3.11.1.v20150903-1804"; singleton:="true"
                     org.eclipse.core.runtime [96]
                       Unresolved requirement: Require-Bundle: org.eclipse.core.jobs; bundle-version="[3.2.0,4.0.0)"; visibility:="reexport"
                         -> Bundle-SymbolicName: org.eclipse.core.jobs; bundle-version="3.7.0.v20150330-2103"; singleton:="true"
                            org.eclipse.core.jobs [93]
                              Unresolved requirement: Require-Capability: osgi.ee; filter:="(&(osgi.ee=JavaSE)(version=1.7))"


!ENTRY org.eclipse.ecf.provider.filetransfer.httpclient4 2 0 2016-01-29 13:23:49.463
!MESSAGE Could not resolve module: org.eclipse.ecf.provider.filetransfer.httpclient4 [135]
  Unresolved requirement: Import-Package: org.eclipse.core.runtime.jobs
    -> Export-Package: org.eclipse.core.runtime.jobs; bundle-version="3.7.0.v20150330-2103"; bundle-symbolic-name="org.eclipse.core.jobs"; version="0.0.0"
       org.eclipse.core.jobs [93]
         Unresolved requirement: Require-Capability: osgi.ee; filter:="(&(osgi.ee=JavaSE)(version=1.7))"


!ENTRY org.eclipse.pde.api.tools 2 0 2016-01-29 13:23:49.465
!MESSAGE Could not resolve module: org.eclipse.pde.api.tools [384]
  Unresolved requirement: Require-Bundle: org.eclipse.core.runtime; bundle-version="[3.11.0,4.0.0)"
    -> Bundle-SymbolicName: org.eclipse.core.runtime; bundle-version="3.11.1.v20150903-1804"; singleton:="true"
       org.eclipse.core.runtime [96]
         Unresolved requirement: Require-Bundle: org.eclipse.core.jobs; bundle-version="[3.2.0,4.0.0)"; visibility:="reexport"
           -> Bundle-SymbolicName: org.eclipse.core.jobs; bundle-version="3.7.0.v20150330-2103"; singleton:="true"
              org.eclipse.core.jobs [93]
                Unresolved requirement: Require-Capability: osgi.ee; filter:="(&(osgi.ee=JavaSE)(version=1.7))"


!ENTRY org.eclipse.e4.ui.css.swt 2 0 2016-01-29 13:23:49.465
!MESSAGE Could not resolve module: org.eclipse.e4.ui.css.swt [118]
  Unresolved requirement: Require-Bundle: org.eclipse.e4.ui.css.core; bundle-version="0.9.0"
    -> Bundle-SymbolicName: org.eclipse.e4.ui.css.core; bundle-version="0.11.0.v20150511-1937"; singleton:="true"
       org.eclipse.e4.ui.css.core [117]
         Unresolved requirement: Require-Bundle: org.eclipse.core.runtime; bundle-version="[3.6.0,4.0.0)"
           -> Bundle-SymbolicName: org.eclipse.core.runtime; bundle-version="3.11.1.v20150903-1804"; singleton:="true"
              org.eclipse.core.runtime [96]
                Unresolved requirement: Require-Bundle: org.eclipse.core.jobs; bundle-version="[3.2.0,4.0.0)"; visibility:="reexport"
                  -> Bundle-SymbolicName: org.eclipse.core.jobs; bundle-version="3.7.0.v20150330-2103"; singleton:="true"
                     org.eclipse.core.jobs [93]
                       Unresolved requirement: Require-Capability: osgi.ee; filter:="(&(osgi.ee=JavaSE)(version=1.7))"


!ENTRY org.eclipse.equinox.p2.publisher.eclipse 2 0 2016-01-29 13:23:49.466
!MESSAGE Could not resolve module: org.eclipse.equinox.p2.publisher.eclipse [192]
  Unresolved requirement: Import-Package: org.eclipse.equinox.internal.p2.artifact.repository
    -> Export-Package: org.eclipse.equinox.internal.p2.artifact.repository; bundle-version="1.1.400.v20150513-2116"; bundle-symbolic-name="org.eclipse.equinox.p2.artifact.repository"; version="0.0.0"; x-friends:="org.eclipse.equinox.p2.publisher,  org.eclipse.equinox.p2.reconciler.dropins,  org.eclipse.equinox.p2.ui,  org.eclipse.equinox.p2.directorywatcher,  org.eclipse.equinox.p2.repository.tools,  org.eclipse.equinox.p2.publisher.eclipse"
       org.eclipse.equinox.p2.artifact.repository [176]
         Unresolved requirement: Import-Package: org.eclipse.core.runtime.jobs
           -> Export-Package: org.eclipse.core.runtime.jobs; bundle-version="3.7.0.v20150330-2103"; bundle-symbolic-name="org.eclipse.core.jobs"; version="0.0.0"
              org.eclipse.core.jobs [93]
                Unresolved requirement: Require-Capability: osgi.ee; filter:="(&(osgi.ee=JavaSE)(version=1.7))"


!ENTRY org.eclipse.jdt.debug.ui 2 0 2016-01-29 13:23:49.467
!MESSAGE Could not resolve module: org.eclipse.jdt.debug.ui [229]
  Unresolved requirement: Require-Bundle: org.eclipse.ui.ide; bundle-version="[3.5.0,4.0.0)"
    -> Bundle-SymbolicName: org.eclipse.ui.ide; bundle-version="3.11.0.v20150825-2158"; singleton:="true"
       org.eclipse.ui.ide [463]
         Unresolved requirement: Require-Bundle: org.eclipse.core.runtime; bundle-version="[3.2.0,4.0.0)"
           -> Bundle-SymbolicName: org.eclipse.core.runtime; bundle-version="3.11.1.v20150903-1804"; singleton:="true"
              org.eclipse.core.runtime [96]
                Unresolved requirement: Require-Bundle: org.eclipse.core.jobs; bundle-version="[3.2.0,4.0.0)"; visibility:="reexport"
                  -> Bundle-SymbolicName: org.eclipse.core.jobs; bundle-version="3.7.0.v20150330-2103"; singleton:="true"
                     org.eclipse.core.jobs [93]
                       Unresolved requirement: Require-Capability: osgi.ee; filter:="(&(osgi.ee=JavaSE)(version=1.7))"
         Unresolved requirement: Require-Bundle: org.eclipse.core.resources; bundle-version="[3.7.0,4.0.0)"; resolution:="optional"
           -> Bundle-SymbolicName: org.eclipse.core.resources; bundle-version="3.10.1.v20150725-1910"; singleton:="true"
              org.eclipse.core.resources [95]
                Unresolved requirement: Require-Bundle: org.eclipse.ant.core; bundle-version="[3.1.0,4.0.0)"; resolution:="optional"
                  -> Bundle-SymbolicName: org.eclipse.ant.core; bundle-version="3.4.0.v20150428-1928"; singleton:="true"
                     org.eclipse.ant.core [73]
                       Unresolved requirement: Require-Bundle: org.eclipse.core.variables; bundle-version="[3.1.0,4.0.0)"
                         -> Bundle-SymbolicName: org.eclipse.core.variables; bundle-version="3.2.800.v20130819-1716"; singleton:="true"
                            org.eclipse.core.variables [99]
                              Unresolved requirement: Require-Bundle: org.eclipse.core.runtime; bundle-version="[3.3.0,4.0.0)"
                                -> Bundle-SymbolicName: org.eclipse.core.runtime; bundle-version="3.11.1.v20150903-1804"; singleton:="true"
                Unresolved requirement: Require-Bundle: org.eclipse.core.expressions; bundle-version="[3.2.0,4.0.0)"
                  -> Bundle-SymbolicName: org.eclipse.core.expressions; bundle-version="3.5.0.v20150421-2214"; singleton:="true"
                     org.eclipse.core.expressions [87]
                       Unresolved requirement: Require-Bundle: org.eclipse.core.runtime; bundle-version="[3.3.0,4.0.0)"
                         -> Bundle-SymbolicName: org.eclipse.core.runtime; bundle-version="3.11.1.v20150903-1804"; singleton:="true"


!ENTRY org.eclipse.swtbot.eclipse.finder 2 0 2016-01-29 13:23:49.469
!MESSAGE Could not resolve module: org.eclipse.swtbot.eclipse.finder [440]
  Unresolved requirement: Import-Package: org.eclipse.core.commands
    -> Export-Package: org.eclipse.core.commands; bundle-version="3.7.0.v20150422-0725"; bundle-symbolic-name="org.eclipse.core.commands"; version="0.0.0"
       org.eclipse.core.commands [81]
         Unresolved requirement: Require-Capability: osgi.ee; filter:="(&(osgi.ee=JavaSE)(version=1.7))"


!ENTRY org.eclipse.wst.internet.cache 2 0 2016-01-29 13:23:49.470
!MESSAGE Could not resolve module: org.eclipse.wst.internet.cache [513]
  Unresolved requirement: Require-Bundle: org.eclipse.ui; bundle-version="[3.4.0,4.0.0)"
    -> Bundle-SymbolicName: org.eclipse.ui; bundle-version="3.107.0.v20150507-1945"; singleton:="true"
       org.eclipse.ui [455]
         Unresolved requirement: Require-Bundle: org.eclipse.core.runtime; bundle-version="[3.2.0,4.0.0)"
           -> Bundle-SymbolicName: org.eclipse.core.runtime; bundle-version="3.11.1.v20150903-1804"; singleton:="true"
              org.eclipse.core.runtime [96]
                Unresolved requirement: Require-Bundle: org.eclipse.core.jobs; bundle-version="[3.2.0,4.0.0)"; visibility:="reexport"
                  -> Bundle-SymbolicName: org.eclipse.core.jobs; bundle-version="3.7.0.v20150330-2103"; singleton:="true"
                     org.eclipse.core.jobs [93]
                       Unresolved requirement: Require-Capability: osgi.ee; filter:="(&(osgi.ee=JavaSE)(version=1.7))"


!ENTRY org.eclipse.equinox.p2.touchpoint.eclipse 2 0 2016-01-29 13:23:49.470
!MESSAGE Could not resolve module: org.eclipse.equinox.p2.touchpoint.eclipse [196]
  Unresolved requirement: Import-Package: org.eclipse.equinox.internal.p2.engine
    -> Export-Package: org.eclipse.equinox.internal.p2.engine; bundle-version="2.4.0.v20150511-1532"; bundle-symbolic-name="org.eclipse.equinox.p2.engine"; version="0.0.0"; x-friends:="org.eclipse.equinox.p2.garbagecollector,  org.eclipse.equinox.p2.repository.tools,  org.eclipse.equinox.p2.touchpoint.eclipse,  org.eclipse.equinox.p2.touchpoint.natives,  org.eclipse.equinox.p2.ui.sdk.scheduler,  org.eclipse.pde.build,  org.eclipse.equinox.p2.director.app"
       org.eclipse.equinox.p2.engine [184]
         Unresolved requirement: Import-Package: org.eclipse.equinox.internal.p2.metadata.repository.io
           -> Export-Package: org.eclipse.equinox.internal.p2.metadata.repository.io; bundle-version="1.2.200.v20150428-1613"; bundle-symbolic-name="org.eclipse.equinox.p2.metadata.repository"; version="0.0.0"; x-friends:="org.eclipse.equinox.p2.engine"
              org.eclipse.equinox.p2.metadata.repository [189]
                Unresolved requirement: Import-Package: org.eclipse.equinox.internal.p2.persistence
                  -> Export-Package: org.eclipse.equinox.internal.p2.persistence; bundle-version="2.3.100.v20150428-1613"; bundle-symbolic-name="org.eclipse.equinox.p2.repository"; version="0.0.0"; x-friends:="org.eclipse.equinox.p2.artifact.repository,  org.eclipse.equinox.p2.engine,  org.eclipse.equinox.p2.metadata.repository,  org.eclipse.equinox.p2.ui.importexport,  org.eclipse.equinox.p2.repository.tools"
                     org.eclipse.equinox.p2.repository [194]
                       Unresolved requirement: Import-Package: org.eclipse.core.runtime.jobs
                         -> Export-Package: org.eclipse.core.runtime.jobs; bundle-version="3.7.0.v20150330-2103"; bundle-symbolic-name="org.eclipse.core.jobs"; version="0.0.0"
                            org.eclipse.core.jobs [93]
                              Unresolved requirement: Require-Capability: osgi.ee; filter:="(&(osgi.ee=JavaSE)(version=1.7))"


!ENTRY org.eclipse.ui.navigator 2 0 2016-01-29 13:23:49.471
!MESSAGE Could not resolve module: org.eclipse.ui.navigator [468]
  Unresolved requirement: Require-Bundle: org.eclipse.core.runtime; bundle-version="[3.6.0,4.0.0)"
    -> Bundle-SymbolicName: org.eclipse.core.runtime; bundle-version="3.11.1.v20150903-1804"; singleton:="true"
       org.eclipse.core.runtime [96]
         Unresolved requirement: Require-Bundle: org.eclipse.core.jobs; bundle-version="[3.2.0,4.0.0)"; visibility:="reexport"
           -> Bundle-SymbolicName: org.eclipse.core.jobs; bundle-version="3.7.0.v20150330-2103"; singleton:="true"
              org.eclipse.core.jobs [93]
                Unresolved requirement: Require-Capability: osgi.ee; filter:="(&(osgi.ee=JavaSE)(version=1.7))"


!ENTRY org.eclipse.wb.swt 2 0 2016-01-29 13:23:49.472
!MESSAGE Could not resolve module: org.eclipse.wb.swt [494]
  Unresolved requirement: Require-Bundle: org.eclipse.ui
    -> Bundle-SymbolicName: org.eclipse.ui; bundle-version="3.107.0.v20150507-1945"; singleton:="true"
       org.eclipse.ui [455]
         Unresolved requirement: Require-Bundle: org.eclipse.core.runtime; bundle-version="[3.2.0,4.0.0)"
           -> Bundle-SymbolicName: org.eclipse.core.runtime; bundle-version="3.11.1.v20150903-1804"; singleton:="true"
              org.eclipse.core.runtime [96]
                Unresolved requirement: Require-Bundle: org.eclipse.core.jobs; bundle-version="[3.2.0,4.0.0)"; visibility:="reexport"
                  -> Bundle-SymbolicName: org.eclipse.core.jobs; bundle-version="3.7.0.v20150330-2103"; singleton:="true"
                     org.eclipse.core.jobs [93]
                       Unresolved requirement: Require-Capability: osgi.ee; filter:="(&(osgi.ee=JavaSE)(version=1.7))"


!ENTRY org.eclipse.mylyn.wikitext.twiki.core 2 0 2016-01-29 13:23:49.472
!MESSAGE Could not resolve module: org.eclipse.mylyn.wikitext.twiki.core [347]
  Unresolved requirement: Require-Bundle: org.eclipse.mylyn.wikitext.core; bundle-version="2.0.0"
    -> Bundle-SymbolicName: org.eclipse.mylyn.wikitext.core; bundle-version="2.6.0.v20150901-2143"; singleton:="true"
       org.eclipse.mylyn.wikitext.core [333]
         Unresolved requirement: Require-Capability: osgi.ee; filter:="(&(osgi.ee=JavaSE)(version=1.7))"


!ENTRY org.eclipse.e4.tools.services 2 0 2016-01-29 13:23:49.473
!MESSAGE Could not resolve module: org.eclipse.e4.tools.services [115]
  Unresolved requirement: Require-Bundle: org.eclipse.e4.core.contexts; bundle-version="0.9.0"
    -> Bundle-SymbolicName: org.eclipse.e4.core.contexts; bundle-version="1.4.0.v20150828-0818"
       org.eclipse.e4.core.contexts [104]
         Unresolved requirement: Require-Bundle: org.eclipse.e4.core.di
           -> Bundle-SymbolicName: org.eclipse.e4.core.di; bundle-version="1.5.0.v20150421-2214"
              org.eclipse.e4.core.di [105]
                Unresolved requirement: Require-Bundle: org.eclipse.e4.core.di.annotations; bundle-version="[1.4.0,2.0.0)"; visibility:="reexport"
                  -> Bundle-SymbolicName: org.eclipse.e4.core.di.annotations; bundle-version="1.4.0.v20150528-1451"
                     org.eclipse.e4.core.di.annotations [106]
                       Unresolved requirement: Require-Capability: osgi.ee; filter:="(&(osgi.ee=JavaSE)(version=1.7))"


!ENTRY org.eclipse.mylyn.commons.notifications.core 2 0 2016-01-29 13:23:49.473
!MESSAGE Could not resolve module: org.eclipse.mylyn.commons.notifications.core [287]
  Unresolved requirement: Require-Bundle: org.eclipse.core.runtime
    -> Bundle-SymbolicName: org.eclipse.core.runtime; bundle-version="3.11.1.v20150903-1804"; singleton:="true"
       org.eclipse.core.runtime [96]
         Unresolved requirement: Require-Bundle: org.eclipse.core.jobs; bundle-version="[3.2.0,4.0.0)"; visibility:="reexport"
           -> Bundle-SymbolicName: org.eclipse.core.jobs; bundle-version="3.7.0.v20150330-2103"; singleton:="true"
              org.eclipse.core.jobs [93]
                Unresolved requirement: Require-Capability: osgi.ee; filter:="(&(osgi.ee=JavaSE)(version=1.7))"


!ENTRY org.eclipse.core.resources 2 0 2016-01-29 13:23:49.477
!MESSAGE Could not resolve module: org.eclipse.core.resources [95]
  Unresolved requirement: Require-Bundle: org.eclipse.ant.core; bundle-version="[3.1.0,4.0.0)"; resolution:="optional"
    -> Bundle-SymbolicName: org.eclipse.ant.core; bundle-version="3.4.0.v20150428-1928"; singleton:="true"
       org.eclipse.ant.core [73]
         Unresolved requirement: Require-Bundle: org.eclipse.core.variables; bundle-version="[3.1.0,4.0.0)"
           -> Bundle-SymbolicName: org.eclipse.core.variables; bundle-version="3.2.800.v20130819-1716"; singleton:="true"
              org.eclipse.core.variables [99]
                Unresolved requirement: Require-Bundle: org.eclipse.core.runtime; bundle-version="[3.3.0,4.0.0)"
                  -> Bundle-SymbolicName: org.eclipse.core.runtime; bundle-version="3.11.1.v20150903-1804"; singleton:="true"
                     org.eclipse.core.runtime [96]
                       Unresolved requirement: Require-Bundle: org.eclipse.core.jobs; bundle-version="[3.2.0,4.0.0)"; visibility:="reexport"
                         -> Bundle-SymbolicName: org.eclipse.core.jobs; bundle-version="3.7.0.v20150330-2103"; singleton:="true"
                            org.eclipse.core.jobs [93]
                              Unresolved requirement: Require-Capability: osgi.ee; filter:="(&(osgi.ee=JavaSE)(version=1.7))"
  Unresolved requirement: Require-Bundle: org.eclipse.core.expressions; bundle-version="[3.2.0,4.0.0)"
    -> Bundle-SymbolicName: org.eclipse.core.expressions; bundle-version="3.5.0.v20150421-2214"; singleton:="true"
       org.eclipse.core.expressions [87]
         Unresolved requirement: Require-Bundle: org.eclipse.core.runtime; bundle-version="[3.3.0,4.0.0)"
           -> Bundle-SymbolicName: org.eclipse.core.runtime; bundle-version="3.11.1.v20150903-1804"; singleton:="true"


!ENTRY org.eclipse.team.ui 2 0 2016-01-29 13:23:49.478
!MESSAGE Could not resolve module: org.eclipse.team.ui [453]
  Unresolved requirement: Require-Bundle: org.eclipse.ui.ide; bundle-version="[3.3.0,4.0.0)"; resolution:="optional"
    -> Bundle-SymbolicName: org.eclipse.ui.ide; bundle-version="3.11.0.v20150825-2158"; singleton:="true"
       org.eclipse.ui.ide [463]
         Unresolved requirement: Require-Bundle: org.eclipse.core.runtime; bundle-version="[3.2.0,4.0.0)"
           -> Bundle-SymbolicName: org.eclipse.core.runtime; bundle-version="3.11.1.v20150903-1804"; singleton:="true"
              org.eclipse.core.runtime [96]
                Unresolved requirement: Require-Bundle: org.eclipse.core.jobs; bundle-version="[3.2.0,4.0.0)"; visibility:="reexport"
                  -> Bundle-SymbolicName: org.eclipse.core.jobs; bundle-version="3.7.0.v20150330-2103"; singleton:="true"
                     org.eclipse.core.jobs [93]
                       Unresolved requirement: Require-Capability: osgi.ee; filter:="(&(osgi.ee=JavaSE)(version=1.7))"
         Unresolved requirement: Require-Bundle: org.eclipse.core.resources; bundle-version="[3.7.0,4.0.0)"; resolution:="optional"
           -> Bundle-SymbolicName: org.eclipse.core.resources; bundle-version="3.10.1.v20150725-1910"; singleton:="true"
              org.eclipse.core.resources [95]
                Unresolved requirement: Require-Bundle: org.eclipse.ant.core; bundle-version="[3.1.0,4.0.0)"; resolution:="optional"
                  -> Bundle-SymbolicName: org.eclipse.ant.core; bundle-version="3.4.0.v20150428-1928"; singleton:="true"
                     org.eclipse.ant.core [73]
                       Unresolved requirement: Require-Bundle: org.eclipse.core.variables; bundle-version="[3.1.0,4.0.0)"
                         -> Bundle-SymbolicName: org.eclipse.core.variables; bundle-version="3.2.800.v20130819-1716"; singleton:="true"
                            org.eclipse.core.variables [99]
                              Unresolved requirement: Require-Bundle: org.eclipse.core.runtime; bundle-version="[3.3.0,4.0.0)"
                                -> Bundle-SymbolicName: org.eclipse.core.runtime; bundle-version="3.11.1.v20150903-1804"; singleton:="true"
                Unresolved requirement: Require-Bundle: org.eclipse.core.expressions; bundle-version="[3.2.0,4.0.0)"
                  -> Bundle-SymbolicName: org.eclipse.core.expressions; bundle-version="3.5.0.v20150421-2214"; singleton:="true"
                     org.eclipse.core.expressions [87]
                       Unresolved requirement: Require-Bundle: org.eclipse.core.runtime; bundle-version="[3.3.0,4.0.0)"
                         -> Bundle-SymbolicName: org.eclipse.core.runtime; bundle-version="3.11.1.v20150903-1804"; singleton:="true"
  Unresolved requirement: Require-Bundle: org.eclipse.core.resources; bundle-version="[3.3.0,4.0.0)"
    -> Bundle-SymbolicName: org.eclipse.core.resources; bundle-version="3.10.1.v20150725-1910"; singleton:="true"


!ENTRY org.eclipse.core.runtime.compatibility 2 0 2016-01-29 13:23:49.479
!MESSAGE Could not resolve module: org.eclipse.core.runtime.compatibility [97]
  Unresolved requirement: Require-Bundle: org.eclipse.core.runtime; bundle-version="[3.2.0,4.0.0)"; visibility:="reexport"
    -> Bundle-SymbolicName: org.eclipse.core.runtime; bundle-version="3.11.1.v20150903-1804"; singleton:="true"
       org.eclipse.core.runtime [96]
         Unresolved requirement: Require-Bundle: org.eclipse.core.jobs; bundle-version="[3.2.0,4.0.0)"; visibility:="reexport"
           -> Bundle-SymbolicName: org.eclipse.core.jobs; bundle-version="3.7.0.v20150330-2103"; singleton:="true"
              org.eclipse.core.jobs [93]
                Unresolved requirement: Require-Capability: osgi.ee; filter:="(&(osgi.ee=JavaSE)(version=1.7))"


!ENTRY org.eclipse.wb.rcp.swing2swt 2 0 2016-01-29 13:23:49.480
!MESSAGE Could not resolve module: org.eclipse.wb.rcp.swing2swt [491]
  Unresolved requirement: Require-Bundle: org.eclipse.ui
    -> Bundle-SymbolicName: org.eclipse.ui; bundle-version="3.107.0.v20150507-1945"; singleton:="true"
       org.eclipse.ui [455]
         Unresolved requirement: Require-Bundle: org.eclipse.core.runtime; bundle-version="[3.2.0,4.0.0)"
           -> Bundle-SymbolicName: org.eclipse.core.runtime; bundle-version="3.11.1.v20150903-1804"; singleton:="true"
              org.eclipse.core.runtime [96]
                Unresolved requirement: Require-Bundle: org.eclipse.core.jobs; bundle-version="[3.2.0,4.0.0)"; visibility:="reexport"
                  -> Bundle-SymbolicName: org.eclipse.core.jobs; bundle-version="3.7.0.v20150330-2103"; singleton:="true"
                     org.eclipse.core.jobs [93]
                       Unresolved requirement: Require-Capability: osgi.ee; filter:="(&(osgi.ee=JavaSE)(version=1.7))"


!ENTRY org.eclipse.mylyn.discovery.core 2 0 2016-01-29 13:23:49.481
!MESSAGE Could not resolve module: org.eclipse.mylyn.discovery.core [301]
  Unresolved requirement: Require-Bundle: org.eclipse.core.runtime; bundle-version="3.3.0"
    -> Bundle-SymbolicName: org.eclipse.core.runtime; bundle-version="3.11.1.v20150903-1804"; singleton:="true"
       org.eclipse.core.runtime [96]
         Unresolved requirement: Require-Bundle: org.eclipse.core.jobs; bundle-version="[3.2.0,4.0.0)"; visibility:="reexport"
           -> Bundle-SymbolicName: org.eclipse.core.jobs; bundle-version="3.7.0.v20150330-2103"; singleton:="true"
              org.eclipse.core.jobs [93]
                Unresolved requirement: Require-Capability: osgi.ee; filter:="(&(osgi.ee=JavaSE)(version=1.7))"


!ENTRY org.eclipse.e4.ui.widgets 2 0 2016-01-29 13:23:49.482
!MESSAGE Could not resolve module: org.eclipse.e4.ui.widgets [124]
  Unresolved requirement: Require-Capability: osgi.ee; filter:="(&(osgi.ee=JavaSE)(version=1.7))"


!ENTRY org.eclipse.e4.tools.emf.editor3x 2 0 2016-01-29 13:23:49.482
!MESSAGE Could not resolve module: org.eclipse.e4.tools.emf.editor3x [112]
  Unresolved requirement: Require-Bundle: org.eclipse.ui; bundle-version="3.6.0"
    -> Bundle-SymbolicName: org.eclipse.ui; bundle-version="3.107.0.v20150507-1945"; singleton:="true"
       org.eclipse.ui [455]
         Unresolved requirement: Require-Bundle: org.eclipse.core.runtime; bundle-version="[3.2.0,4.0.0)"
           -> Bundle-SymbolicName: org.eclipse.core.runtime; bundle-version="3.11.1.v20150903-1804"; singleton:="true"
              org.eclipse.core.runtime [96]
                Unresolved requirement: Require-Bundle: org.eclipse.core.jobs; bundle-version="[3.2.0,4.0.0)"; visibility:="reexport"
                  -> Bundle-SymbolicName: org.eclipse.core.jobs; bundle-version="3.7.0.v20150330-2103"; singleton:="true"
                     org.eclipse.core.jobs [93]
                       Unresolved requirement: Require-Capability: osgi.ee; filter:="(&(osgi.ee=JavaSE)(version=1.7))"


!ENTRY org.eclipse.ecf.filetransfer 2 0 2016-01-29 13:23:49.483
!MESSAGE Could not resolve module: org.eclipse.ecf.filetransfer [132]
  Unresolved requirement: Import-Package: org.eclipse.core.runtime.jobs
    -> Export-Package: org.eclipse.core.runtime.jobs; bundle-version="3.7.0.v20150330-2103"; bundle-symbolic-name="org.eclipse.core.jobs"; version="0.0.0"
       org.eclipse.core.jobs [93]
         Unresolved requirement: Require-Capability: osgi.ee; filter:="(&(osgi.ee=JavaSE)(version=1.7))"


!ENTRY org.eclipse.mylyn.wikitext.core 2 0 2016-01-29 13:23:49.483
!MESSAGE Could not resolve module: org.eclipse.mylyn.wikitext.core [333]
  Unresolved requirement: Require-Capability: osgi.ee; filter:="(&(osgi.ee=JavaSE)(version=1.7))"


!ENTRY org.eclipse.ltk.core.refactoring 2 0 2016-01-29 13:23:49.483
!MESSAGE Could not resolve module: org.eclipse.ltk.core.refactoring [256]
  Unresolved requirement: Require-Bundle: org.eclipse.core.runtime; bundle-version="[3.5.0,4.0.0)"
    -> Bundle-SymbolicName: org.eclipse.core.runtime; bundle-version="3.11.1.v20150903-1804"; singleton:="true"
       org.eclipse.core.runtime [96]
         Unresolved requirement: Require-Bundle: org.eclipse.core.jobs; bundle-version="[3.2.0,4.0.0)"; visibility:="reexport"
           -> Bundle-SymbolicName: org.eclipse.core.jobs; bundle-version="3.7.0.v20150330-2103"; singleton:="true"
              org.eclipse.core.jobs [93]
                Unresolved requirement: Require-Capability: osgi.ee; filter:="(&(osgi.ee=JavaSE)(version=1.7))"


!ENTRY org.eclipse.m2e.maven.runtime.slf4j.simple 2 0 2016-01-29 13:23:49.484
!MESSAGE Could not resolve module: org.eclipse.m2e.maven.runtime.slf4j.simple [272]
  Unresolved requirement: Require-Capability: osgi.ee; filter:="(|(&(osgi.ee=JavaSE)(version=1.7))(&(osgi.ee=JavaSE)(version=1.8)))"


!ENTRY org.eclipse.jdt.ui 2 0 2016-01-29 13:23:49.484
!MESSAGE Could not resolve module: org.eclipse.jdt.ui [238]
  Unresolved requirement: Require-Bundle: org.eclipse.help; bundle-version="[3.4.0,4.0.0)"
    -> Bundle-SymbolicName: org.eclipse.help; bundle-version="3.6.0.v20130326-1254"; singleton:="true"
       org.eclipse.help [214]
         Unresolved requirement: Require-Bundle: org.eclipse.core.runtime; bundle-version="[3.6.0,4.0.0)"
           -> Bundle-SymbolicName: org.eclipse.core.runtime; bundle-version="3.11.1.v20150903-1804"; singleton:="true"
              org.eclipse.core.runtime [96]
                Unresolved requirement: Require-Bundle: org.eclipse.core.jobs; bundle-version="[3.2.0,4.0.0)"; visibility:="reexport"
                  -> Bundle-SymbolicName: org.eclipse.core.jobs; bundle-version="3.7.0.v20150330-2103"; singleton:="true"
                     org.eclipse.core.jobs [93]
                       Unresolved requirement: Require-Capability: osgi.ee; filter:="(&(osgi.ee=JavaSE)(version=1.7))"


!ENTRY org.eclipse.core.databinding.observable 2 0 2016-01-29 13:23:49.485
!MESSAGE Could not resolve module: org.eclipse.core.databinding.observable [85]
  Unresolved requirement: Require-Capability: osgi.ee; filter:="(&(osgi.ee=JavaSE)(version=1.7))"


!ENTRY org.eclipse.recommenders.utils 2 0 2016-01-29 13:23:49.489
!MESSAGE Could not resolve module: org.eclipse.recommenders.utils [433]
  Unresolved requirement: Require-Bundle: org.eclipse.core.runtime
    -> Bundle-SymbolicName: org.eclipse.core.runtime; bundle-version="3.11.1.v20150903-1804"; singleton:="true"
       org.eclipse.core.runtime [96]
         Unresolved requirement: Require-Bundle: org.eclipse.core.jobs; bundle-version="[3.2.0,4.0.0)"; visibility:="reexport"
           -> Bundle-SymbolicName: org.eclipse.core.jobs; bundle-version="3.7.0.v20150330-2103"; singleton:="true"
              org.eclipse.core.jobs [93]
                Unresolved requirement: Require-Capability: osgi.ee; filter:="(&(osgi.ee=JavaSE)(version=1.7))"


!ENTRY org.eclipse.wb.core 2 0 2016-01-29 13:23:49.490
!MESSAGE Could not resolve module: org.eclipse.wb.core [479]
  Unresolved requirement: Require-Bundle: org.eclipse.ui; visibility:="reexport"
    -> Bundle-SymbolicName: org.eclipse.ui; bundle-version="3.107.0.v20150507-1945"; singleton:="true"
       org.eclipse.ui [455]
         Unresolved requirement: Require-Bundle: org.eclipse.core.runtime; bundle-version="[3.2.0,4.0.0)"
           -> Bundle-SymbolicName: org.eclipse.core.runtime; bundle-version="3.11.1.v20150903-1804"; singleton:="true"
              org.eclipse.core.runtime [96]
                Unresolved requirement: Require-Bundle: org.eclipse.core.jobs; bundle-version="[3.2.0,4.0.0)"; visibility:="reexport"
                  -> Bundle-SymbolicName: org.eclipse.core.jobs; bundle-version="3.7.0.v20150330-2103"; singleton:="true"
                     org.eclipse.core.jobs [93]
                       Unresolved requirement: Require-Capability: osgi.ee; filter:="(&(osgi.ee=JavaSE)(version=1.7))"


!ENTRY org.eclipse.mylyn.bugzilla.ui 2 0 2016-01-29 13:23:49.491
!MESSAGE Could not resolve module: org.eclipse.mylyn.bugzilla.ui [281]
  Unresolved requirement: Require-Bundle: org.eclipse.ui
    -> Bundle-SymbolicName: org.eclipse.ui; bundle-version="3.107.0.v20150507-1945"; singleton:="true"
       org.eclipse.ui [455]
         Unresolved requirement: Require-Bundle: org.eclipse.core.runtime; bundle-version="[3.2.0,4.0.0)"
           -> Bundle-SymbolicName: org.eclipse.core.runtime; bundle-version="3.11.1.v20150903-1804"; singleton:="true"
              org.eclipse.core.runtime [96]
                Unresolved requirement: Require-Bundle: org.eclipse.core.jobs; bundle-version="[3.2.0,4.0.0)"; visibility:="reexport"
                  -> Bundle-SymbolicName: org.eclipse.core.jobs; bundle-version="3.7.0.v20150330-2103"; singleton:="true"
                     org.eclipse.core.jobs [93]
                       Unresolved requirement: Require-Capability: osgi.ee; filter:="(&(osgi.ee=JavaSE)(version=1.7))"


!ENTRY org.eclipse.ltk.ui.refactoring 2 0 2016-01-29 13:23:49.493
!MESSAGE Could not resolve module: org.eclipse.ltk.ui.refactoring [257]
  Unresolved requirement: Require-Bundle: org.eclipse.core.runtime; bundle-version="[3.5.0,4.0.0)"
    -> Bundle-SymbolicName: org.eclipse.core.runtime; bundle-version="3.11.1.v20150903-1804"; singleton:="true"
       org.eclipse.core.runtime [96]
         Unresolved requirement: Require-Bundle: org.eclipse.core.jobs; bundle-version="[3.2.0,4.0.0)"; visibility:="reexport"
           -> Bundle-SymbolicName: org.eclipse.core.jobs; bundle-version="3.7.0.v20150330-2103"; singleton:="true"
              org.eclipse.core.jobs [93]
                Unresolved requirement: Require-Capability: osgi.ee; filter:="(&(osgi.ee=JavaSE)(version=1.7))"


!ENTRY org.eclipse.recommenders.overrides.rcp 2 0 2016-01-29 13:23:49.494
!MESSAGE Could not resolve module: org.eclipse.recommenders.overrides.rcp [427]
  Unresolved requirement: Require-Bundle: org.eclipse.core.runtime
    -> Bundle-SymbolicName: org.eclipse.core.runtime; bundle-version="3.11.1.v20150903-1804"; singleton:="true"
       org.eclipse.core.runtime [96]
         Unresolved requirement: Require-Bundle: org.eclipse.core.jobs; bundle-version="[3.2.0,4.0.0)"; visibility:="reexport"
           -> Bundle-SymbolicName: org.eclipse.core.jobs; bundle-version="3.7.0.v20150330-2103"; singleton:="true"
              org.eclipse.core.jobs [93]
                Unresolved requirement: Require-Capability: osgi.ee; filter:="(&(osgi.ee=JavaSE)(version=1.7))"


!ENTRY org.eclipse.oomph.resources.edit 2 0 2016-01-29 13:23:49.495
!MESSAGE Could not resolve module: org.eclipse.oomph.resources.edit [365]
  Unresolved requirement: Require-Bundle: org.eclipse.core.runtime; bundle-version="[3.5.0,4.0.0)"
    -> Bundle-SymbolicName: org.eclipse.core.runtime; bundle-version="3.11.1.v20150903-1804"; singleton:="true"
       org.eclipse.core.runtime [96]
         Unresolved requirement: Require-Bundle: org.eclipse.core.jobs; bundle-version="[3.2.0,4.0.0)"; visibility:="reexport"
           -> Bundle-SymbolicName: org.eclipse.core.jobs; bundle-version="3.7.0.v20150330-2103"; singleton:="true"
              org.eclipse.core.jobs [93]
                Unresolved requirement: Require-Capability: osgi.ee; filter:="(&(osgi.ee=JavaSE)(version=1.7))"


!ENTRY org.eclipse.m2e.profiles.ui 2 0 2016-01-29 13:23:49.496
!MESSAGE Could not resolve module: org.eclipse.m2e.profiles.ui [275]
  Unresolved requirement: Require-Bundle: org.eclipse.ui
    -> Bundle-SymbolicName: org.eclipse.ui; bundle-version="3.107.0.v20150507-1945"; singleton:="true"
       org.eclipse.ui [455]
         Unresolved requirement: Require-Bundle: org.eclipse.core.runtime; bundle-version="[3.2.0,4.0.0)"
           -> Bundle-SymbolicName: org.eclipse.core.runtime; bundle-version="3.11.1.v20150903-1804"; singleton:="true"
              org.eclipse.core.runtime [96]
                Unresolved requirement: Require-Bundle: org.eclipse.core.jobs; bundle-version="[3.2.0,4.0.0)"; visibility:="reexport"
                  -> Bundle-SymbolicName: org.eclipse.core.jobs; bundle-version="3.7.0.v20150330-2103"; singleton:="true"
                     org.eclipse.core.jobs [93]
                       Unresolved requirement: Require-Capability: osgi.ee; filter:="(&(osgi.ee=JavaSE)(version=1.7))"


!ENTRY org.eclipse.swtbot.e4.finder 2 0 2016-01-29 13:23:49.497
!MESSAGE Could not resolve module: org.eclipse.swtbot.e4.finder [438]
  Unresolved requirement: Require-Bundle: org.eclipse.core.runtime; bundle-version="3.8.0"
    -> Bundle-SymbolicName: org.eclipse.core.runtime; bundle-version="3.11.1.v20150903-1804"; singleton:="true"
       org.eclipse.core.runtime [96]
         Unresolved requirement: Require-Bundle: org.eclipse.core.jobs; bundle-version="[3.2.0,4.0.0)"; visibility:="reexport"
           -> Bundle-SymbolicName: org.eclipse.core.jobs; bundle-version="3.7.0.v20150330-2103"; singleton:="true"
              org.eclipse.core.jobs [93]
                Unresolved requirement: Require-Capability: osgi.ee; filter:="(&(osgi.ee=JavaSE)(version=1.7))"


!ENTRY org.eclipse.mylyn.wikitext.twiki.ui 2 0 2016-01-29 13:23:49.498
!MESSAGE Could not resolve module: org.eclipse.mylyn.wikitext.twiki.ui [348]
  Unresolved requirement: Require-Bundle: org.eclipse.mylyn.wikitext.core; bundle-version="2.0.0"
    -> Bundle-SymbolicName: org.eclipse.mylyn.wikitext.core; bundle-version="2.6.0.v20150901-2143"; singleton:="true"
       org.eclipse.mylyn.wikitext.core [333]
         Unresolved requirement: Require-Capability: osgi.ee; filter:="(&(osgi.ee=JavaSE)(version=1.7))"


!ENTRY org.eclipse.jface 2 0 2016-01-29 13:23:49.499
!MESSAGE Could not resolve module: org.eclipse.jface [249]
  Unresolved requirement: Require-Bundle: org.eclipse.core.commands; bundle-version="[3.4.0,4.0.0)"; visibility:="reexport"
    -> Bundle-SymbolicName: org.eclipse.core.commands; bundle-version="3.7.0.v20150422-0725"
       org.eclipse.core.commands [81]
         Unresolved requirement: Require-Capability: osgi.ee; filter:="(&(osgi.ee=JavaSE)(version=1.7))"


!ENTRY org.eclipse.e4.ui.di 2 0 2016-01-29 13:23:49.500
!MESSAGE Could not resolve module: org.eclipse.e4.ui.di [120]
  Unresolved requirement: Require-Bundle: org.eclipse.e4.core.di; bundle-version="0.9.0"
    -> Bundle-SymbolicName: org.eclipse.e4.core.di; bundle-version="1.5.0.v20150421-2214"
       org.eclipse.e4.core.di [105]
         Unresolved requirement: Require-Bundle: org.eclipse.e4.core.di.annotations; bundle-version="[1.4.0,2.0.0)"; visibility:="reexport"
           -> Bundle-SymbolicName: org.eclipse.e4.core.di.annotations; bundle-version="1.4.0.v20150528-1451"
              org.eclipse.e4.core.di.annotations [106]
                Unresolved requirement: Require-Capability: osgi.ee; filter:="(&(osgi.ee=JavaSE)(version=1.7))"


!ENTRY org.eclipse.help 2 0 2016-01-29 13:23:49.500
!MESSAGE Could not resolve module: org.eclipse.help [214]
  Unresolved requirement: Require-Bundle: org.eclipse.core.runtime; bundle-version="[3.6.0,4.0.0)"
    -> Bundle-SymbolicName: org.eclipse.core.runtime; bundle-version="3.11.1.v20150903-1804"; singleton:="true"
       org.eclipse.core.runtime [96]
         Unresolved requirement: Require-Bundle: org.eclipse.core.jobs; bundle-version="[3.2.0,4.0.0)"; visibility:="reexport"
           -> Bundle-SymbolicName: org.eclipse.core.jobs; bundle-version="3.7.0.v20150330-2103"; singleton:="true"
              org.eclipse.core.jobs [93]
                Unresolved requirement: Require-Capability: osgi.ee; filter:="(&(osgi.ee=JavaSE)(version=1.7))"


!ENTRY org.eclipse.jdt.launching.ui.macosx 2 0 2016-01-29 13:23:49.507
!MESSAGE Could not resolve module: org.eclipse.jdt.launching.ui.macosx [237]
  Unresolved requirement: Require-Bundle: org.eclipse.jdt.launching; bundle-version="[3.5.0,4.0.0)"
    -> Bundle-SymbolicName: org.eclipse.jdt.launching; bundle-version="3.8.0.v20150527-0946"; singleton:="true"
       org.eclipse.jdt.launching [235]
         Unresolved requirement: Require-Bundle: org.eclipse.core.resources; bundle-version="[3.5.0,4.0.0)"
           -> Bundle-SymbolicName: org.eclipse.core.resources; bundle-version="3.10.1.v20150725-1910"; singleton:="true"
              org.eclipse.core.resources [95]
                Unresolved requirement: Require-Bundle: org.eclipse.ant.core; bundle-version="[3.1.0,4.0.0)"; resolution:="optional"
                  -> Bundle-SymbolicName: org.eclipse.ant.core; bundle-version="3.4.0.v20150428-1928"; singleton:="true"
                     org.eclipse.ant.core [73]
                       Unresolved requirement: Require-Bundle: org.eclipse.core.variables; bundle-version="[3.1.0,4.0.0)"
                         -> Bundle-SymbolicName: org.eclipse.core.variables; bundle-version="3.2.800.v20130819-1716"; singleton:="true"
                            org.eclipse.core.variables [99]
                              Unresolved requirement: Require-Bundle: org.eclipse.core.runtime; bundle-version="[3.3.0,4.0.0)"
                                -> Bundle-SymbolicName: org.eclipse.core.runtime; bundle-version="3.11.1.v20150903-1804"; singleton:="true"
                                   org.eclipse.core.runtime [96]
                                     Unresolved requirement: Require-Bundle: org.eclipse.core.jobs; bundle-version="[3.2.0,4.0.0)"; visibility:="reexport"
                                       -> Bundle-SymbolicName: org.eclipse.core.jobs; bundle-version="3.7.0.v20150330-2103"; singleton:="true"
                                          org.eclipse.core.jobs [93]
                                            Unresolved requirement: Require-Capability: osgi.ee; filter:="(&(osgi.ee=JavaSE)(version=1.7))"
                Unresolved requirement: Require-Bundle: org.eclipse.core.expressions; bundle-version="[3.2.0,4.0.0)"
                  -> Bundle-SymbolicName: org.eclipse.core.expressions; bundle-version="3.5.0.v20150421-2214"; singleton:="true"
                     org.eclipse.core.expressions [87]
                       Unresolved requirement: Require-Bundle: org.eclipse.core.runtime; bundle-version="[3.3.0,4.0.0)"
                         -> Bundle-SymbolicName: org.eclipse.core.runtime; bundle-version="3.11.1.v20150903-1804"; singleton:="true"


!ENTRY org.eclipse.pde.doc.user 2 0 2016-01-29 13:23:49.508
!MESSAGE Could not resolve module: org.eclipse.pde.doc.user [389]
  Unresolved requirement: Require-Bundle: org.eclipse.help; bundle-version="[3.2.0,4.0.0)"
    -> Bundle-SymbolicName: org.eclipse.help; bundle-version="3.6.0.v20130326-1254"; singleton:="true"
       org.eclipse.help [214]
         Unresolved requirement: Require-Bundle: org.eclipse.core.runtime; bundle-version="[3.6.0,4.0.0)"
           -> Bundle-SymbolicName: org.eclipse.core.runtime; bundle-version="3.11.1.v20150903-1804"; singleton:="true"
              org.eclipse.core.runtime [96]
                Unresolved requirement: Require-Bundle: org.eclipse.core.jobs; bundle-version="[3.2.0,4.0.0)"; visibility:="reexport"
                  -> Bundle-SymbolicName: org.eclipse.core.jobs; bundle-version="3.7.0.v20150330-2103"; singleton:="true"
                     org.eclipse.core.jobs [93]
                       Unresolved requirement: Require-Capability: osgi.ee; filter:="(&(osgi.ee=JavaSE)(version=1.7))"


!ENTRY org.eclipse.osgi 4 0 2016-01-29 13:23:49.511
!MESSAGE Application error
!STACK 1
java.lang.IllegalStateException: Unable to acquire application service. Ensure that the org.eclipse.core.runtime bundle is resolved and started (see config.ini).
	at org.eclipse.core.runtime.internal.adaptor.EclipseAppLauncher.start(EclipseAppLauncher.java:78)
	at org.eclipse.core.runtime.adaptor.EclipseStarter.run(EclipseStarter.java:380)
	at org.eclipse.core.runtime.adaptor.EclipseStarter.run(EclipseStarter.java:235)
	at sun.reflect.NativeMethodAccessorImpl.invoke0(Native Method)
	at sun.reflect.NativeMethodAccessorImpl.invoke(NativeMethodAccessorImpl.java:39)
	at sun.reflect.DelegatingMethodAccessorImpl.invoke(DelegatingMethodAccessorImpl.java:25)
	at java.lang.reflect.Method.invoke(Method.java:597)
	at org.eclipse.equinox.launcher.Main.invokeFramework(Main.java:669)
	at org.eclipse.equinox.launcher.Main.basicRun(Main.java:608)
	at org.eclipse.equinox.launcher.Main.run(Main.java:1515)
	at org.eclipse.equinox.launcher.Main.main(Main.java:1488)
