!SESSION 2016-01-31 23:15:34.103 -----------------------------------------------
eclipse.buildId=4.5.1.M20150904-0015
java.version=1.6.0_65
java.vendor=Apple Inc.
BootLoader constants: OS=macosx, ARCH=x86_64, WS=cocoa, NL=en_US
Framework arguments:  -product org.eclipse.platform.ide
Command-line arguments:  -product org.eclipse.platform.ide -data /Users/dennis/Work/github/amzi/source/eclipse/amzi-ide/workspace/../runtime-EclipseApplication(1) -dev file:/Users/dennis/Work/github/amzi/source/eclipse/amzi-ide/workspace/.metadata/.plugins/org.eclipse.pde.core/Eclipse Application (1)/dev.properties -os macosx -ws cocoa -arch x86_64 -consoleLog

This is a continuation of log file /Users/dennis/Work/github/amzi/source/eclipse/amzi-ide/workspace/.metadata/.plugins/org.eclipse.pde.core/Eclipse Application (1)/1454300134447.bak_0.log
Created Time: 2016-01-31 23:15:37.088

!ENTRY org.eclipse.equinox.http.jetty 2 0 2016-01-31 23:15:37.088
!MESSAGE Could not resolve module: org.eclipse.equinox.http.jetty [169]
  Unresolved requirement: Import-Package: org.eclipse.jetty.http; version="[9.0.0,10.0.0)"
    -> Export-Package: org.eclipse.jetty.http; bundle-version="9.2.13.v20150730"; bundle-symbolic-name="org.eclipse.jetty.http"; version="9.2.13"; uses:="org.eclipse.jetty.util,org.eclipse.jetty.util.resource,org.eclipse.jetty.util.log"
       org.eclipse.jetty.http [241]
         Unresolved requirement: Import-Package: org.eclipse.jetty.util; version="[9.2.0,10.0.0)"
           -> Export-Package: org.eclipse.jetty.util; bundle-version="9.2.13.v20150730"; bundle-symbolic-name="org.eclipse.jetty.util"; version="9.2.13"; uses:="org.eclipse.jetty.util.thread,org.eclipse.jetty.util.log,org.eclipse.jetty.util.resource,org.eclipse.jetty.util.component,javax.servlet,javax.servlet.http,org.eclipse.jetty.util.annotation"
              org.eclipse.jetty.util [246]
                Unresolved requirement: Require-Capability: osgi.ee; filter:="(&(osgi.ee=JavaSE)(version=1.7))"
                Unresolved requirement: Import-Package: javax.servlet; version="[2.6.0,3.2.0)"
                  -> Export-Package: javax.servlet; bundle-version="3.1.0.v201410161800"; bundle-symbolic-name="javax.servlet"; version="3.1.0"; uses:="javax.servlet.descriptor,javax.servlet.annotation"
                     javax.servlet [32]
                       Unresolved requirement: Require-Capability: osgi.ee; filter:="(&(osgi.ee=JavaSE)(version=1.7))"
                Unresolved requirement: Import-Package: javax.servlet.http; version="[2.6.0,3.2.0)"
                  -> Export-Package: javax.servlet.http; bundle-version="3.1.0.v201410161800"; bundle-symbolic-name="javax.servlet"; version="3.1.0"; uses:="javax.servlet"
  Unresolved requirement: Import-Package: javax.servlet.http; version="[2.6.0,4.0.0)"
    -> Export-Package: javax.servlet.http; bundle-version="3.1.0.v201410161800"; bundle-symbolic-name="javax.servlet"; version="3.1.0"; uses:="javax.servlet"
  Unresolved requirement: Import-Package: javax.servlet; version="[2.6.0,4.0.0)"
    -> Export-Package: javax.servlet; bundle-version="3.1.0.v201410161800"; bundle-symbolic-name="javax.servlet"; version="3.1.0"; uses:="javax.servlet.descriptor,javax.servlet.annotation"


!ENTRY org.eclipse.epp.mpc.help.ui 2 0 2016-01-31 23:15:37.089
!MESSAGE Could not resolve module: org.eclipse.epp.mpc.help.ui [157]
  Unresolved requirement: Require-Bundle: org.eclipse.help; bundle-version="3.5.0"
    -> Bundle-SymbolicName: org.eclipse.help; bundle-version="3.6.0.v20130326-1254"; singleton:="true"
       org.eclipse.help [214]
         Unresolved requirement: Require-Bundle: org.eclipse.core.runtime; bundle-version="[3.6.0,4.0.0)"
           -> Bundle-SymbolicName: org.eclipse.core.runtime; bundle-version="3.11.1.v20150903-1804"; singleton:="true"
              org.eclipse.core.runtime [96]
                Unresolved requirement: Require-Bundle: org.eclipse.core.jobs; bundle-version="[3.2.0,4.0.0)"; visibility:="reexport"
                  -> Bundle-SymbolicName: org.eclipse.core.jobs; bundle-version="3.7.0.v20150330-2103"; singleton:="true"
                     org.eclipse.core.jobs [93]
                       Unresolved requirement: Require-Capability: osgi.ee; filter:="(&(osgi.ee=JavaSE)(version=1.7))"


!ENTRY org.eclipse.mylyn.commons.repositories.core 2 0 2016-01-31 23:15:37.089
!MESSAGE Could not resolve module: org.eclipse.mylyn.commons.repositories.core [290]
  Unresolved requirement: Require-Bundle: org.eclipse.core.runtime
    -> Bundle-SymbolicName: org.eclipse.core.runtime; bundle-version="3.11.1.v20150903-1804"; singleton:="true"
       org.eclipse.core.runtime [96]
         Unresolved requirement: Require-Bundle: org.eclipse.core.jobs; bundle-version="[3.2.0,4.0.0)"; visibility:="reexport"
           -> Bundle-SymbolicName: org.eclipse.core.jobs; bundle-version="3.7.0.v20150330-2103"; singleton:="true"
              org.eclipse.core.jobs [93]
                Unresolved requirement: Require-Capability: osgi.ee; filter:="(&(osgi.ee=JavaSE)(version=1.7))"


!ENTRY org.eclipse.mylyn.bugzilla.ui 2 0 2016-01-31 23:15:37.090
!MESSAGE Could not resolve module: org.eclipse.mylyn.bugzilla.ui [281]
  Unresolved requirement: Require-Bundle: org.eclipse.ui
    -> Bundle-SymbolicName: org.eclipse.ui; bundle-version="3.107.0.v20150507-1945"; singleton:="true"
       org.eclipse.ui [455]
         Unresolved requirement: Require-Bundle: org.eclipse.core.runtime; bundle-version="[3.2.0,4.0.0)"
           -> Bundle-SymbolicName: org.eclipse.core.runtime; bundle-version="3.11.1.v20150903-1804"; singleton:="true"
              org.eclipse.core.runtime [96]
                Unresolved requirement: Require-Bundle: org.eclipse.core.jobs; bundle-version="[3.2.0,4.0.0)"; visibility:="reexport"
                  -> Bundle-SymbolicName: org.eclipse.core.jobs; bundle-version="3.7.0.v20150330-2103"; singleton:="true"
                     org.eclipse.core.jobs [93]
                       Unresolved requirement: Require-Capability: osgi.ee; filter:="(&(osgi.ee=JavaSE)(version=1.7))"


!ENTRY org.eclipse.oomph.setup.core 2 0 2016-01-31 23:15:37.090
!MESSAGE Could not resolve module: org.eclipse.oomph.setup.core [367]
  Unresolved requirement: Require-Bundle: org.eclipse.core.runtime; bundle-version="[3.5.0,4.0.0)"
    -> Bundle-SymbolicName: org.eclipse.core.runtime; bundle-version="3.11.1.v20150903-1804"; singleton:="true"
       org.eclipse.core.runtime [96]
         Unresolved requirement: Require-Bundle: org.eclipse.core.jobs; bundle-version="[3.2.0,4.0.0)"; visibility:="reexport"
           -> Bundle-SymbolicName: org.eclipse.core.jobs; bundle-version="3.7.0.v20150330-2103"; singleton:="true"
              org.eclipse.core.jobs [93]
                Unresolved requirement: Require-Capability: osgi.ee; filter:="(&(osgi.ee=JavaSE)(version=1.7))"


!ENTRY org.eclipse.equinox.p2.touchpoint.eclipse 2 0 2016-01-31 23:15:37.090
!MESSAGE Could not resolve module: org.eclipse.equinox.p2.touchpoint.eclipse [196]
  Unresolved requirement: Import-Package: org.eclipse.equinox.internal.p2.engine
    -> Export-Package: org.eclipse.equinox.internal.p2.engine; bundle-version="2.4.0.v20150511-1532"; bundle-symbolic-name="org.eclipse.equinox.p2.engine"; version="0.0.0"; x-friends:="org.eclipse.equinox.p2.garbagecollector,  org.eclipse.equinox.p2.repository.tools,  org.eclipse.equinox.p2.touchpoint.eclipse,  org.eclipse.equinox.p2.touchpoint.natives,  org.eclipse.equinox.p2.ui.sdk.scheduler,  org.eclipse.pde.build,  org.eclipse.equinox.p2.director.app"
       org.eclipse.equinox.p2.engine [184]
         Unresolved requirement: Import-Package: org.eclipse.equinox.internal.p2.metadata.repository.io
           -> Export-Package: org.eclipse.equinox.internal.p2.metadata.repository.io; bundle-version="1.2.200.v20150428-1613"; bundle-symbolic-name="org.eclipse.equinox.p2.metadata.repository"; version="0.0.0"; x-friends:="org.eclipse.equinox.p2.engine"
              org.eclipse.equinox.p2.metadata.repository [189]
                Unresolved requirement: Import-Package: org.eclipse.equinox.internal.p2.persistence
                  -> Export-Package: org.eclipse.equinox.internal.p2.persistence; bundle-version="2.3.100.v20150428-1613"; bundle-symbolic-name="org.eclipse.equinox.p2.repository"; version="0.0.0"; x-friends:="org.eclipse.equinox.p2.artifact.repository,  org.eclipse.equinox.p2.engine,  org.eclipse.equinox.p2.metadata.repository,  org.eclipse.equinox.p2.ui.importexport,  org.eclipse.equinox.p2.repository.tools"
                     org.eclipse.equinox.p2.repository [194]
                       Unresolved requirement: Import-Package: org.eclipse.core.runtime.jobs
                         -> Export-Package: org.eclipse.core.runtime.jobs; bundle-version="3.7.0.v20150330-2103"; bundle-symbolic-name="org.eclipse.core.jobs"; version="0.0.0"
                            org.eclipse.core.jobs [93]
                              Unresolved requirement: Require-Capability: osgi.ee; filter:="(&(osgi.ee=JavaSE)(version=1.7))"


!ENTRY org.eclipse.recommenders.models.rcp 2 0 2016-01-31 23:15:37.091
!MESSAGE Could not resolve module: org.eclipse.recommenders.models.rcp [423]
  Unresolved requirement: Require-Bundle: org.eclipse.core.databinding
    -> Bundle-SymbolicName: org.eclipse.core.databinding; bundle-version="1.5.0.v20150422-0725"
       org.eclipse.core.databinding [83]
         Unresolved requirement: Require-Bundle: org.eclipse.core.databinding.observable; bundle-version="[1.3.0,2.0.0)"; visibility:="reexport"
           -> Bundle-SymbolicName: org.eclipse.core.databinding.observable; bundle-version="1.5.0.v20150422-0725"
              org.eclipse.core.databinding.observable [85]
                Unresolved requirement: Require-Capability: osgi.ee; filter:="(&(osgi.ee=JavaSE)(version=1.7))"


!ENTRY org.eclipse.equinox.p2.console 2 0 2016-01-31 23:15:37.091
!MESSAGE Could not resolve module: org.eclipse.equinox.p2.console [177]
  Unresolved requirement: Import-Package: org.eclipse.equinox.internal.provisional.p2.director
    -> Export-Package: org.eclipse.equinox.internal.provisional.p2.director; bundle-version="2.3.200.v20150423-1455"; bundle-symbolic-name="org.eclipse.equinox.p2.director"; version="0.0.0"; x-friends:="org.eclipse.equinox.p2.console,  org.eclipse.equinox.p2.director.app,  org.eclipse.equinox.p2.operations,  org.eclipse.equinox.p2.ui.admin,  org.eclipse.equinox.p2.installer"
       org.eclipse.equinox.p2.director [179]
         Unresolved requirement: Import-Package: org.eclipse.equinox.p2.engine; version="[2.0.0,3.0.0)"
           -> Export-Package: org.eclipse.equinox.p2.engine; bundle-version="2.4.0.v20150511-1532"; bundle-symbolic-name="org.eclipse.equinox.p2.engine"; version="2.2.0"
              org.eclipse.equinox.p2.engine [184]
                Unresolved requirement: Import-Package: org.eclipse.equinox.internal.p2.metadata.repository.io
                  -> Export-Package: org.eclipse.equinox.internal.p2.metadata.repository.io; bundle-version="1.2.200.v20150428-1613"; bundle-symbolic-name="org.eclipse.equinox.p2.metadata.repository"; version="0.0.0"; x-friends:="org.eclipse.equinox.p2.engine"
                     org.eclipse.equinox.p2.metadata.repository [189]
                       Unresolved requirement: Import-Package: org.eclipse.equinox.internal.p2.persistence
                         -> Export-Package: org.eclipse.equinox.internal.p2.persistence; bundle-version="2.3.100.v20150428-1613"; bundle-symbolic-name="org.eclipse.equinox.p2.repository"; version="0.0.0"; x-friends:="org.eclipse.equinox.p2.artifact.repository,  org.eclipse.equinox.p2.engine,  org.eclipse.equinox.p2.metadata.repository,  org.eclipse.equinox.p2.ui.importexport,  org.eclipse.equinox.p2.repository.tools"
                            org.eclipse.equinox.p2.repository [194]
                              Unresolved requirement: Import-Package: org.eclipse.core.runtime.jobs
                                -> Export-Package: org.eclipse.core.runtime.jobs; bundle-version="3.7.0.v20150330-2103"; bundle-symbolic-name="org.eclipse.core.jobs"; version="0.0.0"
                                   org.eclipse.core.jobs [93]
                                     Unresolved requirement: Require-Capability: osgi.ee; filter:="(&(osgi.ee=JavaSE)(version=1.7))"


!ENTRY org.eclipse.jdt.launching.macosx 2 0 2016-01-31 23:15:37.091
!MESSAGE Could not resolve module: org.eclipse.jdt.launching.macosx [236]
  Unresolved requirement: Require-Bundle: org.eclipse.debug.core; bundle-version="[3.5.0,4.0.0)"
    -> Bundle-SymbolicName: org.eclipse.debug.core; bundle-version="3.10.0.v20150303-1130"; singleton:="true"
       org.eclipse.debug.core [100]
         Unresolved requirement: Require-Bundle: org.eclipse.core.resources; bundle-version="[3.9.0,4.0.0)"; visibility:="reexport"
           -> Bundle-SymbolicName: org.eclipse.core.resources; bundle-version="3.10.1.v20150725-1910"; singleton:="true"
              org.eclipse.core.resources [95]
                Unresolved requirement: Require-Bundle: org.eclipse.core.expressions; bundle-version="[3.2.0,4.0.0)"
                  -> Bundle-SymbolicName: org.eclipse.core.expressions; bundle-version="3.5.0.v20150421-2214"; singleton:="true"
                     org.eclipse.core.expressions [87]
                       Unresolved requirement: Require-Bundle: org.eclipse.core.runtime; bundle-version="[3.3.0,4.0.0)"
                         -> Bundle-SymbolicName: org.eclipse.core.runtime; bundle-version="3.11.1.v20150903-1804"; singleton:="true"
                            org.eclipse.core.runtime [96]
                              Unresolved requirement: Require-Bundle: org.eclipse.core.jobs; bundle-version="[3.2.0,4.0.0)"; visibility:="reexport"
                                -> Bundle-SymbolicName: org.eclipse.core.jobs; bundle-version="3.7.0.v20150330-2103"; singleton:="true"
                                   org.eclipse.core.jobs [93]
                                     Unresolved requirement: Require-Capability: osgi.ee; filter:="(&(osgi.ee=JavaSE)(version=1.7))"
                Unresolved requirement: Require-Bundle: org.eclipse.ant.core; bundle-version="[3.1.0,4.0.0)"; resolution:="optional"
                  -> Bundle-SymbolicName: org.eclipse.ant.core; bundle-version="3.4.0.v20150428-1928"; singleton:="true"
                     org.eclipse.ant.core [73]
                       Unresolved requirement: Require-Bundle: org.eclipse.core.variables; bundle-version="[3.1.0,4.0.0)"
                         -> Bundle-SymbolicName: org.eclipse.core.variables; bundle-version="3.2.800.v20130819-1716"; singleton:="true"
                            org.eclipse.core.variables [99]
                              Unresolved requirement: Require-Bundle: org.eclipse.core.runtime; bundle-version="[3.3.0,4.0.0)"
                                -> Bundle-SymbolicName: org.eclipse.core.runtime; bundle-version="3.11.1.v20150903-1804"; singleton:="true"


!ENTRY org.eclipse.m2e.logback.appender 2 0 2016-01-31 23:15:37.092
!MESSAGE Could not resolve module: org.eclipse.m2e.logback.appender [268]
  Unresolved requirement: Require-Bundle: org.eclipse.core.runtime
    -> Bundle-SymbolicName: org.eclipse.core.runtime; bundle-version="3.11.1.v20150903-1804"; singleton:="true"
       org.eclipse.core.runtime [96]
         Unresolved requirement: Require-Bundle: org.eclipse.core.jobs; bundle-version="[3.2.0,4.0.0)"; visibility:="reexport"
           -> Bundle-SymbolicName: org.eclipse.core.jobs; bundle-version="3.7.0.v20150330-2103"; singleton:="true"
              org.eclipse.core.jobs [93]
                Unresolved requirement: Require-Capability: osgi.ee; filter:="(&(osgi.ee=JavaSE)(version=1.7))"


!ENTRY org.eclipse.wb.core 2 0 2016-01-31 23:15:37.092
!MESSAGE Could not resolve module: org.eclipse.wb.core [479]
  Unresolved requirement: Require-Bundle: org.eclipse.ui; visibility:="reexport"
    -> Bundle-SymbolicName: org.eclipse.ui; bundle-version="3.107.0.v20150507-1945"; singleton:="true"
       org.eclipse.ui [455]
         Unresolved requirement: Require-Bundle: org.eclipse.core.runtime; bundle-version="[3.2.0,4.0.0)"
           -> Bundle-SymbolicName: org.eclipse.core.runtime; bundle-version="3.11.1.v20150903-1804"; singleton:="true"
              org.eclipse.core.runtime [96]
                Unresolved requirement: Require-Bundle: org.eclipse.core.jobs; bundle-version="[3.2.0,4.0.0)"; visibility:="reexport"
                  -> Bundle-SymbolicName: org.eclipse.core.jobs; bundle-version="3.7.0.v20150330-2103"; singleton:="true"
                     org.eclipse.core.jobs [93]
                       Unresolved requirement: Require-Capability: osgi.ee; filter:="(&(osgi.ee=JavaSE)(version=1.7))"


!ENTRY org.eclipse.jetty.continuation 2 0 2016-01-31 23:15:37.092
!MESSAGE Could not resolve module: org.eclipse.jetty.continuation [240]
  Unresolved requirement: Import-Package: javax.servlet; version="[3.1.0,4.0.0)"
    -> Export-Package: javax.servlet; bundle-version="3.1.0.v201410161800"; bundle-symbolic-name="javax.servlet"; version="3.1.0"; uses:="javax.servlet.descriptor,javax.servlet.annotation"
       javax.servlet [32]
         Unresolved requirement: Require-Capability: osgi.ee; filter:="(&(osgi.ee=JavaSE)(version=1.7))"


!ENTRY org.eclipse.core.commands 2 0 2016-01-31 23:15:37.092
!MESSAGE Could not resolve module: org.eclipse.core.commands [81]
  Unresolved requirement: Require-Capability: osgi.ee; filter:="(&(osgi.ee=JavaSE)(version=1.7))"


!ENTRY org.eclipse.wst.dtd.core 2 0 2016-01-31 23:15:37.094
!MESSAGE Could not resolve module: org.eclipse.wst.dtd.core [509]
  Unresolved requirement: Require-Bundle: org.eclipse.core.resources; bundle-version="[3.4.0,4.0.0)"
    -> Bundle-SymbolicName: org.eclipse.core.resources; bundle-version="3.10.1.v20150725-1910"; singleton:="true"
       org.eclipse.core.resources [95]
         Unresolved requirement: Require-Bundle: org.eclipse.core.expressions; bundle-version="[3.2.0,4.0.0)"
           -> Bundle-SymbolicName: org.eclipse.core.expressions; bundle-version="3.5.0.v20150421-2214"; singleton:="true"
              org.eclipse.core.expressions [87]
                Unresolved requirement: Require-Bundle: org.eclipse.core.runtime; bundle-version="[3.3.0,4.0.0)"
                  -> Bundle-SymbolicName: org.eclipse.core.runtime; bundle-version="3.11.1.v20150903-1804"; singleton:="true"
                     org.eclipse.core.runtime [96]
                       Unresolved requirement: Require-Bundle: org.eclipse.core.jobs; bundle-version="[3.2.0,4.0.0)"; visibility:="reexport"
                         -> Bundle-SymbolicName: org.eclipse.core.jobs; bundle-version="3.7.0.v20150330-2103"; singleton:="true"
                            org.eclipse.core.jobs [93]
                              Unresolved requirement: Require-Capability: osgi.ee; filter:="(&(osgi.ee=JavaSE)(version=1.7))"
         Unresolved requirement: Require-Bundle: org.eclipse.ant.core; bundle-version="[3.1.0,4.0.0)"; resolution:="optional"
           -> Bundle-SymbolicName: org.eclipse.ant.core; bundle-version="3.4.0.v20150428-1928"; singleton:="true"
              org.eclipse.ant.core [73]
                Unresolved requirement: Require-Bundle: org.eclipse.core.variables; bundle-version="[3.1.0,4.0.0)"
                  -> Bundle-SymbolicName: org.eclipse.core.variables; bundle-version="3.2.800.v20130819-1716"; singleton:="true"
                     org.eclipse.core.variables [99]
                       Unresolved requirement: Require-Bundle: org.eclipse.core.runtime; bundle-version="[3.3.0,4.0.0)"
                         -> Bundle-SymbolicName: org.eclipse.core.runtime; bundle-version="3.11.1.v20150903-1804"; singleton:="true"


!ENTRY org.eclipse.pde.junit.runtime 2 0 2016-01-31 23:15:37.095
!MESSAGE Could not resolve module: org.eclipse.pde.junit.runtime [392]
  Unresolved requirement: Import-Package: org.eclipse.ui.testing; resolution:="optional"
    -> Export-Package: org.eclipse.ui.testing; bundle-version="0.13.0.v20150422-0725"; bundle-symbolic-name="org.eclipse.e4.ui.workbench3"; version="0.0.0"
       org.eclipse.e4.ui.workbench3 [130]
         Unresolved requirement: Require-Capability: osgi.ee; filter:="(&(osgi.ee=JavaSE)(version=1.7))"
  Unresolved requirement: Require-Bundle: org.eclipse.core.runtime; bundle-version="[3.11.0,4.0.0)"
    -> Bundle-SymbolicName: org.eclipse.core.runtime; bundle-version="3.11.1.v20150903-1804"; singleton:="true"
       org.eclipse.core.runtime [96]
         Unresolved requirement: Require-Bundle: org.eclipse.core.jobs; bundle-version="[3.2.0,4.0.0)"; visibility:="reexport"
           -> Bundle-SymbolicName: org.eclipse.core.jobs; bundle-version="3.7.0.v20150330-2103"; singleton:="true"
              org.eclipse.core.jobs [93]
                Unresolved requirement: Require-Capability: osgi.ee; filter:="(&(osgi.ee=JavaSE)(version=1.7))"


!ENTRY org.eclipse.epp.package.rcp 2 0 2016-01-31 23:15:37.096
!MESSAGE Could not resolve module: org.eclipse.epp.package.rcp [159]
  Unresolved requirement: Require-Bundle: org.eclipse.platform
    -> Bundle-SymbolicName: org.eclipse.platform; bundle-version="4.5.1.v20150904-0015"; singleton:="true"
       org.eclipse.platform [399]
         Unresolved requirement: Require-Bundle: org.eclipse.ui.intro; bundle-version="[3.2.0,4.0.0)"
           -> Bundle-SymbolicName: org.eclipse.ui.intro; bundle-version="3.4.300.v20141007-1449"; singleton:="true"
              org.eclipse.ui.intro [465]
                Unresolved requirement: Require-Bundle: org.eclipse.core.runtime; bundle-version="[3.6.0,4.0.0)"
                  -> Bundle-SymbolicName: org.eclipse.core.runtime; bundle-version="3.11.1.v20150903-1804"; singleton:="true"
                     org.eclipse.core.runtime [96]
                       Unresolved requirement: Require-Bundle: org.eclipse.core.jobs; bundle-version="[3.2.0,4.0.0)"; visibility:="reexport"
                         -> Bundle-SymbolicName: org.eclipse.core.jobs; bundle-version="3.7.0.v20150330-2103"; singleton:="true"
                            org.eclipse.core.jobs [93]
                              Unresolved requirement: Require-Capability: osgi.ee; filter:="(&(osgi.ee=JavaSE)(version=1.7))"


!ENTRY org.eclipse.mylyn.tasks.index.ui 2 0 2016-01-31 23:15:37.096
!MESSAGE Could not resolve module: org.eclipse.mylyn.tasks.index.ui [324]
  Unresolved requirement: Require-Bundle: org.eclipse.core.runtime
    -> Bundle-SymbolicName: org.eclipse.core.runtime; bundle-version="3.11.1.v20150903-1804"; singleton:="true"
       org.eclipse.core.runtime [96]
         Unresolved requirement: Require-Bundle: org.eclipse.core.jobs; bundle-version="[3.2.0,4.0.0)"; visibility:="reexport"
           -> Bundle-SymbolicName: org.eclipse.core.jobs; bundle-version="3.7.0.v20150330-2103"; singleton:="true"
              org.eclipse.core.jobs [93]
                Unresolved requirement: Require-Capability: osgi.ee; filter:="(&(osgi.ee=JavaSE)(version=1.7))"


!ENTRY org.eclipse.ecf.provider.filetransfer 2 0 2016-01-31 23:15:37.096
!MESSAGE Could not resolve module: org.eclipse.ecf.provider.filetransfer [134]
  Unresolved requirement: Import-Package: org.eclipse.core.runtime.jobs
    -> Export-Package: org.eclipse.core.runtime.jobs; bundle-version="3.7.0.v20150330-2103"; bundle-symbolic-name="org.eclipse.core.jobs"; version="0.0.0"
       org.eclipse.core.jobs [93]
         Unresolved requirement: Require-Capability: osgi.ee; filter:="(&(osgi.ee=JavaSE)(version=1.7))"
  Unresolved requirement: Import-Package: org.eclipse.core.net.proxy; resolution:="optional"
    -> Export-Package: org.eclipse.core.net.proxy; bundle-version="1.2.300.v20141118-1725"; bundle-symbolic-name="org.eclipse.core.net"; version="0.0.0"
       org.eclipse.core.net [94]
         Unresolved requirement: Require-Bundle: org.eclipse.equinox.security; bundle-version="[1.0.0,2.0.0)"
           -> Bundle-SymbolicName: org.eclipse.equinox.security; bundle-version="1.2.100.v20150423-1356"; singleton:="true"
              org.eclipse.equinox.security [208]
                Unresolved requirement: Import-Package: org.eclipse.core.runtime.jobs
                  -> Export-Package: org.eclipse.core.runtime.jobs; bundle-version="3.7.0.v20150330-2103"; bundle-symbolic-name="org.eclipse.core.jobs"; version="0.0.0"


!ENTRY org.eclipse.wb.runtime 2 0 2016-01-31 23:15:37.096
!MESSAGE Could not resolve module: org.eclipse.wb.runtime [492]
  Unresolved requirement: Require-Bundle: org.eclipse.core.runtime
    -> Bundle-SymbolicName: org.eclipse.core.runtime; bundle-version="3.11.1.v20150903-1804"; singleton:="true"
       org.eclipse.core.runtime [96]
         Unresolved requirement: Require-Bundle: org.eclipse.core.jobs; bundle-version="[3.2.0,4.0.0)"; visibility:="reexport"
           -> Bundle-SymbolicName: org.eclipse.core.jobs; bundle-version="3.7.0.v20150330-2103"; singleton:="true"
              org.eclipse.core.jobs [93]
                Unresolved requirement: Require-Capability: osgi.ee; filter:="(&(osgi.ee=JavaSE)(version=1.7))"


!ENTRY com.amzi.prolog.ui 2 0 2016-01-31 23:15:37.096
!MESSAGE Could not resolve module: com.amzi.prolog.ui [11]
  Unresolved requirement: Require-Bundle: org.eclipse.ui.ide
    -> Bundle-SymbolicName: org.eclipse.ui.ide; bundle-version="3.11.0.v20150825-2158"; singleton:="true"
       org.eclipse.ui.ide [463]
         Unresolved requirement: Require-Bundle: org.eclipse.core.resources; bundle-version="[3.7.0,4.0.0)"; resolution:="optional"
           -> Bundle-SymbolicName: org.eclipse.core.resources; bundle-version="3.10.1.v20150725-1910"; singleton:="true"
              org.eclipse.core.resources [95]
                Unresolved requirement: Require-Bundle: org.eclipse.core.expressions; bundle-version="[3.2.0,4.0.0)"
                  -> Bundle-SymbolicName: org.eclipse.core.expressions; bundle-version="3.5.0.v20150421-2214"; singleton:="true"
                     org.eclipse.core.expressions [87]
                       Unresolved requirement: Require-Bundle: org.eclipse.core.runtime; bundle-version="[3.3.0,4.0.0)"
                         -> Bundle-SymbolicName: org.eclipse.core.runtime; bundle-version="3.11.1.v20150903-1804"; singleton:="true"
                            org.eclipse.core.runtime [96]
                              Unresolved requirement: Require-Bundle: org.eclipse.core.jobs; bundle-version="[3.2.0,4.0.0)"; visibility:="reexport"
                                -> Bundle-SymbolicName: org.eclipse.core.jobs; bundle-version="3.7.0.v20150330-2103"; singleton:="true"
                                   org.eclipse.core.jobs [93]
                                     Unresolved requirement: Require-Capability: osgi.ee; filter:="(&(osgi.ee=JavaSE)(version=1.7))"
                Unresolved requirement: Require-Bundle: org.eclipse.ant.core; bundle-version="[3.1.0,4.0.0)"; resolution:="optional"
                  -> Bundle-SymbolicName: org.eclipse.ant.core; bundle-version="3.4.0.v20150428-1928"; singleton:="true"
                     org.eclipse.ant.core [73]
                       Unresolved requirement: Require-Bundle: org.eclipse.core.variables; bundle-version="[3.1.0,4.0.0)"
                         -> Bundle-SymbolicName: org.eclipse.core.variables; bundle-version="3.2.800.v20130819-1716"; singleton:="true"
                            org.eclipse.core.variables [99]
                              Unresolved requirement: Require-Bundle: org.eclipse.core.runtime; bundle-version="[3.3.0,4.0.0)"
                                -> Bundle-SymbolicName: org.eclipse.core.runtime; bundle-version="3.11.1.v20150903-1804"; singleton:="true"
         Unresolved requirement: Require-Bundle: org.eclipse.core.runtime; bundle-version="[3.2.0,4.0.0)"
           -> Bundle-SymbolicName: org.eclipse.core.runtime; bundle-version="3.11.1.v20150903-1804"; singleton:="true"


!ENTRY org.eclipse.ecf.provider.filetransfer.httpclient4.ssl 2 0 2016-01-31 23:15:37.097
!MESSAGE Could not resolve module: org.eclipse.ecf.provider.filetransfer.httpclient4.ssl [136]
  Unresolved requirement: Fragment-Host: org.eclipse.ecf.provider.filetransfer.httpclient4; bundle-version="1.0.0"
    -> Bundle-SymbolicName: org.eclipse.ecf.provider.filetransfer.httpclient4; bundle-version="1.0.2000.v20150810-1719"; singleton:="true"
       org.eclipse.ecf.provider.filetransfer.httpclient4 [135]
         Unresolved requirement: Import-Package: org.eclipse.core.runtime.jobs
           -> Export-Package: org.eclipse.core.runtime.jobs; bundle-version="3.7.0.v20150330-2103"; bundle-symbolic-name="org.eclipse.core.jobs"; version="0.0.0"
              org.eclipse.core.jobs [93]
                Unresolved requirement: Require-Capability: osgi.ee; filter:="(&(osgi.ee=JavaSE)(version=1.7))"


!ENTRY org.eclipse.mylyn.wikitext.markdown.core 2 0 2016-01-31 23:15:37.097
!MESSAGE Could not resolve module: org.eclipse.mylyn.wikitext.markdown.core [338]
  Unresolved requirement: Require-Bundle: org.eclipse.mylyn.wikitext.core; bundle-version="2.0.0"
    -> Bundle-SymbolicName: org.eclipse.mylyn.wikitext.core; bundle-version="2.6.0.v20150901-2143"; singleton:="true"
       org.eclipse.mylyn.wikitext.core [333]
         Unresolved requirement: Require-Capability: osgi.ee; filter:="(&(osgi.ee=JavaSE)(version=1.7))"


!ENTRY org.eclipse.equinox.p2.engine 2 0 2016-01-31 23:15:37.097
!MESSAGE Could not resolve module: org.eclipse.equinox.p2.engine [184]
  Unresolved requirement: Import-Package: org.eclipse.equinox.internal.p2.metadata.repository.io
    -> Export-Package: org.eclipse.equinox.internal.p2.metadata.repository.io; bundle-version="1.2.200.v20150428-1613"; bundle-symbolic-name="org.eclipse.equinox.p2.metadata.repository"; version="0.0.0"; x-friends:="org.eclipse.equinox.p2.engine"
       org.eclipse.equinox.p2.metadata.repository [189]
         Unresolved requirement: Import-Package: org.eclipse.equinox.internal.p2.persistence
           -> Export-Package: org.eclipse.equinox.internal.p2.persistence; bundle-version="2.3.100.v20150428-1613"; bundle-symbolic-name="org.eclipse.equinox.p2.repository"; version="0.0.0"; x-friends:="org.eclipse.equinox.p2.artifact.repository,  org.eclipse.equinox.p2.engine,  org.eclipse.equinox.p2.metadata.repository,  org.eclipse.equinox.p2.ui.importexport,  org.eclipse.equinox.p2.repository.tools"
              org.eclipse.equinox.p2.repository [194]
                Unresolved requirement: Import-Package: org.eclipse.core.runtime.jobs
                  -> Export-Package: org.eclipse.core.runtime.jobs; bundle-version="3.7.0.v20150330-2103"; bundle-symbolic-name="org.eclipse.core.jobs"; version="0.0.0"
                     org.eclipse.core.jobs [93]
                       Unresolved requirement: Require-Capability: osgi.ee; filter:="(&(osgi.ee=JavaSE)(version=1.7))"


!ENTRY org.eclipse.epp.mpc.core 2 0 2016-01-31 23:15:37.097
!MESSAGE Could not resolve module: org.eclipse.epp.mpc.core [156]
  Unresolved requirement: Require-Bundle: org.eclipse.core.runtime; bundle-version="3.6.0"
    -> Bundle-SymbolicName: org.eclipse.core.runtime; bundle-version="3.11.1.v20150903-1804"; singleton:="true"
       org.eclipse.core.runtime [96]
         Unresolved requirement: Require-Bundle: org.eclipse.core.jobs; bundle-version="[3.2.0,4.0.0)"; visibility:="reexport"
           -> Bundle-SymbolicName: org.eclipse.core.jobs; bundle-version="3.7.0.v20150330-2103"; singleton:="true"
              org.eclipse.core.jobs [93]
                Unresolved requirement: Require-Capability: osgi.ee; filter:="(&(osgi.ee=JavaSE)(version=1.7))"


!ENTRY org.eclipse.equinox.p2.repository 2 0 2016-01-31 23:15:37.097
!MESSAGE Could not resolve module: org.eclipse.equinox.p2.repository [194]
  Unresolved requirement: Import-Package: org.eclipse.core.runtime.jobs
    -> Export-Package: org.eclipse.core.runtime.jobs; bundle-version="3.7.0.v20150330-2103"; bundle-symbolic-name="org.eclipse.core.jobs"; version="0.0.0"
       org.eclipse.core.jobs [93]
         Unresolved requirement: Require-Capability: osgi.ee; filter:="(&(osgi.ee=JavaSE)(version=1.7))"


!ENTRY org.eclipse.oomph.setup.ui 2 0 2016-01-31 23:15:37.098
!MESSAGE Could not resolve module: org.eclipse.oomph.setup.ui [374]
  Unresolved requirement: Require-Bundle: org.eclipse.core.runtime; bundle-version="[3.5.0,4.0.0)"
    -> Bundle-SymbolicName: org.eclipse.core.runtime; bundle-version="3.11.1.v20150903-1804"; singleton:="true"
       org.eclipse.core.runtime [96]
         Unresolved requirement: Require-Bundle: org.eclipse.core.jobs; bundle-version="[3.2.0,4.0.0)"; visibility:="reexport"
           -> Bundle-SymbolicName: org.eclipse.core.jobs; bundle-version="3.7.0.v20150330-2103"; singleton:="true"
              org.eclipse.core.jobs [93]
                Unresolved requirement: Require-Capability: osgi.ee; filter:="(&(osgi.ee=JavaSE)(version=1.7))"


!ENTRY org.eclipse.mylyn.commons.screenshots 2 0 2016-01-31 23:15:37.098
!MESSAGE Could not resolve module: org.eclipse.mylyn.commons.screenshots [293]
  Unresolved requirement: Require-Bundle: org.eclipse.core.runtime
    -> Bundle-SymbolicName: org.eclipse.core.runtime; bundle-version="3.11.1.v20150903-1804"; singleton:="true"
       org.eclipse.core.runtime [96]
         Unresolved requirement: Require-Bundle: org.eclipse.core.jobs; bundle-version="[3.2.0,4.0.0)"; visibility:="reexport"
           -> Bundle-SymbolicName: org.eclipse.core.jobs; bundle-version="3.7.0.v20150330-2103"; singleton:="true"
              org.eclipse.core.jobs [93]
                Unresolved requirement: Require-Capability: osgi.ee; filter:="(&(osgi.ee=JavaSE)(version=1.7))"


!ENTRY org.eclipse.mylyn.hudson.ui 2 0 2016-01-31 23:15:37.098
!MESSAGE Could not resolve module: org.eclipse.mylyn.hudson.ui [309]
  Unresolved requirement: Require-Bundle: org.eclipse.core.runtime
    -> Bundle-SymbolicName: org.eclipse.core.runtime; bundle-version="3.11.1.v20150903-1804"; singleton:="true"
       org.eclipse.core.runtime [96]
         Unresolved requirement: Require-Bundle: org.eclipse.core.jobs; bundle-version="[3.2.0,4.0.0)"; visibility:="reexport"
           -> Bundle-SymbolicName: org.eclipse.core.jobs; bundle-version="3.7.0.v20150330-2103"; singleton:="true"
              org.eclipse.core.jobs [93]
                Unresolved requirement: Require-Capability: osgi.ee; filter:="(&(osgi.ee=JavaSE)(version=1.7))"


!ENTRY org.eclipse.m2e.profiles.ui 2 0 2016-01-31 23:15:37.098
!MESSAGE Could not resolve module: org.eclipse.m2e.profiles.ui [275]
  Unresolved requirement: Require-Bundle: org.eclipse.ui
    -> Bundle-SymbolicName: org.eclipse.ui; bundle-version="3.107.0.v20150507-1945"; singleton:="true"
       org.eclipse.ui [455]
         Unresolved requirement: Require-Bundle: org.eclipse.core.runtime; bundle-version="[3.2.0,4.0.0)"
           -> Bundle-SymbolicName: org.eclipse.core.runtime; bundle-version="3.11.1.v20150903-1804"; singleton:="true"
              org.eclipse.core.runtime [96]
                Unresolved requirement: Require-Bundle: org.eclipse.core.jobs; bundle-version="[3.2.0,4.0.0)"; visibility:="reexport"
                  -> Bundle-SymbolicName: org.eclipse.core.jobs; bundle-version="3.7.0.v20150330-2103"; singleton:="true"
                     org.eclipse.core.jobs [93]
                       Unresolved requirement: Require-Capability: osgi.ee; filter:="(&(osgi.ee=JavaSE)(version=1.7))"


!ENTRY org.eclipse.e4.ui.widgets 2 0 2016-01-31 23:15:37.098
!MESSAGE Could not resolve module: org.eclipse.e4.ui.widgets [124]
  Unresolved requirement: Require-Capability: osgi.ee; filter:="(&(osgi.ee=JavaSE)(version=1.7))"


!ENTRY org.eclipse.ui.trace 2 0 2016-01-31 23:15:37.099
!MESSAGE Could not resolve module: org.eclipse.ui.trace [472]
  Unresolved requirement: Require-Bundle: org.eclipse.core.runtime; bundle-version="[3.11.0,4.0.0)"
    -> Bundle-SymbolicName: org.eclipse.core.runtime; bundle-version="3.11.1.v20150903-1804"; singleton:="true"
       org.eclipse.core.runtime [96]
         Unresolved requirement: Require-Bundle: org.eclipse.core.jobs; bundle-version="[3.2.0,4.0.0)"; visibility:="reexport"
           -> Bundle-SymbolicName: org.eclipse.core.jobs; bundle-version="3.7.0.v20150330-2103"; singleton:="true"
              org.eclipse.core.jobs [93]
                Unresolved requirement: Require-Capability: osgi.ee; filter:="(&(osgi.ee=JavaSE)(version=1.7))"


!ENTRY org.eclipse.core.databinding.observable 2 0 2016-01-31 23:15:37.099
!MESSAGE Could not resolve module: org.eclipse.core.databinding.observable [85]
  Unresolved requirement: Require-Capability: osgi.ee; filter:="(&(osgi.ee=JavaSE)(version=1.7))"


!ENTRY org.eclipse.wst.xml.core 2 0 2016-01-31 23:15:37.099
!MESSAGE Could not resolve module: org.eclipse.wst.xml.core [524]
  Unresolved requirement: Require-Bundle: org.eclipse.core.runtime; bundle-version="[3.5.0,4.0.0)"
    -> Bundle-SymbolicName: org.eclipse.core.runtime; bundle-version="3.11.1.v20150903-1804"; singleton:="true"
       org.eclipse.core.runtime [96]
         Unresolved requirement: Require-Bundle: org.eclipse.core.jobs; bundle-version="[3.2.0,4.0.0)"; visibility:="reexport"
           -> Bundle-SymbolicName: org.eclipse.core.jobs; bundle-version="3.7.0.v20150330-2103"; singleton:="true"
              org.eclipse.core.jobs [93]
                Unresolved requirement: Require-Capability: osgi.ee; filter:="(&(osgi.ee=JavaSE)(version=1.7))"


!ENTRY org.eclipse.mylyn.reviews.core 2 0 2016-01-31 23:15:37.099
!MESSAGE Could not resolve module: org.eclipse.mylyn.reviews.core [318]
  Unresolved requirement: Require-Bundle: org.eclipse.core.runtime
    -> Bundle-SymbolicName: org.eclipse.core.runtime; bundle-version="3.11.1.v20150903-1804"; singleton:="true"
       org.eclipse.core.runtime [96]
         Unresolved requirement: Require-Bundle: org.eclipse.core.jobs; bundle-version="[3.2.0,4.0.0)"; visibility:="reexport"
           -> Bundle-SymbolicName: org.eclipse.core.jobs; bundle-version="3.7.0.v20150330-2103"; singleton:="true"
              org.eclipse.core.jobs [93]
                Unresolved requirement: Require-Capability: osgi.ee; filter:="(&(osgi.ee=JavaSE)(version=1.7))"
  Unresolved requirement: Import-Package: org.apache.commons.io
    -> Export-Package: org.apache.commons.io; bundle-version="1.8.0.r45x201506110820"; bundle-symbolic-name="org.eclipse.wb.core.lib"; version="0.0.0"
       org.eclipse.wb.core.lib [482]
         Unresolved requirement: Require-Bundle: org.eclipse.ui
           -> Bundle-SymbolicName: org.eclipse.ui; bundle-version="3.107.0.v20150507-1945"; singleton:="true"
              org.eclipse.ui [455]
                Unresolved requirement: Require-Bundle: org.eclipse.core.runtime; bundle-version="[3.2.0,4.0.0)"
                  -> Bundle-SymbolicName: org.eclipse.core.runtime; bundle-version="3.11.1.v20150903-1804"; singleton:="true"


!ENTRY org.eclipse.mylyn.commons.ui 2 0 2016-01-31 23:15:37.099
!MESSAGE Could not resolve module: org.eclipse.mylyn.commons.ui [294]
  Unresolved requirement: Require-Bundle: org.eclipse.core.runtime
    -> Bundle-SymbolicName: org.eclipse.core.runtime; bundle-version="3.11.1.v20150903-1804"; singleton:="true"
       org.eclipse.core.runtime [96]
         Unresolved requirement: Require-Bundle: org.eclipse.core.jobs; bundle-version="[3.2.0,4.0.0)"; visibility:="reexport"
           -> Bundle-SymbolicName: org.eclipse.core.jobs; bundle-version="3.7.0.v20150330-2103"; singleton:="true"
              org.eclipse.core.jobs [93]
                Unresolved requirement: Require-Capability: osgi.ee; filter:="(&(osgi.ee=JavaSE)(version=1.7))"


!ENTRY org.eclipse.ui.intro.universal 2 0 2016-01-31 23:15:37.100
!MESSAGE Could not resolve module: org.eclipse.ui.intro.universal [466]
  Unresolved requirement: Require-Bundle: org.eclipse.core.runtime; bundle-version="[3.6.0,4.0.0)"
    -> Bundle-SymbolicName: org.eclipse.core.runtime; bundle-version="3.11.1.v20150903-1804"; singleton:="true"
       org.eclipse.core.runtime [96]
         Unresolved requirement: Require-Bundle: org.eclipse.core.jobs; bundle-version="[3.2.0,4.0.0)"; visibility:="reexport"
           -> Bundle-SymbolicName: org.eclipse.core.jobs; bundle-version="3.7.0.v20150330-2103"; singleton:="true"
              org.eclipse.core.jobs [93]
                Unresolved requirement: Require-Capability: osgi.ee; filter:="(&(osgi.ee=JavaSE)(version=1.7))"


!ENTRY org.eclipse.recommenders.apidocs 2 0 2016-01-31 23:15:37.100
!MESSAGE Could not resolve module: org.eclipse.recommenders.apidocs [408]
  Unresolved requirement: Require-Bundle: org.eclipse.recommenders.models; bundle-version="[2.2.4,2.2.5)"
    -> Bundle-SymbolicName: org.eclipse.recommenders.models; bundle-version="2.2.4.v20150914-0857"
       org.eclipse.recommenders.models [422]
         Unresolved requirement: Require-Bundle: org.eclipse.recommenders.coordinates; bundle-version="[2.2.4,2.2.5)"
           -> Bundle-SymbolicName: org.eclipse.recommenders.coordinates; bundle-version="2.2.4.v20150914-0857"
              org.eclipse.recommenders.coordinates [416]
                Unresolved requirement: Require-Bundle: org.eclipse.recommenders.utils; bundle-version="[2.2.4,2.2.5)"
                  -> Bundle-SymbolicName: org.eclipse.recommenders.utils; bundle-version="2.2.4.v20150914-0857"
                     org.eclipse.recommenders.utils [433]
                       Unresolved requirement: Require-Bundle: org.eclipse.core.runtime
                         -> Bundle-SymbolicName: org.eclipse.core.runtime; bundle-version="3.11.1.v20150903-1804"; singleton:="true"
                            org.eclipse.core.runtime [96]
                              Unresolved requirement: Require-Bundle: org.eclipse.core.jobs; bundle-version="[3.2.0,4.0.0)"; visibility:="reexport"
                                -> Bundle-SymbolicName: org.eclipse.core.jobs; bundle-version="3.7.0.v20150330-2103"; singleton:="true"
                                   org.eclipse.core.jobs [93]
                                     Unresolved requirement: Require-Capability: osgi.ee; filter:="(&(osgi.ee=JavaSE)(version=1.7))"


!ENTRY org.eclipse.mylyn.java.tasks 2 0 2016-01-31 23:15:37.100
!MESSAGE Could not resolve module: org.eclipse.mylyn.java.tasks [312]
  Unresolved requirement: Require-Bundle: org.eclipse.core.runtime
    -> Bundle-SymbolicName: org.eclipse.core.runtime; bundle-version="3.11.1.v20150903-1804"; singleton:="true"
       org.eclipse.core.runtime [96]
         Unresolved requirement: Require-Bundle: org.eclipse.core.jobs; bundle-version="[3.2.0,4.0.0)"; visibility:="reexport"
           -> Bundle-SymbolicName: org.eclipse.core.jobs; bundle-version="3.7.0.v20150330-2103"; singleton:="true"
              org.eclipse.core.jobs [93]
                Unresolved requirement: Require-Capability: osgi.ee; filter:="(&(osgi.ee=JavaSE)(version=1.7))"


!ENTRY org.eclipse.ui.workbench 2 0 2016-01-31 23:15:37.100
!MESSAGE Could not resolve module: org.eclipse.ui.workbench [476]
  Unresolved requirement: Import-Package: org.eclipse.e4.core.commands
    -> Export-Package: org.eclipse.e4.core.commands; bundle-version="0.11.0.v20150422-0725"; bundle-symbolic-name="org.eclipse.e4.core.commands"; version="0.0.0"; x-friends:="org.eclipse.e4.ui.bindings,  org.eclipse.e4.ui.workbench,  org.eclipse.e4.ui.workbench.renderers.swt,  org.eclipse.ui.workbench,  org.eclipse.e4.ui.workbench.swt,  org.eclipse.e4.ui.progress,  org.eclipse.e4.core.commands.tests"
       org.eclipse.e4.core.commands [103]
         Unresolved requirement: Import-Package: org.eclipse.core.commands
           -> Export-Package: org.eclipse.core.commands; bundle-version="3.7.0.v20150422-0725"; bundle-symbolic-name="org.eclipse.core.commands"; version="0.0.0"
              org.eclipse.core.commands [81]
                Unresolved requirement: Require-Capability: osgi.ee; filter:="(&(osgi.ee=JavaSE)(version=1.7))"


!ENTRY org.eclipse.pde.launching 2 0 2016-01-31 23:15:37.101
!MESSAGE Could not resolve module: org.eclipse.pde.launching [393]
  Unresolved requirement: Require-Bundle: org.eclipse.jdt.junit.core; bundle-version="[3.6.0,4.0.0)"
    -> Bundle-SymbolicName: org.eclipse.jdt.junit.core; bundle-version="3.7.400.v20150423-0747"; singleton:="true"
       org.eclipse.jdt.junit.core [232]
         Unresolved requirement: Require-Bundle: org.eclipse.core.expressions; bundle-version="[3.4.100,4.0.0)"
           -> Bundle-SymbolicName: org.eclipse.core.expressions; bundle-version="3.5.0.v20150421-2214"; singleton:="true"
              org.eclipse.core.expressions [87]
                Unresolved requirement: Require-Bundle: org.eclipse.core.runtime; bundle-version="[3.3.0,4.0.0)"
                  -> Bundle-SymbolicName: org.eclipse.core.runtime; bundle-version="3.11.1.v20150903-1804"; singleton:="true"
                     org.eclipse.core.runtime [96]
                       Unresolved requirement: Require-Bundle: org.eclipse.core.jobs; bundle-version="[3.2.0,4.0.0)"; visibility:="reexport"
                         -> Bundle-SymbolicName: org.eclipse.core.jobs; bundle-version="3.7.0.v20150330-2103"; singleton:="true"
                            org.eclipse.core.jobs [93]
                              Unresolved requirement: Require-Capability: osgi.ee; filter:="(&(osgi.ee=JavaSE)(version=1.7))"


!ENTRY org.eclipse.mylyn.commons.net 2 0 2016-01-31 23:15:37.101
!MESSAGE Could not resolve module: org.eclipse.mylyn.commons.net [286]
  Unresolved requirement: Require-Bundle: org.eclipse.core.runtime
    -> Bundle-SymbolicName: org.eclipse.core.runtime; bundle-version="3.11.1.v20150903-1804"; singleton:="true"
       org.eclipse.core.runtime [96]
         Unresolved requirement: Require-Bundle: org.eclipse.core.jobs; bundle-version="[3.2.0,4.0.0)"; visibility:="reexport"
           -> Bundle-SymbolicName: org.eclipse.core.jobs; bundle-version="3.7.0.v20150330-2103"; singleton:="true"
              org.eclipse.core.jobs [93]
                Unresolved requirement: Require-Capability: osgi.ee; filter:="(&(osgi.ee=JavaSE)(version=1.7))"


!ENTRY org.eclipse.equinox.p2.director.app 2 0 2016-01-31 23:15:37.101
!MESSAGE Could not resolve module: org.eclipse.equinox.p2.director.app [180]
  Unresolved requirement: Import-Package: org.eclipse.equinox.internal.p2.director
    -> Export-Package: org.eclipse.equinox.internal.p2.director; bundle-version="2.3.200.v20150423-1455"; bundle-symbolic-name="org.eclipse.equinox.p2.director"; version="0.0.0"; x-friends:="org.eclipse.equinox.p2.operations,  org.eclipse.equinox.p2.repository.tools,  org.eclipse.pde.core,  org.eclipse.equinox.p2.reconciler.dropins,  org.eclipse.equinox.p2.ui,  org.eclipse.equinox.p2.director.app"
       org.eclipse.equinox.p2.director [179]
         Unresolved requirement: Import-Package: org.eclipse.equinox.p2.engine; version="[2.0.0,3.0.0)"
           -> Export-Package: org.eclipse.equinox.p2.engine; bundle-version="2.4.0.v20150511-1532"; bundle-symbolic-name="org.eclipse.equinox.p2.engine"; version="2.2.0"
              org.eclipse.equinox.p2.engine [184]
                Unresolved requirement: Import-Package: org.eclipse.equinox.internal.p2.metadata.repository.io
                  -> Export-Package: org.eclipse.equinox.internal.p2.metadata.repository.io; bundle-version="1.2.200.v20150428-1613"; bundle-symbolic-name="org.eclipse.equinox.p2.metadata.repository"; version="0.0.0"; x-friends:="org.eclipse.equinox.p2.engine"
                     org.eclipse.equinox.p2.metadata.repository [189]
                       Unresolved requirement: Import-Package: org.eclipse.equinox.internal.p2.persistence
                         -> Export-Package: org.eclipse.equinox.internal.p2.persistence; bundle-version="2.3.100.v20150428-1613"; bundle-symbolic-name="org.eclipse.equinox.p2.repository"; version="0.0.0"; x-friends:="org.eclipse.equinox.p2.artifact.repository,  org.eclipse.equinox.p2.engine,  org.eclipse.equinox.p2.metadata.repository,  org.eclipse.equinox.p2.ui.importexport,  org.eclipse.equinox.p2.repository.tools"
                            org.eclipse.equinox.p2.repository [194]
                              Unresolved requirement: Import-Package: org.eclipse.core.runtime.jobs
                                -> Export-Package: org.eclipse.core.runtime.jobs; bundle-version="3.7.0.v20150330-2103"; bundle-symbolic-name="org.eclipse.core.jobs"; version="0.0.0"
                                   org.eclipse.core.jobs [93]
                                     Unresolved requirement: Require-Capability: osgi.ee; filter:="(&(osgi.ee=JavaSE)(version=1.7))"


!ENTRY org.eclipse.jsch.core 2 0 2016-01-31 23:15:37.101
!MESSAGE Could not resolve module: org.eclipse.jsch.core [254]
  Unresolved requirement: Require-Bundle: org.eclipse.core.runtime; bundle-version="[3.3.0,4.0.0)"
    -> Bundle-SymbolicName: org.eclipse.core.runtime; bundle-version="3.11.1.v20150903-1804"; singleton:="true"
       org.eclipse.core.runtime [96]
         Unresolved requirement: Require-Bundle: org.eclipse.core.jobs; bundle-version="[3.2.0,4.0.0)"; visibility:="reexport"
           -> Bundle-SymbolicName: org.eclipse.core.jobs; bundle-version="3.7.0.v20150330-2103"; singleton:="true"
              org.eclipse.core.jobs [93]
                Unresolved requirement: Require-Capability: osgi.ee; filter:="(&(osgi.ee=JavaSE)(version=1.7))"


!ENTRY org.eclipse.m2e.profiles.core 2 0 2016-01-31 23:15:37.102
!MESSAGE Could not resolve module: org.eclipse.m2e.profiles.core [274]
  Unresolved requirement: Require-Bundle: org.eclipse.core.runtime; bundle-version="3.7.0"
    -> Bundle-SymbolicName: org.eclipse.core.runtime; bundle-version="3.11.1.v20150903-1804"; singleton:="true"
       org.eclipse.core.runtime [96]
         Unresolved requirement: Require-Bundle: org.eclipse.core.jobs; bundle-version="[3.2.0,4.0.0)"; visibility:="reexport"
           -> Bundle-SymbolicName: org.eclipse.core.jobs; bundle-version="3.7.0.v20150330-2103"; singleton:="true"
              org.eclipse.core.jobs [93]
                Unresolved requirement: Require-Capability: osgi.ee; filter:="(&(osgi.ee=JavaSE)(version=1.7))"


!ENTRY org.eclipse.recommenders.overrides.rcp 2 0 2016-01-31 23:15:37.102
!MESSAGE Could not resolve module: org.eclipse.recommenders.overrides.rcp [427]
  Unresolved requirement: Require-Bundle: org.eclipse.core.runtime
    -> Bundle-SymbolicName: org.eclipse.core.runtime; bundle-version="3.11.1.v20150903-1804"; singleton:="true"
       org.eclipse.core.runtime [96]
         Unresolved requirement: Require-Bundle: org.eclipse.core.jobs; bundle-version="[3.2.0,4.0.0)"; visibility:="reexport"
           -> Bundle-SymbolicName: org.eclipse.core.jobs; bundle-version="3.7.0.v20150330-2103"; singleton:="true"
              org.eclipse.core.jobs [93]
                Unresolved requirement: Require-Capability: osgi.ee; filter:="(&(osgi.ee=JavaSE)(version=1.7))"


!ENTRY org.eclipse.osgi 4 0 2016-01-31 23:15:37.104
!MESSAGE Application error
!STACK 1
java.lang.IllegalStateException: Unable to acquire application service. Ensure that the org.eclipse.core.runtime bundle is resolved and started (see config.ini).
	at org.eclipse.core.runtime.internal.adaptor.EclipseAppLauncher.start(EclipseAppLauncher.java:78)
	at org.eclipse.core.runtime.adaptor.EclipseStarter.run(EclipseStarter.java:380)
	at org.eclipse.core.runtime.adaptor.EclipseStarter.run(EclipseStarter.java:235)
	at sun.reflect.NativeMethodAccessorImpl.invoke0(Native Method)
	at sun.reflect.NativeMethodAccessorImpl.invoke(NativeMethodAccessorImpl.java:39)
	at sun.reflect.DelegatingMethodAccessorImpl.invoke(DelegatingMethodAccessorImpl.java:25)
	at java.lang.reflect.Method.invoke(Method.java:597)
	at org.eclipse.equinox.launcher.Main.invokeFramework(Main.java:669)
	at org.eclipse.equinox.launcher.Main.basicRun(Main.java:608)
	at org.eclipse.equinox.launcher.Main.run(Main.java:1515)
	at org.eclipse.equinox.launcher.Main.main(Main.java:1488)
