!SESSION 2016-01-31 23:13:11.841 -----------------------------------------------
eclipse.buildId=4.5.1.M20150904-0015
java.version=1.6.0_65
java.vendor=Apple Inc.
BootLoader constants: OS=macosx, ARCH=x86_64, WS=cocoa, NL=en_US
Framework arguments:  -product org.eclipse.platform.ide
Command-line arguments:  -product org.eclipse.platform.ide -data /Users/dennis/Work/github/amzi/source/eclipse/amzi-ide/workspace/../runtime-EclipseApplication(1) -dev file:/Users/dennis/Work/github/amzi/source/eclipse/amzi-ide/workspace/.metadata/.plugins/org.eclipse.pde.core/Eclipse Application (1)/dev.properties -os macosx -ws cocoa -arch x86_64 -consoleLog

This is a continuation of log file /Users/dennis/Work/github/amzi/source/eclipse/amzi-ide/workspace/.metadata/.plugins/org.eclipse.pde.core/Eclipse Application (1)/1454299992171.bak_0.log
Created Time: 2016-01-31 23:13:15.027

!ENTRY org.eclipse.equinox.p2.ui.sdk 2 0 2016-01-31 23:13:15.027
!MESSAGE Could not resolve module: org.eclipse.equinox.p2.ui.sdk [202]
  Unresolved requirement: Import-Package: org.eclipse.compare; resolution:="optional"
    -> Export-Package: org.eclipse.compare; bundle-version="3.5.600.v20150420-1449"; bundle-symbolic-name="org.eclipse.compare"; version="0.0.0"
       org.eclipse.compare [79]
         Unresolved requirement: Require-Bundle: org.eclipse.ui; bundle-version="[3.5.0,4.0.0)"
           -> Bundle-SymbolicName: org.eclipse.ui; bundle-version="3.107.0.v20150507-1945"; singleton:="true"
              org.eclipse.ui [455]
                Unresolved requirement: Require-Bundle: org.eclipse.core.runtime; bundle-version="[3.2.0,4.0.0)"
                  -> Bundle-SymbolicName: org.eclipse.core.runtime; bundle-version="3.11.1.v20150903-1804"; singleton:="true"
                     org.eclipse.core.runtime [96]
                       Unresolved requirement: Require-Bundle: org.eclipse.core.jobs; bundle-version="[3.2.0,4.0.0)"; visibility:="reexport"
                         -> Bundle-SymbolicName: org.eclipse.core.jobs; bundle-version="3.7.0.v20150330-2103"; singleton:="true"
                            org.eclipse.core.jobs [93]
                              Unresolved requirement: Require-Capability: osgi.ee; filter:="(&(osgi.ee=JavaSE)(version=1.7))"
  Unresolved requirement: Import-Package: org.eclipse.compare.structuremergeviewer; resolution:="optional"
    -> Export-Package: org.eclipse.compare.structuremergeviewer; bundle-version="3.5.600.v20150420-1449"; bundle-symbolic-name="org.eclipse.compare"; version="0.0.0"
  Unresolved requirement: Import-Package: org.eclipse.equinox.p2.engine; version="[2.0.0,3.0.0)"
    -> Export-Package: org.eclipse.equinox.p2.engine; bundle-version="2.4.0.v20150511-1532"; bundle-symbolic-name="org.eclipse.equinox.p2.engine"; version="2.2.0"
       org.eclipse.equinox.p2.engine [184]
         Unresolved requirement: Import-Package: org.eclipse.equinox.internal.p2.metadata.repository.io
           -> Export-Package: org.eclipse.equinox.internal.p2.metadata.repository.io; bundle-version="1.2.200.v20150428-1613"; bundle-symbolic-name="org.eclipse.equinox.p2.metadata.repository"; version="0.0.0"; x-friends:="org.eclipse.equinox.p2.engine"
              org.eclipse.equinox.p2.metadata.repository [189]
                Unresolved requirement: Import-Package: org.eclipse.equinox.internal.p2.persistence
                  -> Export-Package: org.eclipse.equinox.internal.p2.persistence; bundle-version="2.3.100.v20150428-1613"; bundle-symbolic-name="org.eclipse.equinox.p2.repository"; version="0.0.0"; x-friends:="org.eclipse.equinox.p2.artifact.repository,  org.eclipse.equinox.p2.engine,  org.eclipse.equinox.p2.metadata.repository,  org.eclipse.equinox.p2.ui.importexport,  org.eclipse.equinox.p2.repository.tools"
                     org.eclipse.equinox.p2.repository [194]
                       Unresolved requirement: Import-Package: org.eclipse.core.runtime.jobs
                         -> Export-Package: org.eclipse.core.runtime.jobs; bundle-version="3.7.0.v20150330-2103"; bundle-symbolic-name="org.eclipse.core.jobs"; version="0.0.0"


!ENTRY org.eclipse.buildship.ui 2 0 2016-01-31 23:13:15.029
!MESSAGE Could not resolve module: org.eclipse.buildship.ui [78]
  Unresolved requirement: Require-Bundle: org.eclipse.buildship.core
    -> Bundle-SymbolicName: org.eclipse.buildship.core; bundle-version="1.0.5.v20150922-2202"; singleton:="true"
       org.eclipse.buildship.core [77]
         Unresolved requirement: Require-Bundle: org.eclipse.core.net
           -> Bundle-SymbolicName: org.eclipse.core.net; bundle-version="1.2.300.v20141118-1725"; singleton:="true"
              org.eclipse.core.net [94]
                Unresolved requirement: Require-Bundle: org.eclipse.equinox.security; bundle-version="[1.0.0,2.0.0)"
                  -> Bundle-SymbolicName: org.eclipse.equinox.security; bundle-version="1.2.100.v20150423-1356"; singleton:="true"
                     org.eclipse.equinox.security [208]
                       Unresolved requirement: Import-Package: org.eclipse.core.runtime.jobs
                         -> Export-Package: org.eclipse.core.runtime.jobs; bundle-version="3.7.0.v20150330-2103"; bundle-symbolic-name="org.eclipse.core.jobs"; version="0.0.0"
                            org.eclipse.core.jobs [93]
                              Unresolved requirement: Require-Capability: osgi.ee; filter:="(&(osgi.ee=JavaSE)(version=1.7))"


!ENTRY org.eclipse.mylyn.resources.ui 2 0 2016-01-31 23:13:15.030
!MESSAGE Could not resolve module: org.eclipse.mylyn.resources.ui [317]
  Unresolved requirement: Require-Bundle: org.eclipse.ui.ide
    -> Bundle-SymbolicName: org.eclipse.ui.ide; bundle-version="3.11.0.v20150825-2158"; singleton:="true"
       org.eclipse.ui.ide [463]
         Unresolved requirement: Require-Bundle: org.eclipse.core.resources; bundle-version="[3.7.0,4.0.0)"; resolution:="optional"
           -> Bundle-SymbolicName: org.eclipse.core.resources; bundle-version="3.10.1.v20150725-1910"; singleton:="true"
              org.eclipse.core.resources [95]
                Unresolved requirement: Require-Bundle: org.eclipse.ant.core; bundle-version="[3.1.0,4.0.0)"; resolution:="optional"
                  -> Bundle-SymbolicName: org.eclipse.ant.core; bundle-version="3.4.0.v20150428-1928"; singleton:="true"
                     org.eclipse.ant.core [73]
                       Unresolved requirement: Require-Bundle: org.eclipse.core.variables; bundle-version="[3.1.0,4.0.0)"
                         -> Bundle-SymbolicName: org.eclipse.core.variables; bundle-version="3.2.800.v20130819-1716"; singleton:="true"
                            org.eclipse.core.variables [99]
                              Unresolved requirement: Require-Bundle: org.eclipse.core.runtime; bundle-version="[3.3.0,4.0.0)"
                                -> Bundle-SymbolicName: org.eclipse.core.runtime; bundle-version="3.11.1.v20150903-1804"; singleton:="true"
                                   org.eclipse.core.runtime [96]
                                     Unresolved requirement: Require-Bundle: org.eclipse.core.jobs; bundle-version="[3.2.0,4.0.0)"; visibility:="reexport"
                                       -> Bundle-SymbolicName: org.eclipse.core.jobs; bundle-version="3.7.0.v20150330-2103"; singleton:="true"
                                          org.eclipse.core.jobs [93]
                                            Unresolved requirement: Require-Capability: osgi.ee; filter:="(&(osgi.ee=JavaSE)(version=1.7))"
                Unresolved requirement: Require-Bundle: org.eclipse.core.expressions; bundle-version="[3.2.0,4.0.0)"
                  -> Bundle-SymbolicName: org.eclipse.core.expressions; bundle-version="3.5.0.v20150421-2214"; singleton:="true"
                     org.eclipse.core.expressions [87]
                       Unresolved requirement: Require-Bundle: org.eclipse.core.runtime; bundle-version="[3.3.0,4.0.0)"
                         -> Bundle-SymbolicName: org.eclipse.core.runtime; bundle-version="3.11.1.v20150903-1804"; singleton:="true"
         Unresolved requirement: Require-Bundle: org.eclipse.core.runtime; bundle-version="[3.2.0,4.0.0)"
           -> Bundle-SymbolicName: org.eclipse.core.runtime; bundle-version="3.11.1.v20150903-1804"; singleton:="true"


!ENTRY org.eclipse.mylyn.hudson.core 2 0 2016-01-31 23:13:15.030
!MESSAGE Could not resolve module: org.eclipse.mylyn.hudson.core [308]
  Unresolved requirement: Require-Bundle: org.eclipse.core.runtime; bundle-version="3.5.0"
    -> Bundle-SymbolicName: org.eclipse.core.runtime; bundle-version="3.11.1.v20150903-1804"; singleton:="true"
       org.eclipse.core.runtime [96]
         Unresolved requirement: Require-Bundle: org.eclipse.core.jobs; bundle-version="[3.2.0,4.0.0)"; visibility:="reexport"
           -> Bundle-SymbolicName: org.eclipse.core.jobs; bundle-version="3.7.0.v20150330-2103"; singleton:="true"
              org.eclipse.core.jobs [93]
                Unresolved requirement: Require-Capability: osgi.ee; filter:="(&(osgi.ee=JavaSE)(version=1.7))"


!ENTRY org.eclipse.platform 2 0 2016-01-31 23:13:15.032
!MESSAGE Could not resolve module: org.eclipse.platform [399]
  Unresolved requirement: Require-Bundle: org.eclipse.ui.intro; bundle-version="[3.2.0,4.0.0)"
    -> Bundle-SymbolicName: org.eclipse.ui.intro; bundle-version="3.4.300.v20141007-1449"; singleton:="true"
       org.eclipse.ui.intro [465]
         Unresolved requirement: Require-Bundle: org.eclipse.core.runtime; bundle-version="[3.6.0,4.0.0)"
           -> Bundle-SymbolicName: org.eclipse.core.runtime; bundle-version="3.11.1.v20150903-1804"; singleton:="true"
              org.eclipse.core.runtime [96]
                Unresolved requirement: Require-Bundle: org.eclipse.core.jobs; bundle-version="[3.2.0,4.0.0)"; visibility:="reexport"
                  -> Bundle-SymbolicName: org.eclipse.core.jobs; bundle-version="3.7.0.v20150330-2103"; singleton:="true"
                     org.eclipse.core.jobs [93]
                       Unresolved requirement: Require-Capability: osgi.ee; filter:="(&(osgi.ee=JavaSE)(version=1.7))"


!ENTRY org.eclipse.jdt.debug 2 0 2016-01-31 23:13:15.032
!MESSAGE Could not resolve module: org.eclipse.jdt.debug [228]
  Unresolved requirement: Require-Bundle: org.eclipse.core.resources; bundle-version="[3.5.0,4.0.0)"
    -> Bundle-SymbolicName: org.eclipse.core.resources; bundle-version="3.10.1.v20150725-1910"; singleton:="true"
       org.eclipse.core.resources [95]
         Unresolved requirement: Require-Bundle: org.eclipse.ant.core; bundle-version="[3.1.0,4.0.0)"; resolution:="optional"
           -> Bundle-SymbolicName: org.eclipse.ant.core; bundle-version="3.4.0.v20150428-1928"; singleton:="true"
              org.eclipse.ant.core [73]
                Unresolved requirement: Require-Bundle: org.eclipse.core.variables; bundle-version="[3.1.0,4.0.0)"
                  -> Bundle-SymbolicName: org.eclipse.core.variables; bundle-version="3.2.800.v20130819-1716"; singleton:="true"
                     org.eclipse.core.variables [99]
                       Unresolved requirement: Require-Bundle: org.eclipse.core.runtime; bundle-version="[3.3.0,4.0.0)"
                         -> Bundle-SymbolicName: org.eclipse.core.runtime; bundle-version="3.11.1.v20150903-1804"; singleton:="true"
                            org.eclipse.core.runtime [96]
                              Unresolved requirement: Require-Bundle: org.eclipse.core.jobs; bundle-version="[3.2.0,4.0.0)"; visibility:="reexport"
                                -> Bundle-SymbolicName: org.eclipse.core.jobs; bundle-version="3.7.0.v20150330-2103"; singleton:="true"
                                   org.eclipse.core.jobs [93]
                                     Unresolved requirement: Require-Capability: osgi.ee; filter:="(&(osgi.ee=JavaSE)(version=1.7))"
         Unresolved requirement: Require-Bundle: org.eclipse.core.expressions; bundle-version="[3.2.0,4.0.0)"
           -> Bundle-SymbolicName: org.eclipse.core.expressions; bundle-version="3.5.0.v20150421-2214"; singleton:="true"
              org.eclipse.core.expressions [87]
                Unresolved requirement: Require-Bundle: org.eclipse.core.runtime; bundle-version="[3.3.0,4.0.0)"
                  -> Bundle-SymbolicName: org.eclipse.core.runtime; bundle-version="3.11.1.v20150903-1804"; singleton:="true"


!ENTRY org.eclipse.team.core 2 0 2016-01-31 23:13:15.032
!MESSAGE Could not resolve module: org.eclipse.team.core [452]
  Unresolved requirement: Require-Bundle: org.eclipse.core.resources; bundle-version="[3.3.0,4.0.0)"
    -> Bundle-SymbolicName: org.eclipse.core.resources; bundle-version="3.10.1.v20150725-1910"; singleton:="true"
       org.eclipse.core.resources [95]
         Unresolved requirement: Require-Bundle: org.eclipse.ant.core; bundle-version="[3.1.0,4.0.0)"; resolution:="optional"
           -> Bundle-SymbolicName: org.eclipse.ant.core; bundle-version="3.4.0.v20150428-1928"; singleton:="true"
              org.eclipse.ant.core [73]
                Unresolved requirement: Require-Bundle: org.eclipse.core.variables; bundle-version="[3.1.0,4.0.0)"
                  -> Bundle-SymbolicName: org.eclipse.core.variables; bundle-version="3.2.800.v20130819-1716"; singleton:="true"
                     org.eclipse.core.variables [99]
                       Unresolved requirement: Require-Bundle: org.eclipse.core.runtime; bundle-version="[3.3.0,4.0.0)"
                         -> Bundle-SymbolicName: org.eclipse.core.runtime; bundle-version="3.11.1.v20150903-1804"; singleton:="true"
                            org.eclipse.core.runtime [96]
                              Unresolved requirement: Require-Bundle: org.eclipse.core.jobs; bundle-version="[3.2.0,4.0.0)"; visibility:="reexport"
                                -> Bundle-SymbolicName: org.eclipse.core.jobs; bundle-version="3.7.0.v20150330-2103"; singleton:="true"
                                   org.eclipse.core.jobs [93]
                                     Unresolved requirement: Require-Capability: osgi.ee; filter:="(&(osgi.ee=JavaSE)(version=1.7))"
         Unresolved requirement: Require-Bundle: org.eclipse.core.expressions; bundle-version="[3.2.0,4.0.0)"
           -> Bundle-SymbolicName: org.eclipse.core.expressions; bundle-version="3.5.0.v20150421-2214"; singleton:="true"
              org.eclipse.core.expressions [87]
                Unresolved requirement: Require-Bundle: org.eclipse.core.runtime; bundle-version="[3.3.0,4.0.0)"
                  -> Bundle-SymbolicName: org.eclipse.core.runtime; bundle-version="3.11.1.v20150903-1804"; singleton:="true"


!ENTRY org.eclipse.compare 2 0 2016-01-31 23:13:15.035
!MESSAGE Could not resolve module: org.eclipse.compare [79]
  Unresolved requirement: Require-Bundle: org.eclipse.ui; bundle-version="[3.5.0,4.0.0)"
    -> Bundle-SymbolicName: org.eclipse.ui; bundle-version="3.107.0.v20150507-1945"; singleton:="true"
       org.eclipse.ui [455]
         Unresolved requirement: Require-Bundle: org.eclipse.core.runtime; bundle-version="[3.2.0,4.0.0)"
           -> Bundle-SymbolicName: org.eclipse.core.runtime; bundle-version="3.11.1.v20150903-1804"; singleton:="true"
              org.eclipse.core.runtime [96]
                Unresolved requirement: Require-Bundle: org.eclipse.core.jobs; bundle-version="[3.2.0,4.0.0)"; visibility:="reexport"
                  -> Bundle-SymbolicName: org.eclipse.core.jobs; bundle-version="3.7.0.v20150330-2103"; singleton:="true"
                     org.eclipse.core.jobs [93]
                       Unresolved requirement: Require-Capability: osgi.ee; filter:="(&(osgi.ee=JavaSE)(version=1.7))"


!ENTRY org.eclipse.equinox.security.macosx 2 0 2016-01-31 23:13:15.035
!MESSAGE Could not resolve module: org.eclipse.equinox.security.macosx [209]
  Unresolved requirement: Fragment-Host: org.eclipse.equinox.security; bundle-version="[1.0.0,2.0.0)"
    -> Bundle-SymbolicName: org.eclipse.equinox.security; bundle-version="1.2.100.v20150423-1356"; singleton:="true"
       org.eclipse.equinox.security [208]
         Unresolved requirement: Import-Package: org.eclipse.core.runtime.jobs
           -> Export-Package: org.eclipse.core.runtime.jobs; bundle-version="3.7.0.v20150330-2103"; bundle-symbolic-name="org.eclipse.core.jobs"; version="0.0.0"
              org.eclipse.core.jobs [93]
                Unresolved requirement: Require-Capability: osgi.ee; filter:="(&(osgi.ee=JavaSE)(version=1.7))"


!ENTRY org.eclipse.m2e.editor.xml 2 0 2016-01-31 23:13:15.036
!MESSAGE Could not resolve module: org.eclipse.m2e.editor.xml [263]
  Unresolved requirement: Require-Bundle: org.eclipse.core.runtime
    -> Bundle-SymbolicName: org.eclipse.core.runtime; bundle-version="3.11.1.v20150903-1804"; singleton:="true"
       org.eclipse.core.runtime [96]
         Unresolved requirement: Require-Bundle: org.eclipse.core.jobs; bundle-version="[3.2.0,4.0.0)"; visibility:="reexport"
           -> Bundle-SymbolicName: org.eclipse.core.jobs; bundle-version="3.7.0.v20150330-2103"; singleton:="true"
              org.eclipse.core.jobs [93]
                Unresolved requirement: Require-Capability: osgi.ee; filter:="(&(osgi.ee=JavaSE)(version=1.7))"


!ENTRY org.eclipse.mylyn.commons.workbench 2 0 2016-01-31 23:13:15.037
!MESSAGE Could not resolve module: org.eclipse.mylyn.commons.workbench [295]
  Unresolved requirement: Require-Bundle: org.eclipse.core.runtime
    -> Bundle-SymbolicName: org.eclipse.core.runtime; bundle-version="3.11.1.v20150903-1804"; singleton:="true"
       org.eclipse.core.runtime [96]
         Unresolved requirement: Require-Bundle: org.eclipse.core.jobs; bundle-version="[3.2.0,4.0.0)"; visibility:="reexport"
           -> Bundle-SymbolicName: org.eclipse.core.jobs; bundle-version="3.7.0.v20150330-2103"; singleton:="true"
              org.eclipse.core.jobs [93]
                Unresolved requirement: Require-Capability: osgi.ee; filter:="(&(osgi.ee=JavaSE)(version=1.7))"


!ENTRY org.eclipse.wst.common.uriresolver 2 0 2016-01-31 23:13:15.037
!MESSAGE Could not resolve module: org.eclipse.wst.common.uriresolver [508]
  Unresolved requirement: Require-Bundle: org.eclipse.core.runtime; bundle-version="[3.4.0,4.0.0)"
    -> Bundle-SymbolicName: org.eclipse.core.runtime; bundle-version="3.11.1.v20150903-1804"; singleton:="true"
       org.eclipse.core.runtime [96]
         Unresolved requirement: Require-Bundle: org.eclipse.core.jobs; bundle-version="[3.2.0,4.0.0)"; visibility:="reexport"
           -> Bundle-SymbolicName: org.eclipse.core.jobs; bundle-version="3.7.0.v20150330-2103"; singleton:="true"
              org.eclipse.core.jobs [93]
                Unresolved requirement: Require-Capability: osgi.ee; filter:="(&(osgi.ee=JavaSE)(version=1.7))"


!ENTRY org.eclipse.m2e.lifecyclemapping.defaults 2 0 2016-01-31 23:13:15.037
!MESSAGE Could not resolve module: org.eclipse.m2e.lifecyclemapping.defaults [267]
  Unresolved requirement: Require-Bundle: org.eclipse.m2e.core; bundle-version="[1.6.0,1.7.0)"
    -> Bundle-SymbolicName: org.eclipse.m2e.core; bundle-version="1.6.2.20150902-0002"; singleton:="true"
       org.eclipse.m2e.core [259]
         Unresolved requirement: Require-Bundle: org.eclipse.m2e.maven.runtime; bundle-version="[1.6.0,1.7.0)"
           -> Bundle-SymbolicName: org.eclipse.m2e.maven.runtime; bundle-version="1.6.2.20150902-0001"; singleton:="false"
              org.eclipse.m2e.maven.runtime [271]
                Unresolved requirement: Require-Bundle: org.eclipse.m2e.maven.runtime.slf4j.simple; bundle-version="[1.6.0,1.7.0)"
                  -> Bundle-SymbolicName: org.eclipse.m2e.maven.runtime.slf4j.simple; bundle-version="1.6.2.20150902-0001"; singleton:="false"
                     org.eclipse.m2e.maven.runtime.slf4j.simple [272]
                       Unresolved requirement: Require-Capability: osgi.ee; filter:="(|(&(osgi.ee=JavaSE)(version=1.7))(&(osgi.ee=JavaSE)(version=1.8)))"


!ENTRY org.eclipse.e4.tools.emf.editor3x 2 0 2016-01-31 23:13:15.038
!MESSAGE Could not resolve module: org.eclipse.e4.tools.emf.editor3x [112]
  Unresolved requirement: Require-Bundle: org.eclipse.ui; bundle-version="3.6.0"
    -> Bundle-SymbolicName: org.eclipse.ui; bundle-version="3.107.0.v20150507-1945"; singleton:="true"
       org.eclipse.ui [455]
         Unresolved requirement: Require-Bundle: org.eclipse.core.runtime; bundle-version="[3.2.0,4.0.0)"
           -> Bundle-SymbolicName: org.eclipse.core.runtime; bundle-version="3.11.1.v20150903-1804"; singleton:="true"
              org.eclipse.core.runtime [96]
                Unresolved requirement: Require-Bundle: org.eclipse.core.jobs; bundle-version="[3.2.0,4.0.0)"; visibility:="reexport"
                  -> Bundle-SymbolicName: org.eclipse.core.jobs; bundle-version="3.7.0.v20150330-2103"; singleton:="true"
                     org.eclipse.core.jobs [93]
                       Unresolved requirement: Require-Capability: osgi.ee; filter:="(&(osgi.ee=JavaSE)(version=1.7))"


!ENTRY org.eclipse.recommenders.jayes.io 2 0 2016-01-31 23:13:15.038
!MESSAGE Could not resolve module: org.eclipse.recommenders.jayes.io [420]
  Unresolved requirement: Require-Bundle: org.eclipse.recommenders.jayes; bundle-version="[2.2.4,2.2.5)"
    -> Bundle-SymbolicName: org.eclipse.recommenders.jayes; bundle-version="2.2.4.v20150914-0857"
       org.eclipse.recommenders.jayes [419]
         Unresolved requirement: Require-Capability: osgi.ee; filter:="(&(osgi.ee=JavaSE)(version=1.7))"


!ENTRY org.eclipse.equinox.p2.updatechecker 2 0 2016-01-31 23:13:15.038
!MESSAGE Could not resolve module: org.eclipse.equinox.p2.updatechecker [204]
  Unresolved requirement: Import-Package: org.eclipse.equinox.p2.engine; version="[2.0.0,3.0.0)"
    -> Export-Package: org.eclipse.equinox.p2.engine; bundle-version="2.4.0.v20150511-1532"; bundle-symbolic-name="org.eclipse.equinox.p2.engine"; version="2.2.0"
       org.eclipse.equinox.p2.engine [184]
         Unresolved requirement: Import-Package: org.eclipse.equinox.internal.p2.metadata.repository.io
           -> Export-Package: org.eclipse.equinox.internal.p2.metadata.repository.io; bundle-version="1.2.200.v20150428-1613"; bundle-symbolic-name="org.eclipse.equinox.p2.metadata.repository"; version="0.0.0"; x-friends:="org.eclipse.equinox.p2.engine"
              org.eclipse.equinox.p2.metadata.repository [189]
                Unresolved requirement: Import-Package: org.eclipse.equinox.internal.p2.persistence
                  -> Export-Package: org.eclipse.equinox.internal.p2.persistence; bundle-version="2.3.100.v20150428-1613"; bundle-symbolic-name="org.eclipse.equinox.p2.repository"; version="0.0.0"; x-friends:="org.eclipse.equinox.p2.artifact.repository,  org.eclipse.equinox.p2.engine,  org.eclipse.equinox.p2.metadata.repository,  org.eclipse.equinox.p2.ui.importexport,  org.eclipse.equinox.p2.repository.tools"
                     org.eclipse.equinox.p2.repository [194]
                       Unresolved requirement: Import-Package: org.eclipse.core.runtime.jobs
                         -> Export-Package: org.eclipse.core.runtime.jobs; bundle-version="3.7.0.v20150330-2103"; bundle-symbolic-name="org.eclipse.core.jobs"; version="0.0.0"
                            org.eclipse.core.jobs [93]
                              Unresolved requirement: Require-Capability: osgi.ee; filter:="(&(osgi.ee=JavaSE)(version=1.7))"


!ENTRY org.eclipse.oomph.base.edit 2 0 2016-01-31 23:13:15.039
!MESSAGE Could not resolve module: org.eclipse.oomph.base.edit [352]
  Unresolved requirement: Require-Bundle: org.eclipse.core.runtime; bundle-version="[3.5.0,4.0.0)"
    -> Bundle-SymbolicName: org.eclipse.core.runtime; bundle-version="3.11.1.v20150903-1804"; singleton:="true"
       org.eclipse.core.runtime [96]
         Unresolved requirement: Require-Bundle: org.eclipse.core.jobs; bundle-version="[3.2.0,4.0.0)"; visibility:="reexport"
           -> Bundle-SymbolicName: org.eclipse.core.jobs; bundle-version="3.7.0.v20150330-2103"; singleton:="true"
              org.eclipse.core.jobs [93]
                Unresolved requirement: Require-Capability: osgi.ee; filter:="(&(osgi.ee=JavaSE)(version=1.7))"


!ENTRY org.eclipse.equinox.p2.engine 2 0 2016-01-31 23:13:15.039
!MESSAGE Could not resolve module: org.eclipse.equinox.p2.engine [184]
  Unresolved requirement: Import-Package: org.eclipse.equinox.internal.p2.metadata.repository.io
    -> Export-Package: org.eclipse.equinox.internal.p2.metadata.repository.io; bundle-version="1.2.200.v20150428-1613"; bundle-symbolic-name="org.eclipse.equinox.p2.metadata.repository"; version="0.0.0"; x-friends:="org.eclipse.equinox.p2.engine"
       org.eclipse.equinox.p2.metadata.repository [189]
         Unresolved requirement: Import-Package: org.eclipse.equinox.internal.p2.persistence
           -> Export-Package: org.eclipse.equinox.internal.p2.persistence; bundle-version="2.3.100.v20150428-1613"; bundle-symbolic-name="org.eclipse.equinox.p2.repository"; version="0.0.0"; x-friends:="org.eclipse.equinox.p2.artifact.repository,  org.eclipse.equinox.p2.engine,  org.eclipse.equinox.p2.metadata.repository,  org.eclipse.equinox.p2.ui.importexport,  org.eclipse.equinox.p2.repository.tools"
              org.eclipse.equinox.p2.repository [194]
                Unresolved requirement: Import-Package: org.eclipse.core.runtime.jobs
                  -> Export-Package: org.eclipse.core.runtime.jobs; bundle-version="3.7.0.v20150330-2103"; bundle-symbolic-name="org.eclipse.core.jobs"; version="0.0.0"
                     org.eclipse.core.jobs [93]
                       Unresolved requirement: Require-Capability: osgi.ee; filter:="(&(osgi.ee=JavaSE)(version=1.7))"


!ENTRY org.eclipse.wst.xsd.core 2 0 2016-01-31 23:13:15.039
!MESSAGE Could not resolve module: org.eclipse.wst.xsd.core [528]
  Unresolved requirement: Require-Bundle: org.eclipse.core.runtime; bundle-version="[3.2.0,4.0.0)"
    -> Bundle-SymbolicName: org.eclipse.core.runtime; bundle-version="3.11.1.v20150903-1804"; singleton:="true"
       org.eclipse.core.runtime [96]
         Unresolved requirement: Require-Bundle: org.eclipse.core.jobs; bundle-version="[3.2.0,4.0.0)"; visibility:="reexport"
           -> Bundle-SymbolicName: org.eclipse.core.jobs; bundle-version="3.7.0.v20150330-2103"; singleton:="true"
              org.eclipse.core.jobs [93]
                Unresolved requirement: Require-Capability: osgi.ee; filter:="(&(osgi.ee=JavaSE)(version=1.7))"


!ENTRY org.eclipse.e4.core.commands 2 0 2016-01-31 23:13:15.040
!MESSAGE Could not resolve module: org.eclipse.e4.core.commands [103]
  Unresolved requirement: Import-Package: org.eclipse.core.commands
    -> Export-Package: org.eclipse.core.commands; bundle-version="3.7.0.v20150422-0725"; bundle-symbolic-name="org.eclipse.core.commands"; version="0.0.0"
       org.eclipse.core.commands [81]
         Unresolved requirement: Require-Capability: osgi.ee; filter:="(&(osgi.ee=JavaSE)(version=1.7))"


!ENTRY org.eclipse.equinox.p2.garbagecollector 2 0 2016-01-31 23:13:15.040
!MESSAGE Could not resolve module: org.eclipse.equinox.p2.garbagecollector [186]
  Unresolved requirement: Import-Package: org.eclipse.equinox.p2.repository; version="[2.0.0,3.0.0)"
    -> Export-Package: org.eclipse.equinox.p2.repository; bundle-version="2.3.100.v20150428-1613"; bundle-symbolic-name="org.eclipse.equinox.p2.repository"; version="2.0.0"
       org.eclipse.equinox.p2.repository [194]
         Unresolved requirement: Import-Package: org.eclipse.core.runtime.jobs
           -> Export-Package: org.eclipse.core.runtime.jobs; bundle-version="3.7.0.v20150330-2103"; bundle-symbolic-name="org.eclipse.core.jobs"; version="0.0.0"
              org.eclipse.core.jobs [93]
                Unresolved requirement: Require-Capability: osgi.ee; filter:="(&(osgi.ee=JavaSE)(version=1.7))"


!ENTRY org.eclipse.oomph.setup.edit 2 0 2016-01-31 23:13:15.041
!MESSAGE Could not resolve module: org.eclipse.oomph.setup.edit [369]
  Unresolved requirement: Require-Bundle: org.eclipse.core.runtime; bundle-version="[3.5.0,4.0.0)"
    -> Bundle-SymbolicName: org.eclipse.core.runtime; bundle-version="3.11.1.v20150903-1804"; singleton:="true"
       org.eclipse.core.runtime [96]
         Unresolved requirement: Require-Bundle: org.eclipse.core.jobs; bundle-version="[3.2.0,4.0.0)"; visibility:="reexport"
           -> Bundle-SymbolicName: org.eclipse.core.jobs; bundle-version="3.7.0.v20150330-2103"; singleton:="true"
              org.eclipse.core.jobs [93]
                Unresolved requirement: Require-Capability: osgi.ee; filter:="(&(osgi.ee=JavaSE)(version=1.7))"


!ENTRY org.eclipse.equinox.p2.ui.importexport 2 0 2016-01-31 23:13:15.041
!MESSAGE Could not resolve module: org.eclipse.equinox.p2.ui.importexport [201]
  Unresolved requirement: Import-Package: org.eclipse.equinox.internal.p2.metadata.repository.io
    -> Export-Package: org.eclipse.equinox.internal.p2.metadata.repository.io; bundle-version="1.2.200.v20150428-1613"; bundle-symbolic-name="org.eclipse.equinox.p2.metadata.repository"; version="0.0.0"; x-friends:="org.eclipse.equinox.p2.engine"
       org.eclipse.equinox.p2.metadata.repository [189]
         Unresolved requirement: Import-Package: org.eclipse.equinox.internal.p2.persistence
           -> Export-Package: org.eclipse.equinox.internal.p2.persistence; bundle-version="2.3.100.v20150428-1613"; bundle-symbolic-name="org.eclipse.equinox.p2.repository"; version="0.0.0"; x-friends:="org.eclipse.equinox.p2.artifact.repository,  org.eclipse.equinox.p2.engine,  org.eclipse.equinox.p2.metadata.repository,  org.eclipse.equinox.p2.ui.importexport,  org.eclipse.equinox.p2.repository.tools"
              org.eclipse.equinox.p2.repository [194]
                Unresolved requirement: Import-Package: org.eclipse.core.runtime.jobs
                  -> Export-Package: org.eclipse.core.runtime.jobs; bundle-version="3.7.0.v20150330-2103"; bundle-symbolic-name="org.eclipse.core.jobs"; version="0.0.0"
                     org.eclipse.core.jobs [93]
                       Unresolved requirement: Require-Capability: osgi.ee; filter:="(&(osgi.ee=JavaSE)(version=1.7))"


!ENTRY org.eclipse.help.webapp 2 0 2016-01-31 23:13:15.042
!MESSAGE Could not resolve module: org.eclipse.help.webapp [217]
  Unresolved requirement: Import-Package: javax.servlet; version="3.1.0"
    -> Export-Package: javax.servlet; bundle-version="3.1.0.v201410161800"; bundle-symbolic-name="javax.servlet"; version="3.1.0"; uses:="javax.servlet.descriptor,javax.servlet.annotation"
       javax.servlet [32]
         Unresolved requirement: Require-Capability: osgi.ee; filter:="(&(osgi.ee=JavaSE)(version=1.7))"


!ENTRY org.eclipse.jdt.core 2 0 2016-01-31 23:13:15.042
!MESSAGE Could not resolve module: org.eclipse.jdt.core [226]
  Unresolved requirement: Require-Bundle: org.eclipse.core.resources; bundle-version="[3.3.0,4.0.0)"
    -> Bundle-SymbolicName: org.eclipse.core.resources; bundle-version="3.10.1.v20150725-1910"; singleton:="true"
       org.eclipse.core.resources [95]
         Unresolved requirement: Require-Bundle: org.eclipse.ant.core; bundle-version="[3.1.0,4.0.0)"; resolution:="optional"
           -> Bundle-SymbolicName: org.eclipse.ant.core; bundle-version="3.4.0.v20150428-1928"; singleton:="true"
              org.eclipse.ant.core [73]
                Unresolved requirement: Require-Bundle: org.eclipse.core.variables; bundle-version="[3.1.0,4.0.0)"
                  -> Bundle-SymbolicName: org.eclipse.core.variables; bundle-version="3.2.800.v20130819-1716"; singleton:="true"
                     org.eclipse.core.variables [99]
                       Unresolved requirement: Require-Bundle: org.eclipse.core.runtime; bundle-version="[3.3.0,4.0.0)"
                         -> Bundle-SymbolicName: org.eclipse.core.runtime; bundle-version="3.11.1.v20150903-1804"; singleton:="true"
                            org.eclipse.core.runtime [96]
                              Unresolved requirement: Require-Bundle: org.eclipse.core.jobs; bundle-version="[3.2.0,4.0.0)"; visibility:="reexport"
                                -> Bundle-SymbolicName: org.eclipse.core.jobs; bundle-version="3.7.0.v20150330-2103"; singleton:="true"
                                   org.eclipse.core.jobs [93]
                                     Unresolved requirement: Require-Capability: osgi.ee; filter:="(&(osgi.ee=JavaSE)(version=1.7))"
         Unresolved requirement: Require-Bundle: org.eclipse.core.expressions; bundle-version="[3.2.0,4.0.0)"
           -> Bundle-SymbolicName: org.eclipse.core.expressions; bundle-version="3.5.0.v20150421-2214"; singleton:="true"
              org.eclipse.core.expressions [87]
                Unresolved requirement: Require-Bundle: org.eclipse.core.runtime; bundle-version="[3.3.0,4.0.0)"
                  -> Bundle-SymbolicName: org.eclipse.core.runtime; bundle-version="3.11.1.v20150903-1804"; singleton:="true"


!ENTRY org.eclipse.rap.tools.launch.rwt 2 0 2016-01-31 23:13:15.042
!MESSAGE Could not resolve module: org.eclipse.rap.tools.launch.rwt [405]
  Unresolved requirement: Require-Bundle: org.eclipse.core.runtime; bundle-version="[3.6.0,4.0.0)"
    -> Bundle-SymbolicName: org.eclipse.core.runtime; bundle-version="3.11.1.v20150903-1804"; singleton:="true"
       org.eclipse.core.runtime [96]
         Unresolved requirement: Require-Bundle: org.eclipse.core.jobs; bundle-version="[3.2.0,4.0.0)"; visibility:="reexport"
           -> Bundle-SymbolicName: org.eclipse.core.jobs; bundle-version="3.7.0.v20150330-2103"; singleton:="true"
              org.eclipse.core.jobs [93]
                Unresolved requirement: Require-Capability: osgi.ee; filter:="(&(osgi.ee=JavaSE)(version=1.7))"


!ENTRY org.eclipse.mylyn.reviews.ui 2 0 2016-01-31 23:13:15.042
!MESSAGE Could not resolve module: org.eclipse.mylyn.reviews.ui [320]
  Unresolved requirement: Require-Bundle: org.eclipse.ui
    -> Bundle-SymbolicName: org.eclipse.ui; bundle-version="3.107.0.v20150507-1945"; singleton:="true"
       org.eclipse.ui [455]
         Unresolved requirement: Require-Bundle: org.eclipse.core.runtime; bundle-version="[3.2.0,4.0.0)"
           -> Bundle-SymbolicName: org.eclipse.core.runtime; bundle-version="3.11.1.v20150903-1804"; singleton:="true"
              org.eclipse.core.runtime [96]
                Unresolved requirement: Require-Bundle: org.eclipse.core.jobs; bundle-version="[3.2.0,4.0.0)"; visibility:="reexport"
                  -> Bundle-SymbolicName: org.eclipse.core.jobs; bundle-version="3.7.0.v20150330-2103"; singleton:="true"
                     org.eclipse.core.jobs [93]
                       Unresolved requirement: Require-Capability: osgi.ee; filter:="(&(osgi.ee=JavaSE)(version=1.7))"


!ENTRY org.eclipse.mylyn.wikitext.help.ui 2 0 2016-01-31 23:13:15.043
!MESSAGE Could not resolve module: org.eclipse.mylyn.wikitext.help.ui [336]
  Unresolved requirement: Require-Bundle: org.eclipse.help
    -> Bundle-SymbolicName: org.eclipse.help; bundle-version="3.6.0.v20130326-1254"; singleton:="true"
       org.eclipse.help [214]
         Unresolved requirement: Require-Bundle: org.eclipse.core.runtime; bundle-version="[3.6.0,4.0.0)"
           -> Bundle-SymbolicName: org.eclipse.core.runtime; bundle-version="3.11.1.v20150903-1804"; singleton:="true"
              org.eclipse.core.runtime [96]
                Unresolved requirement: Require-Bundle: org.eclipse.core.jobs; bundle-version="[3.2.0,4.0.0)"; visibility:="reexport"
                  -> Bundle-SymbolicName: org.eclipse.core.jobs; bundle-version="3.7.0.v20150330-2103"; singleton:="true"
                     org.eclipse.core.jobs [93]
                       Unresolved requirement: Require-Capability: osgi.ee; filter:="(&(osgi.ee=JavaSE)(version=1.7))"


!ENTRY org.eclipse.mylyn.discovery.ui 2 0 2016-01-31 23:13:15.043
!MESSAGE Could not resolve module: org.eclipse.mylyn.discovery.ui [302]
  Unresolved requirement: Require-Bundle: org.eclipse.core.runtime
    -> Bundle-SymbolicName: org.eclipse.core.runtime; bundle-version="3.11.1.v20150903-1804"; singleton:="true"
       org.eclipse.core.runtime [96]
         Unresolved requirement: Require-Bundle: org.eclipse.core.jobs; bundle-version="[3.2.0,4.0.0)"; visibility:="reexport"
           -> Bundle-SymbolicName: org.eclipse.core.jobs; bundle-version="3.7.0.v20150330-2103"; singleton:="true"
              org.eclipse.core.jobs [93]
                Unresolved requirement: Require-Capability: osgi.ee; filter:="(&(osgi.ee=JavaSE)(version=1.7))"


!ENTRY org.eclipse.ant.core 2 0 2016-01-31 23:13:15.043
!MESSAGE Could not resolve module: org.eclipse.ant.core [73]
  Unresolved requirement: Require-Bundle: org.eclipse.core.variables; bundle-version="[3.1.0,4.0.0)"
    -> Bundle-SymbolicName: org.eclipse.core.variables; bundle-version="3.2.800.v20130819-1716"; singleton:="true"
       org.eclipse.core.variables [99]
         Unresolved requirement: Require-Bundle: org.eclipse.core.runtime; bundle-version="[3.3.0,4.0.0)"
           -> Bundle-SymbolicName: org.eclipse.core.runtime; bundle-version="3.11.1.v20150903-1804"; singleton:="true"
              org.eclipse.core.runtime [96]
                Unresolved requirement: Require-Bundle: org.eclipse.core.jobs; bundle-version="[3.2.0,4.0.0)"; visibility:="reexport"
                  -> Bundle-SymbolicName: org.eclipse.core.jobs; bundle-version="3.7.0.v20150330-2103"; singleton:="true"
                     org.eclipse.core.jobs [93]
                       Unresolved requirement: Require-Capability: osgi.ee; filter:="(&(osgi.ee=JavaSE)(version=1.7))"


!ENTRY org.eclipse.epp.package.rcp 2 0 2016-01-31 23:13:15.043
!MESSAGE Could not resolve module: org.eclipse.epp.package.rcp [159]
  Unresolved requirement: Require-Bundle: org.eclipse.platform
    -> Bundle-SymbolicName: org.eclipse.platform; bundle-version="4.5.1.v20150904-0015"; singleton:="true"
       org.eclipse.platform [399]
         Unresolved requirement: Require-Bundle: org.eclipse.ui.intro; bundle-version="[3.2.0,4.0.0)"
           -> Bundle-SymbolicName: org.eclipse.ui.intro; bundle-version="3.4.300.v20141007-1449"; singleton:="true"
              org.eclipse.ui.intro [465]
                Unresolved requirement: Require-Bundle: org.eclipse.core.runtime; bundle-version="[3.6.0,4.0.0)"
                  -> Bundle-SymbolicName: org.eclipse.core.runtime; bundle-version="3.11.1.v20150903-1804"; singleton:="true"
                     org.eclipse.core.runtime [96]
                       Unresolved requirement: Require-Bundle: org.eclipse.core.jobs; bundle-version="[3.2.0,4.0.0)"; visibility:="reexport"
                         -> Bundle-SymbolicName: org.eclipse.core.jobs; bundle-version="3.7.0.v20150330-2103"; singleton:="true"
                            org.eclipse.core.jobs [93]
                              Unresolved requirement: Require-Capability: osgi.ee; filter:="(&(osgi.ee=JavaSE)(version=1.7))"


!ENTRY org.eclipse.wst.common.frameworks.ui 2 0 2016-01-31 23:13:15.044
!MESSAGE Could not resolve module: org.eclipse.wst.common.frameworks.ui [501]
  Unresolved requirement: Require-Bundle: org.eclipse.ui.ide; bundle-version="[3.4.0,4.0.0)"
    -> Bundle-SymbolicName: org.eclipse.ui.ide; bundle-version="3.11.0.v20150825-2158"; singleton:="true"
       org.eclipse.ui.ide [463]
         Unresolved requirement: Require-Bundle: org.eclipse.core.resources; bundle-version="[3.7.0,4.0.0)"; resolution:="optional"
           -> Bundle-SymbolicName: org.eclipse.core.resources; bundle-version="3.10.1.v20150725-1910"; singleton:="true"
              org.eclipse.core.resources [95]
                Unresolved requirement: Require-Bundle: org.eclipse.ant.core; bundle-version="[3.1.0,4.0.0)"; resolution:="optional"
                  -> Bundle-SymbolicName: org.eclipse.ant.core; bundle-version="3.4.0.v20150428-1928"; singleton:="true"
                     org.eclipse.ant.core [73]
                       Unresolved requirement: Require-Bundle: org.eclipse.core.variables; bundle-version="[3.1.0,4.0.0)"
                         -> Bundle-SymbolicName: org.eclipse.core.variables; bundle-version="3.2.800.v20130819-1716"; singleton:="true"
                            org.eclipse.core.variables [99]
                              Unresolved requirement: Require-Bundle: org.eclipse.core.runtime; bundle-version="[3.3.0,4.0.0)"
                                -> Bundle-SymbolicName: org.eclipse.core.runtime; bundle-version="3.11.1.v20150903-1804"; singleton:="true"
                                   org.eclipse.core.runtime [96]
                                     Unresolved requirement: Require-Bundle: org.eclipse.core.jobs; bundle-version="[3.2.0,4.0.0)"; visibility:="reexport"
                                       -> Bundle-SymbolicName: org.eclipse.core.jobs; bundle-version="3.7.0.v20150330-2103"; singleton:="true"
                                          org.eclipse.core.jobs [93]
                                            Unresolved requirement: Require-Capability: osgi.ee; filter:="(&(osgi.ee=JavaSE)(version=1.7))"
                Unresolved requirement: Require-Bundle: org.eclipse.core.expressions; bundle-version="[3.2.0,4.0.0)"
                  -> Bundle-SymbolicName: org.eclipse.core.expressions; bundle-version="3.5.0.v20150421-2214"; singleton:="true"
                     org.eclipse.core.expressions [87]
                       Unresolved requirement: Require-Bundle: org.eclipse.core.runtime; bundle-version="[3.3.0,4.0.0)"
                         -> Bundle-SymbolicName: org.eclipse.core.runtime; bundle-version="3.11.1.v20150903-1804"; singleton:="true"
         Unresolved requirement: Require-Bundle: org.eclipse.core.runtime; bundle-version="[3.2.0,4.0.0)"
           -> Bundle-SymbolicName: org.eclipse.core.runtime; bundle-version="3.11.1.v20150903-1804"; singleton:="true"


!ENTRY org.eclipse.e4.ui.bindings 2 0 2016-01-31 23:13:15.044
!MESSAGE Could not resolve module: org.eclipse.e4.ui.bindings [116]
  Unresolved requirement: Import-Package: org.eclipse.e4.core.commands
    -> Export-Package: org.eclipse.e4.core.commands; bundle-version="0.11.0.v20150422-0725"; bundle-symbolic-name="org.eclipse.e4.core.commands"; version="0.0.0"; x-friends:="org.eclipse.e4.ui.bindings,  org.eclipse.e4.ui.workbench,  org.eclipse.e4.ui.workbench.renderers.swt,  org.eclipse.ui.workbench,  org.eclipse.e4.ui.workbench.swt,  org.eclipse.e4.ui.progress,  org.eclipse.e4.core.commands.tests"
       org.eclipse.e4.core.commands [103]
         Unresolved requirement: Import-Package: org.eclipse.core.commands
           -> Export-Package: org.eclipse.core.commands; bundle-version="3.7.0.v20150422-0725"; bundle-symbolic-name="org.eclipse.core.commands"; version="0.0.0"
              org.eclipse.core.commands [81]
                Unresolved requirement: Require-Capability: osgi.ee; filter:="(&(osgi.ee=JavaSE)(version=1.7))"


!ENTRY org.eclipse.mylyn.wikitext.tracwiki.core 2 0 2016-01-31 23:13:15.044
!MESSAGE Could not resolve module: org.eclipse.mylyn.wikitext.tracwiki.core [345]
  Unresolved requirement: Require-Bundle: org.eclipse.mylyn.wikitext.core; bundle-version="2.0.0"
    -> Bundle-SymbolicName: org.eclipse.mylyn.wikitext.core; bundle-version="2.6.0.v20150901-2143"; singleton:="true"
       org.eclipse.mylyn.wikitext.core [333]
         Unresolved requirement: Require-Capability: osgi.ee; filter:="(&(osgi.ee=JavaSE)(version=1.7))"


!ENTRY org.eclipse.mylyn.tasks.bugs 2 0 2016-01-31 23:13:15.044
!MESSAGE Could not resolve module: org.eclipse.mylyn.tasks.bugs [321]
  Unresolved requirement: Require-Bundle: org.eclipse.core.runtime
    -> Bundle-SymbolicName: org.eclipse.core.runtime; bundle-version="3.11.1.v20150903-1804"; singleton:="true"
       org.eclipse.core.runtime [96]
         Unresolved requirement: Require-Bundle: org.eclipse.core.jobs; bundle-version="[3.2.0,4.0.0)"; visibility:="reexport"
           -> Bundle-SymbolicName: org.eclipse.core.jobs; bundle-version="3.7.0.v20150330-2103"; singleton:="true"
              org.eclipse.core.jobs [93]
                Unresolved requirement: Require-Capability: osgi.ee; filter:="(&(osgi.ee=JavaSE)(version=1.7))"


!ENTRY org.eclipse.wb.swt.widgets.baseline 2 0 2016-01-31 23:13:15.044
!MESSAGE Could not resolve module: org.eclipse.wb.swt.widgets.baseline [495]
  Unresolved requirement: Require-Bundle: org.eclipse.core.runtime
    -> Bundle-SymbolicName: org.eclipse.core.runtime; bundle-version="3.11.1.v20150903-1804"; singleton:="true"
       org.eclipse.core.runtime [96]
         Unresolved requirement: Require-Bundle: org.eclipse.core.jobs; bundle-version="[3.2.0,4.0.0)"; visibility:="reexport"
           -> Bundle-SymbolicName: org.eclipse.core.jobs; bundle-version="3.7.0.v20150330-2103"; singleton:="true"
              org.eclipse.core.jobs [93]
                Unresolved requirement: Require-Capability: osgi.ee; filter:="(&(osgi.ee=JavaSE)(version=1.7))"


!ENTRY org.eclipse.search 2 0 2016-01-31 23:13:15.045
!MESSAGE Could not resolve module: org.eclipse.search [435]
  Unresolved requirement: Require-Bundle: org.eclipse.core.runtime; bundle-version="[3.5.0,4.0.0)"
    -> Bundle-SymbolicName: org.eclipse.core.runtime; bundle-version="3.11.1.v20150903-1804"; singleton:="true"
       org.eclipse.core.runtime [96]
         Unresolved requirement: Require-Bundle: org.eclipse.core.jobs; bundle-version="[3.2.0,4.0.0)"; visibility:="reexport"
           -> Bundle-SymbolicName: org.eclipse.core.jobs; bundle-version="3.7.0.v20150330-2103"; singleton:="true"
              org.eclipse.core.jobs [93]
                Unresolved requirement: Require-Capability: osgi.ee; filter:="(&(osgi.ee=JavaSE)(version=1.7))"


!ENTRY org.eclipse.mylyn.wikitext.markdown.ui 2 0 2016-01-31 23:13:15.045
!MESSAGE Could not resolve module: org.eclipse.mylyn.wikitext.markdown.ui [339]
  Unresolved requirement: Require-Bundle: org.eclipse.mylyn.wikitext.core; bundle-version="2.0.0"
    -> Bundle-SymbolicName: org.eclipse.mylyn.wikitext.core; bundle-version="2.6.0.v20150901-2143"; singleton:="true"
       org.eclipse.mylyn.wikitext.core [333]
         Unresolved requirement: Require-Capability: osgi.ee; filter:="(&(osgi.ee=JavaSE)(version=1.7))"


!ENTRY org.eclipse.recommenders.jdt 2 0 2016-01-31 23:13:15.045
!MESSAGE Could not resolve module: org.eclipse.recommenders.jdt [421]
  Unresolved requirement: Require-Bundle: org.eclipse.core.resources
    -> Bundle-SymbolicName: org.eclipse.core.resources; bundle-version="3.10.1.v20150725-1910"; singleton:="true"
       org.eclipse.core.resources [95]
         Unresolved requirement: Require-Bundle: org.eclipse.ant.core; bundle-version="[3.1.0,4.0.0)"; resolution:="optional"
           -> Bundle-SymbolicName: org.eclipse.ant.core; bundle-version="3.4.0.v20150428-1928"; singleton:="true"
              org.eclipse.ant.core [73]
                Unresolved requirement: Require-Bundle: org.eclipse.core.variables; bundle-version="[3.1.0,4.0.0)"
                  -> Bundle-SymbolicName: org.eclipse.core.variables; bundle-version="3.2.800.v20130819-1716"; singleton:="true"
                     org.eclipse.core.variables [99]
                       Unresolved requirement: Require-Bundle: org.eclipse.core.runtime; bundle-version="[3.3.0,4.0.0)"
                         -> Bundle-SymbolicName: org.eclipse.core.runtime; bundle-version="3.11.1.v20150903-1804"; singleton:="true"
                            org.eclipse.core.runtime [96]
                              Unresolved requirement: Require-Bundle: org.eclipse.core.jobs; bundle-version="[3.2.0,4.0.0)"; visibility:="reexport"
                                -> Bundle-SymbolicName: org.eclipse.core.jobs; bundle-version="3.7.0.v20150330-2103"; singleton:="true"
                                   org.eclipse.core.jobs [93]
                                     Unresolved requirement: Require-Capability: osgi.ee; filter:="(&(osgi.ee=JavaSE)(version=1.7))"
         Unresolved requirement: Require-Bundle: org.eclipse.core.expressions; bundle-version="[3.2.0,4.0.0)"
           -> Bundle-SymbolicName: org.eclipse.core.expressions; bundle-version="3.5.0.v20150421-2214"; singleton:="true"
              org.eclipse.core.expressions [87]
                Unresolved requirement: Require-Bundle: org.eclipse.core.runtime; bundle-version="[3.3.0,4.0.0)"
                  -> Bundle-SymbolicName: org.eclipse.core.runtime; bundle-version="3.11.1.v20150903-1804"; singleton:="true"


!ENTRY org.eclipse.wst.common.snippets 2 0 2016-01-31 23:13:15.046
!MESSAGE Could not resolve module: org.eclipse.wst.common.snippets [506]
  Unresolved requirement: Require-Bundle: org.eclipse.gef; bundle-version="[3.4.0,4.0.0)"
    -> Bundle-SymbolicName: org.eclipse.gef; bundle-version="3.10.1.201508170204"; singleton:="true"
       org.eclipse.gef [213]
         Unresolved requirement: Require-Bundle: org.eclipse.core.runtime; bundle-version="[3.5.0,4.0.0)"
           -> Bundle-SymbolicName: org.eclipse.core.runtime; bundle-version="3.11.1.v20150903-1804"; singleton:="true"
              org.eclipse.core.runtime [96]
                Unresolved requirement: Require-Bundle: org.eclipse.core.jobs; bundle-version="[3.2.0,4.0.0)"; visibility:="reexport"
                  -> Bundle-SymbolicName: org.eclipse.core.jobs; bundle-version="3.7.0.v20150330-2103"; singleton:="true"
                     org.eclipse.core.jobs [93]
                       Unresolved requirement: Require-Capability: osgi.ee; filter:="(&(osgi.ee=JavaSE)(version=1.7))"


!ENTRY org.eclipse.mylyn.java.ui 2 0 2016-01-31 23:13:15.046
!MESSAGE Could not resolve module: org.eclipse.mylyn.java.ui [313]
  Unresolved requirement: Require-Bundle: org.eclipse.core.runtime
    -> Bundle-SymbolicName: org.eclipse.core.runtime; bundle-version="3.11.1.v20150903-1804"; singleton:="true"
       org.eclipse.core.runtime [96]
         Unresolved requirement: Require-Bundle: org.eclipse.core.jobs; bundle-version="[3.2.0,4.0.0)"; visibility:="reexport"
           -> Bundle-SymbolicName: org.eclipse.core.jobs; bundle-version="3.7.0.v20150330-2103"; singleton:="true"
              org.eclipse.core.jobs [93]
                Unresolved requirement: Require-Capability: osgi.ee; filter:="(&(osgi.ee=JavaSE)(version=1.7))"


!ENTRY org.eclipse.core.jobs 2 0 2016-01-31 23:13:15.046
!MESSAGE Could not resolve module: org.eclipse.core.jobs [93]
  Unresolved requirement: Require-Capability: osgi.ee; filter:="(&(osgi.ee=JavaSE)(version=1.7))"


!ENTRY org.eclipse.gef 2 0 2016-01-31 23:13:15.046
!MESSAGE Could not resolve module: org.eclipse.gef [213]
  Unresolved requirement: Require-Bundle: org.eclipse.core.runtime; bundle-version="[3.5.0,4.0.0)"
    -> Bundle-SymbolicName: org.eclipse.core.runtime; bundle-version="3.11.1.v20150903-1804"; singleton:="true"
       org.eclipse.core.runtime [96]
         Unresolved requirement: Require-Bundle: org.eclipse.core.jobs; bundle-version="[3.2.0,4.0.0)"; visibility:="reexport"
           -> Bundle-SymbolicName: org.eclipse.core.jobs; bundle-version="3.7.0.v20150330-2103"; singleton:="true"
              org.eclipse.core.jobs [93]
                Unresolved requirement: Require-Capability: osgi.ee; filter:="(&(osgi.ee=JavaSE)(version=1.7))"


!ENTRY org.eclipse.mylyn.discovery.core 2 0 2016-01-31 23:13:15.047
!MESSAGE Could not resolve module: org.eclipse.mylyn.discovery.core [301]
  Unresolved requirement: Require-Bundle: org.eclipse.core.runtime; bundle-version="3.3.0"
    -> Bundle-SymbolicName: org.eclipse.core.runtime; bundle-version="3.11.1.v20150903-1804"; singleton:="true"
       org.eclipse.core.runtime [96]
         Unresolved requirement: Require-Bundle: org.eclipse.core.jobs; bundle-version="[3.2.0,4.0.0)"; visibility:="reexport"
           -> Bundle-SymbolicName: org.eclipse.core.jobs; bundle-version="3.7.0.v20150330-2103"; singleton:="true"
              org.eclipse.core.jobs [93]
                Unresolved requirement: Require-Capability: osgi.ee; filter:="(&(osgi.ee=JavaSE)(version=1.7))"


!ENTRY org.eclipse.mylyn.bugzilla.ui 2 0 2016-01-31 23:13:15.047
!MESSAGE Could not resolve module: org.eclipse.mylyn.bugzilla.ui [281]
  Unresolved requirement: Require-Bundle: org.eclipse.ui
    -> Bundle-SymbolicName: org.eclipse.ui; bundle-version="3.107.0.v20150507-1945"; singleton:="true"
       org.eclipse.ui [455]
         Unresolved requirement: Require-Bundle: org.eclipse.core.runtime; bundle-version="[3.2.0,4.0.0)"
           -> Bundle-SymbolicName: org.eclipse.core.runtime; bundle-version="3.11.1.v20150903-1804"; singleton:="true"
              org.eclipse.core.runtime [96]
                Unresolved requirement: Require-Bundle: org.eclipse.core.jobs; bundle-version="[3.2.0,4.0.0)"; visibility:="reexport"
                  -> Bundle-SymbolicName: org.eclipse.core.jobs; bundle-version="3.7.0.v20150330-2103"; singleton:="true"
                     org.eclipse.core.jobs [93]
                       Unresolved requirement: Require-Capability: osgi.ee; filter:="(&(osgi.ee=JavaSE)(version=1.7))"


!ENTRY org.eclipse.ui.browser 2 0 2016-01-31 23:13:15.047
!MESSAGE Could not resolve module: org.eclipse.ui.browser [456]
  Unresolved requirement: Require-Bundle: org.eclipse.core.runtime; bundle-version="[3.11.0,4.0.0)"
    -> Bundle-SymbolicName: org.eclipse.core.runtime; bundle-version="3.11.1.v20150903-1804"; singleton:="true"
       org.eclipse.core.runtime [96]
         Unresolved requirement: Require-Bundle: org.eclipse.core.jobs; bundle-version="[3.2.0,4.0.0)"; visibility:="reexport"
           -> Bundle-SymbolicName: org.eclipse.core.jobs; bundle-version="3.7.0.v20150330-2103"; singleton:="true"
              org.eclipse.core.jobs [93]
                Unresolved requirement: Require-Capability: osgi.ee; filter:="(&(osgi.ee=JavaSE)(version=1.7))"


!ENTRY org.eclipse.osgi 4 0 2016-01-31 23:13:15.050
!MESSAGE Application error
!STACK 1
java.lang.IllegalStateException: Unable to acquire application service. Ensure that the org.eclipse.core.runtime bundle is resolved and started (see config.ini).
	at org.eclipse.core.runtime.internal.adaptor.EclipseAppLauncher.start(EclipseAppLauncher.java:78)
	at org.eclipse.core.runtime.adaptor.EclipseStarter.run(EclipseStarter.java:380)
	at org.eclipse.core.runtime.adaptor.EclipseStarter.run(EclipseStarter.java:235)
	at sun.reflect.NativeMethodAccessorImpl.invoke0(Native Method)
	at sun.reflect.NativeMethodAccessorImpl.invoke(NativeMethodAccessorImpl.java:39)
	at sun.reflect.DelegatingMethodAccessorImpl.invoke(DelegatingMethodAccessorImpl.java:25)
	at java.lang.reflect.Method.invoke(Method.java:597)
	at org.eclipse.equinox.launcher.Main.invokeFramework(Main.java:669)
	at org.eclipse.equinox.launcher.Main.basicRun(Main.java:608)
	at org.eclipse.equinox.launcher.Main.run(Main.java:1515)
	at org.eclipse.equinox.launcher.Main.main(Main.java:1488)
