!SESSION 2016-01-31 22:50:07.099 -----------------------------------------------
eclipse.buildId=4.5.1.M20150904-0015
java.version=1.6.0_65
java.vendor=Apple Inc.
BootLoader constants: OS=macosx, ARCH=x86_64, WS=cocoa, NL=en_US
Framework arguments:  -product org.eclipse.platform.ide
Command-line arguments:  -product org.eclipse.platform.ide -data /Users/dennis/Work/github/amzi/source/eclipse/amzi-ide/workspace/../runtime-EclipseApplication(1) -dev file:/Users/dennis/Work/github/amzi/source/eclipse/amzi-ide/workspace/.metadata/.plugins/org.eclipse.pde.core/Eclipse Application (1)/dev.properties -os macosx -ws cocoa -arch x86_64 -consoleLog

This is a continuation of log file /Users/dennis/Work/github/amzi/source/eclipse/amzi-ide/workspace/.metadata/.plugins/org.eclipse.pde.core/Eclipse Application (1)/1454298607496.bak_0.log
Created Time: 2016-01-31 22:50:10.362

!ENTRY org.eclipse.e4.ui.css.core 2 0 2016-01-31 22:50:10.363
!MESSAGE Could not resolve module: org.eclipse.e4.ui.css.core [117]
  Unresolved requirement: Require-Bundle: org.eclipse.core.runtime; bundle-version="[3.6.0,4.0.0)"
    -> Bundle-SymbolicName: org.eclipse.core.runtime; bundle-version="3.11.1.v20150903-1804"; singleton:="true"
       org.eclipse.core.runtime [96]
         Unresolved requirement: Require-Bundle: org.eclipse.core.jobs; bundle-version="[3.2.0,4.0.0)"; visibility:="reexport"
           -> Bundle-SymbolicName: org.eclipse.core.jobs; bundle-version="3.7.0.v20150330-2103"; singleton:="true"
              org.eclipse.core.jobs [93]
                Unresolved requirement: Require-Capability: osgi.ee; filter:="(&(osgi.ee=JavaSE)(version=1.7))"


!ENTRY org.eclipse.core.databinding.beans 2 0 2016-01-31 22:50:10.363
!MESSAGE Could not resolve module: org.eclipse.core.databinding.beans [84]
  Unresolved requirement: Require-Bundle: org.eclipse.core.databinding.observable; bundle-version="[1.2.0,2.0.0)"
    -> Bundle-SymbolicName: org.eclipse.core.databinding.observable; bundle-version="1.5.0.v20150422-0725"
       org.eclipse.core.databinding.observable [85]
         Unresolved requirement: Require-Capability: osgi.ee; filter:="(&(osgi.ee=JavaSE)(version=1.7))"


!ENTRY org.eclipse.wst.dtd.core 2 0 2016-01-31 22:50:10.364
!MESSAGE Could not resolve module: org.eclipse.wst.dtd.core [509]
  Unresolved requirement: Require-Bundle: org.eclipse.core.resources; bundle-version="[3.4.0,4.0.0)"
    -> Bundle-SymbolicName: org.eclipse.core.resources; bundle-version="3.10.1.v20150725-1910"; singleton:="true"
       org.eclipse.core.resources [95]
         Unresolved requirement: Require-Bundle: org.eclipse.ant.core; bundle-version="[3.1.0,4.0.0)"; resolution:="optional"
           -> Bundle-SymbolicName: org.eclipse.ant.core; bundle-version="3.4.0.v20150428-1928"; singleton:="true"
              org.eclipse.ant.core [73]
                Unresolved requirement: Require-Bundle: org.eclipse.core.variables; bundle-version="[3.1.0,4.0.0)"
                  -> Bundle-SymbolicName: org.eclipse.core.variables; bundle-version="3.2.800.v20130819-1716"; singleton:="true"
                     org.eclipse.core.variables [99]
                       Unresolved requirement: Require-Bundle: org.eclipse.core.runtime; bundle-version="[3.3.0,4.0.0)"
                         -> Bundle-SymbolicName: org.eclipse.core.runtime; bundle-version="3.11.1.v20150903-1804"; singleton:="true"
                            org.eclipse.core.runtime [96]
                              Unresolved requirement: Require-Bundle: org.eclipse.core.jobs; bundle-version="[3.2.0,4.0.0)"; visibility:="reexport"
                                -> Bundle-SymbolicName: org.eclipse.core.jobs; bundle-version="3.7.0.v20150330-2103"; singleton:="true"
                                   org.eclipse.core.jobs [93]
                                     Unresolved requirement: Require-Capability: osgi.ee; filter:="(&(osgi.ee=JavaSE)(version=1.7))"
         Unresolved requirement: Require-Bundle: org.eclipse.core.expressions; bundle-version="[3.2.0,4.0.0)"
           -> Bundle-SymbolicName: org.eclipse.core.expressions; bundle-version="3.5.0.v20150421-2214"; singleton:="true"
              org.eclipse.core.expressions [87]
                Unresolved requirement: Require-Bundle: org.eclipse.core.runtime; bundle-version="[3.3.0,4.0.0)"
                  -> Bundle-SymbolicName: org.eclipse.core.runtime; bundle-version="3.11.1.v20150903-1804"; singleton:="true"


!ENTRY org.eclipse.wst.xml.ui 2 0 2016-01-31 22:50:10.364
!MESSAGE Could not resolve module: org.eclipse.wst.xml.ui [525]
  Unresolved requirement: Require-Bundle: org.eclipse.ui.ide; bundle-version="[3.5.0,4.0.0)"
    -> Bundle-SymbolicName: org.eclipse.ui.ide; bundle-version="3.11.0.v20150825-2158"; singleton:="true"
       org.eclipse.ui.ide [463]
         Unresolved requirement: Require-Bundle: org.eclipse.core.resources; bundle-version="[3.7.0,4.0.0)"; resolution:="optional"
           -> Bundle-SymbolicName: org.eclipse.core.resources; bundle-version="3.10.1.v20150725-1910"; singleton:="true"
              org.eclipse.core.resources [95]
                Unresolved requirement: Require-Bundle: org.eclipse.ant.core; bundle-version="[3.1.0,4.0.0)"; resolution:="optional"
                  -> Bundle-SymbolicName: org.eclipse.ant.core; bundle-version="3.4.0.v20150428-1928"; singleton:="true"
                     org.eclipse.ant.core [73]
                       Unresolved requirement: Require-Bundle: org.eclipse.core.variables; bundle-version="[3.1.0,4.0.0)"
                         -> Bundle-SymbolicName: org.eclipse.core.variables; bundle-version="3.2.800.v20130819-1716"; singleton:="true"
                            org.eclipse.core.variables [99]
                              Unresolved requirement: Require-Bundle: org.eclipse.core.runtime; bundle-version="[3.3.0,4.0.0)"
                                -> Bundle-SymbolicName: org.eclipse.core.runtime; bundle-version="3.11.1.v20150903-1804"; singleton:="true"
                                   org.eclipse.core.runtime [96]
                                     Unresolved requirement: Require-Bundle: org.eclipse.core.jobs; bundle-version="[3.2.0,4.0.0)"; visibility:="reexport"
                                       -> Bundle-SymbolicName: org.eclipse.core.jobs; bundle-version="3.7.0.v20150330-2103"; singleton:="true"
                                          org.eclipse.core.jobs [93]
                                            Unresolved requirement: Require-Capability: osgi.ee; filter:="(&(osgi.ee=JavaSE)(version=1.7))"
                Unresolved requirement: Require-Bundle: org.eclipse.core.expressions; bundle-version="[3.2.0,4.0.0)"
                  -> Bundle-SymbolicName: org.eclipse.core.expressions; bundle-version="3.5.0.v20150421-2214"; singleton:="true"
                     org.eclipse.core.expressions [87]
                       Unresolved requirement: Require-Bundle: org.eclipse.core.runtime; bundle-version="[3.3.0,4.0.0)"
                         -> Bundle-SymbolicName: org.eclipse.core.runtime; bundle-version="3.11.1.v20150903-1804"; singleton:="true"
         Unresolved requirement: Require-Bundle: org.eclipse.core.runtime; bundle-version="[3.2.0,4.0.0)"
           -> Bundle-SymbolicName: org.eclipse.core.runtime; bundle-version="3.11.1.v20150903-1804"; singleton:="true"


!ENTRY org.eclipse.ui 2 0 2016-01-31 22:50:10.365
!MESSAGE Could not resolve module: org.eclipse.ui [455]
  Unresolved requirement: Require-Bundle: org.eclipse.core.runtime; bundle-version="[3.2.0,4.0.0)"
    -> Bundle-SymbolicName: org.eclipse.core.runtime; bundle-version="3.11.1.v20150903-1804"; singleton:="true"
       org.eclipse.core.runtime [96]
         Unresolved requirement: Require-Bundle: org.eclipse.core.jobs; bundle-version="[3.2.0,4.0.0)"; visibility:="reexport"
           -> Bundle-SymbolicName: org.eclipse.core.jobs; bundle-version="3.7.0.v20150330-2103"; singleton:="true"
              org.eclipse.core.jobs [93]
                Unresolved requirement: Require-Capability: osgi.ee; filter:="(&(osgi.ee=JavaSE)(version=1.7))"


!ENTRY org.eclipse.emf.databinding.edit 2 0 2016-01-31 22:50:10.365
!MESSAGE Could not resolve module: org.eclipse.emf.databinding.edit [147]
  Unresolved requirement: Require-Bundle: org.eclipse.core.runtime; bundle-version="[3.5.0,4.0.0)"
    -> Bundle-SymbolicName: org.eclipse.core.runtime; bundle-version="3.11.1.v20150903-1804"; singleton:="true"
       org.eclipse.core.runtime [96]
         Unresolved requirement: Require-Bundle: org.eclipse.core.jobs; bundle-version="[3.2.0,4.0.0)"; visibility:="reexport"
           -> Bundle-SymbolicName: org.eclipse.core.jobs; bundle-version="3.7.0.v20150330-2103"; singleton:="true"
              org.eclipse.core.jobs [93]
                Unresolved requirement: Require-Capability: osgi.ee; filter:="(&(osgi.ee=JavaSE)(version=1.7))"


!ENTRY org.eclipse.core.databinding.property 2 0 2016-01-31 22:50:10.366
!MESSAGE Could not resolve module: org.eclipse.core.databinding.property [86]
  Unresolved requirement: Require-Bundle: org.eclipse.core.databinding.observable; bundle-version="[1.3.0,2.0.0)"
    -> Bundle-SymbolicName: org.eclipse.core.databinding.observable; bundle-version="1.5.0.v20150422-0725"
       org.eclipse.core.databinding.observable [85]
         Unresolved requirement: Require-Capability: osgi.ee; filter:="(&(osgi.ee=JavaSE)(version=1.7))"


!ENTRY org.eclipse.mylyn.commons.ui 2 0 2016-01-31 22:50:10.366
!MESSAGE Could not resolve module: org.eclipse.mylyn.commons.ui [294]
  Unresolved requirement: Require-Bundle: org.eclipse.core.runtime
    -> Bundle-SymbolicName: org.eclipse.core.runtime; bundle-version="3.11.1.v20150903-1804"; singleton:="true"
       org.eclipse.core.runtime [96]
         Unresolved requirement: Require-Bundle: org.eclipse.core.jobs; bundle-version="[3.2.0,4.0.0)"; visibility:="reexport"
           -> Bundle-SymbolicName: org.eclipse.core.jobs; bundle-version="3.7.0.v20150330-2103"; singleton:="true"
              org.eclipse.core.jobs [93]
                Unresolved requirement: Require-Capability: osgi.ee; filter:="(&(osgi.ee=JavaSE)(version=1.7))"


!ENTRY org.eclipse.wst.common.project.facet.core 2 0 2016-01-31 22:50:10.367
!MESSAGE Could not resolve module: org.eclipse.wst.common.project.facet.core [505]
  Unresolved requirement: Require-Bundle: org.eclipse.core.runtime; bundle-version="[3.4.0,4.0.0)"
    -> Bundle-SymbolicName: org.eclipse.core.runtime; bundle-version="3.11.1.v20150903-1804"; singleton:="true"
       org.eclipse.core.runtime [96]
         Unresolved requirement: Require-Bundle: org.eclipse.core.jobs; bundle-version="[3.2.0,4.0.0)"; visibility:="reexport"
           -> Bundle-SymbolicName: org.eclipse.core.jobs; bundle-version="3.7.0.v20150330-2103"; singleton:="true"
              org.eclipse.core.jobs [93]
                Unresolved requirement: Require-Capability: osgi.ee; filter:="(&(osgi.ee=JavaSE)(version=1.7))"


!ENTRY org.eclipse.wst.xsd.core 2 0 2016-01-31 22:50:10.367
!MESSAGE Could not resolve module: org.eclipse.wst.xsd.core [528]
  Unresolved requirement: Require-Bundle: org.eclipse.core.runtime; bundle-version="[3.2.0,4.0.0)"
    -> Bundle-SymbolicName: org.eclipse.core.runtime; bundle-version="3.11.1.v20150903-1804"; singleton:="true"
       org.eclipse.core.runtime [96]
         Unresolved requirement: Require-Bundle: org.eclipse.core.jobs; bundle-version="[3.2.0,4.0.0)"; visibility:="reexport"
           -> Bundle-SymbolicName: org.eclipse.core.jobs; bundle-version="3.7.0.v20150330-2103"; singleton:="true"
              org.eclipse.core.jobs [93]
                Unresolved requirement: Require-Capability: osgi.ee; filter:="(&(osgi.ee=JavaSE)(version=1.7))"


!ENTRY org.eclipse.e4.tools.services 2 0 2016-01-31 22:50:10.368
!MESSAGE Could not resolve module: org.eclipse.e4.tools.services [115]
  Unresolved requirement: Require-Bundle: org.eclipse.e4.core.contexts; bundle-version="0.9.0"
    -> Bundle-SymbolicName: org.eclipse.e4.core.contexts; bundle-version="1.4.0.v20150828-0818"
       org.eclipse.e4.core.contexts [104]
         Unresolved requirement: Require-Bundle: org.eclipse.e4.core.di
           -> Bundle-SymbolicName: org.eclipse.e4.core.di; bundle-version="1.5.0.v20150421-2214"
              org.eclipse.e4.core.di [105]
                Unresolved requirement: Require-Bundle: org.eclipse.e4.core.di.annotations; bundle-version="[1.4.0,2.0.0)"; visibility:="reexport"
                  -> Bundle-SymbolicName: org.eclipse.e4.core.di.annotations; bundle-version="1.4.0.v20150528-1451"
                     org.eclipse.e4.core.di.annotations [106]
                       Unresolved requirement: Require-Capability: osgi.ee; filter:="(&(osgi.ee=JavaSE)(version=1.7))"


!ENTRY javax.servlet 2 0 2016-01-31 22:50:10.369
!MESSAGE Could not resolve module: javax.servlet [32]
  Unresolved requirement: Require-Capability: osgi.ee; filter:="(&(osgi.ee=JavaSE)(version=1.7))"


!ENTRY org.eclipse.m2e.core.ui 2 0 2016-01-31 22:50:10.369
!MESSAGE Could not resolve module: org.eclipse.m2e.core.ui [260]
  Unresolved requirement: Import-Package: org.eclipse.compare.rangedifferencer
    -> Export-Package: org.eclipse.compare.rangedifferencer; bundle-version="3.5.500.v20150505-1058"; bundle-symbolic-name="org.eclipse.compare.core"; version="0.0.0"
       org.eclipse.compare.core [80]
         Unresolved requirement: Require-Bundle: org.eclipse.core.runtime; bundle-version="[3.2.0,4.0.0)"
           -> Bundle-SymbolicName: org.eclipse.core.runtime; bundle-version="3.11.1.v20150903-1804"; singleton:="true"
              org.eclipse.core.runtime [96]
                Unresolved requirement: Require-Bundle: org.eclipse.core.jobs; bundle-version="[3.2.0,4.0.0)"; visibility:="reexport"
                  -> Bundle-SymbolicName: org.eclipse.core.jobs; bundle-version="3.7.0.v20150330-2103"; singleton:="true"
                     org.eclipse.core.jobs [93]
                       Unresolved requirement: Require-Capability: osgi.ee; filter:="(&(osgi.ee=JavaSE)(version=1.7))"


!ENTRY org.eclipse.mylyn.commons.xmlrpc 2 0 2016-01-31 22:50:10.370
!MESSAGE Could not resolve module: org.eclipse.mylyn.commons.xmlrpc [296]
  Unresolved requirement: Require-Bundle: org.eclipse.core.runtime
    -> Bundle-SymbolicName: org.eclipse.core.runtime; bundle-version="3.11.1.v20150903-1804"; singleton:="true"
       org.eclipse.core.runtime [96]
         Unresolved requirement: Require-Bundle: org.eclipse.core.jobs; bundle-version="[3.2.0,4.0.0)"; visibility:="reexport"
           -> Bundle-SymbolicName: org.eclipse.core.jobs; bundle-version="3.7.0.v20150330-2103"; singleton:="true"
              org.eclipse.core.jobs [93]
                Unresolved requirement: Require-Capability: osgi.ee; filter:="(&(osgi.ee=JavaSE)(version=1.7))"


!ENTRY org.eclipse.team.ui 2 0 2016-01-31 22:50:10.370
!MESSAGE Could not resolve module: org.eclipse.team.ui [453]
  Unresolved requirement: Require-Bundle: org.eclipse.ui.ide; bundle-version="[3.3.0,4.0.0)"; resolution:="optional"
    -> Bundle-SymbolicName: org.eclipse.ui.ide; bundle-version="3.11.0.v20150825-2158"; singleton:="true"
       org.eclipse.ui.ide [463]
         Unresolved requirement: Require-Bundle: org.eclipse.core.resources; bundle-version="[3.7.0,4.0.0)"; resolution:="optional"
           -> Bundle-SymbolicName: org.eclipse.core.resources; bundle-version="3.10.1.v20150725-1910"; singleton:="true"
              org.eclipse.core.resources [95]
                Unresolved requirement: Require-Bundle: org.eclipse.ant.core; bundle-version="[3.1.0,4.0.0)"; resolution:="optional"
                  -> Bundle-SymbolicName: org.eclipse.ant.core; bundle-version="3.4.0.v20150428-1928"; singleton:="true"
                     org.eclipse.ant.core [73]
                       Unresolved requirement: Require-Bundle: org.eclipse.core.variables; bundle-version="[3.1.0,4.0.0)"
                         -> Bundle-SymbolicName: org.eclipse.core.variables; bundle-version="3.2.800.v20130819-1716"; singleton:="true"
                            org.eclipse.core.variables [99]
                              Unresolved requirement: Require-Bundle: org.eclipse.core.runtime; bundle-version="[3.3.0,4.0.0)"
                                -> Bundle-SymbolicName: org.eclipse.core.runtime; bundle-version="3.11.1.v20150903-1804"; singleton:="true"
                                   org.eclipse.core.runtime [96]
                                     Unresolved requirement: Require-Bundle: org.eclipse.core.jobs; bundle-version="[3.2.0,4.0.0)"; visibility:="reexport"
                                       -> Bundle-SymbolicName: org.eclipse.core.jobs; bundle-version="3.7.0.v20150330-2103"; singleton:="true"
                                          org.eclipse.core.jobs [93]
                                            Unresolved requirement: Require-Capability: osgi.ee; filter:="(&(osgi.ee=JavaSE)(version=1.7))"
                Unresolved requirement: Require-Bundle: org.eclipse.core.expressions; bundle-version="[3.2.0,4.0.0)"
                  -> Bundle-SymbolicName: org.eclipse.core.expressions; bundle-version="3.5.0.v20150421-2214"; singleton:="true"
                     org.eclipse.core.expressions [87]
                       Unresolved requirement: Require-Bundle: org.eclipse.core.runtime; bundle-version="[3.3.0,4.0.0)"
                         -> Bundle-SymbolicName: org.eclipse.core.runtime; bundle-version="3.11.1.v20150903-1804"; singleton:="true"
         Unresolved requirement: Require-Bundle: org.eclipse.core.runtime; bundle-version="[3.2.0,4.0.0)"
           -> Bundle-SymbolicName: org.eclipse.core.runtime; bundle-version="3.11.1.v20150903-1804"; singleton:="true"
  Unresolved requirement: Require-Bundle: org.eclipse.core.resources; bundle-version="[3.3.0,4.0.0)"
    -> Bundle-SymbolicName: org.eclipse.core.resources; bundle-version="3.10.1.v20150725-1910"; singleton:="true"


!ENTRY org.eclipse.m2e.launching 2 0 2016-01-31 22:50:10.371
!MESSAGE Could not resolve module: org.eclipse.m2e.launching [266]
  Unresolved requirement: Require-Bundle: org.eclipse.core.runtime
    -> Bundle-SymbolicName: org.eclipse.core.runtime; bundle-version="3.11.1.v20150903-1804"; singleton:="true"
       org.eclipse.core.runtime [96]
         Unresolved requirement: Require-Bundle: org.eclipse.core.jobs; bundle-version="[3.2.0,4.0.0)"; visibility:="reexport"
           -> Bundle-SymbolicName: org.eclipse.core.jobs; bundle-version="3.7.0.v20150330-2103"; singleton:="true"
              org.eclipse.core.jobs [93]
                Unresolved requirement: Require-Capability: osgi.ee; filter:="(&(osgi.ee=JavaSE)(version=1.7))"


!ENTRY org.eclipse.recommenders.jdt 2 0 2016-01-31 22:50:10.372
!MESSAGE Could not resolve module: org.eclipse.recommenders.jdt [421]
  Unresolved requirement: Require-Bundle: org.eclipse.core.resources
    -> Bundle-SymbolicName: org.eclipse.core.resources; bundle-version="3.10.1.v20150725-1910"; singleton:="true"
       org.eclipse.core.resources [95]
         Unresolved requirement: Require-Bundle: org.eclipse.ant.core; bundle-version="[3.1.0,4.0.0)"; resolution:="optional"
           -> Bundle-SymbolicName: org.eclipse.ant.core; bundle-version="3.4.0.v20150428-1928"; singleton:="true"
              org.eclipse.ant.core [73]
                Unresolved requirement: Require-Bundle: org.eclipse.core.variables; bundle-version="[3.1.0,4.0.0)"
                  -> Bundle-SymbolicName: org.eclipse.core.variables; bundle-version="3.2.800.v20130819-1716"; singleton:="true"
                     org.eclipse.core.variables [99]
                       Unresolved requirement: Require-Bundle: org.eclipse.core.runtime; bundle-version="[3.3.0,4.0.0)"
                         -> Bundle-SymbolicName: org.eclipse.core.runtime; bundle-version="3.11.1.v20150903-1804"; singleton:="true"
                            org.eclipse.core.runtime [96]
                              Unresolved requirement: Require-Bundle: org.eclipse.core.jobs; bundle-version="[3.2.0,4.0.0)"; visibility:="reexport"
                                -> Bundle-SymbolicName: org.eclipse.core.jobs; bundle-version="3.7.0.v20150330-2103"; singleton:="true"
                                   org.eclipse.core.jobs [93]
                                     Unresolved requirement: Require-Capability: osgi.ee; filter:="(&(osgi.ee=JavaSE)(version=1.7))"
         Unresolved requirement: Require-Bundle: org.eclipse.core.expressions; bundle-version="[3.2.0,4.0.0)"
           -> Bundle-SymbolicName: org.eclipse.core.expressions; bundle-version="3.5.0.v20150421-2214"; singleton:="true"
              org.eclipse.core.expressions [87]
                Unresolved requirement: Require-Bundle: org.eclipse.core.runtime; bundle-version="[3.3.0,4.0.0)"
                  -> Bundle-SymbolicName: org.eclipse.core.runtime; bundle-version="3.11.1.v20150903-1804"; singleton:="true"


!ENTRY org.eclipse.mylyn.resources.ui 2 0 2016-01-31 22:50:10.373
!MESSAGE Could not resolve module: org.eclipse.mylyn.resources.ui [317]
  Unresolved requirement: Require-Bundle: org.eclipse.ui.ide
    -> Bundle-SymbolicName: org.eclipse.ui.ide; bundle-version="3.11.0.v20150825-2158"; singleton:="true"
       org.eclipse.ui.ide [463]
         Unresolved requirement: Require-Bundle: org.eclipse.core.resources; bundle-version="[3.7.0,4.0.0)"; resolution:="optional"
           -> Bundle-SymbolicName: org.eclipse.core.resources; bundle-version="3.10.1.v20150725-1910"; singleton:="true"
              org.eclipse.core.resources [95]
                Unresolved requirement: Require-Bundle: org.eclipse.ant.core; bundle-version="[3.1.0,4.0.0)"; resolution:="optional"
                  -> Bundle-SymbolicName: org.eclipse.ant.core; bundle-version="3.4.0.v20150428-1928"; singleton:="true"
                     org.eclipse.ant.core [73]
                       Unresolved requirement: Require-Bundle: org.eclipse.core.variables; bundle-version="[3.1.0,4.0.0)"
                         -> Bundle-SymbolicName: org.eclipse.core.variables; bundle-version="3.2.800.v20130819-1716"; singleton:="true"
                            org.eclipse.core.variables [99]
                              Unresolved requirement: Require-Bundle: org.eclipse.core.runtime; bundle-version="[3.3.0,4.0.0)"
                                -> Bundle-SymbolicName: org.eclipse.core.runtime; bundle-version="3.11.1.v20150903-1804"; singleton:="true"
                                   org.eclipse.core.runtime [96]
                                     Unresolved requirement: Require-Bundle: org.eclipse.core.jobs; bundle-version="[3.2.0,4.0.0)"; visibility:="reexport"
                                       -> Bundle-SymbolicName: org.eclipse.core.jobs; bundle-version="3.7.0.v20150330-2103"; singleton:="true"
                                          org.eclipse.core.jobs [93]
                                            Unresolved requirement: Require-Capability: osgi.ee; filter:="(&(osgi.ee=JavaSE)(version=1.7))"
                Unresolved requirement: Require-Bundle: org.eclipse.core.expressions; bundle-version="[3.2.0,4.0.0)"
                  -> Bundle-SymbolicName: org.eclipse.core.expressions; bundle-version="3.5.0.v20150421-2214"; singleton:="true"
                     org.eclipse.core.expressions [87]
                       Unresolved requirement: Require-Bundle: org.eclipse.core.runtime; bundle-version="[3.3.0,4.0.0)"
                         -> Bundle-SymbolicName: org.eclipse.core.runtime; bundle-version="3.11.1.v20150903-1804"; singleton:="true"
         Unresolved requirement: Require-Bundle: org.eclipse.core.runtime; bundle-version="[3.2.0,4.0.0)"
           -> Bundle-SymbolicName: org.eclipse.core.runtime; bundle-version="3.11.1.v20150903-1804"; singleton:="true"


!ENTRY org.eclipse.equinox.p2.operations 2 0 2016-01-31 22:50:10.374
!MESSAGE Could not resolve module: org.eclipse.equinox.p2.operations [190]
  Unresolved requirement: Import-Package: org.eclipse.equinox.internal.p2.director
    -> Export-Package: org.eclipse.equinox.internal.p2.director; bundle-version="2.3.200.v20150423-1455"; bundle-symbolic-name="org.eclipse.equinox.p2.director"; version="0.0.0"; x-friends:="org.eclipse.equinox.p2.operations,  org.eclipse.equinox.p2.repository.tools,  org.eclipse.pde.core,  org.eclipse.equinox.p2.reconciler.dropins,  org.eclipse.equinox.p2.ui,  org.eclipse.equinox.p2.director.app"
       org.eclipse.equinox.p2.director [179]
         Unresolved requirement: Import-Package: org.eclipse.equinox.p2.engine; version="[2.0.0,3.0.0)"
           -> Export-Package: org.eclipse.equinox.p2.engine; bundle-version="2.4.0.v20150511-1532"; bundle-symbolic-name="org.eclipse.equinox.p2.engine"; version="2.2.0"
              org.eclipse.equinox.p2.engine [184]
                Unresolved requirement: Import-Package: org.eclipse.equinox.internal.p2.metadata.repository.io
                  -> Export-Package: org.eclipse.equinox.internal.p2.metadata.repository.io; bundle-version="1.2.200.v20150428-1613"; bundle-symbolic-name="org.eclipse.equinox.p2.metadata.repository"; version="0.0.0"; x-friends:="org.eclipse.equinox.p2.engine"
                     org.eclipse.equinox.p2.metadata.repository [189]
                       Unresolved requirement: Import-Package: org.eclipse.equinox.internal.p2.persistence
                         -> Export-Package: org.eclipse.equinox.internal.p2.persistence; bundle-version="2.3.100.v20150428-1613"; bundle-symbolic-name="org.eclipse.equinox.p2.repository"; version="0.0.0"; x-friends:="org.eclipse.equinox.p2.artifact.repository,  org.eclipse.equinox.p2.engine,  org.eclipse.equinox.p2.metadata.repository,  org.eclipse.equinox.p2.ui.importexport,  org.eclipse.equinox.p2.repository.tools"
                            org.eclipse.equinox.p2.repository [194]
                              Unresolved requirement: Import-Package: org.eclipse.core.runtime.jobs
                                -> Export-Package: org.eclipse.core.runtime.jobs; bundle-version="3.7.0.v20150330-2103"; bundle-symbolic-name="org.eclipse.core.jobs"; version="0.0.0"
                                   org.eclipse.core.jobs [93]
                                     Unresolved requirement: Require-Capability: osgi.ee; filter:="(&(osgi.ee=JavaSE)(version=1.7))"


!ENTRY org.eclipse.rap.tools.templates 2 0 2016-01-31 22:50:10.375
!MESSAGE Could not resolve module: org.eclipse.rap.tools.templates [406]
  Unresolved requirement: Require-Bundle: org.eclipse.core.resources
    -> Bundle-SymbolicName: org.eclipse.core.resources; bundle-version="3.10.1.v20150725-1910"; singleton:="true"
       org.eclipse.core.resources [95]
         Unresolved requirement: Require-Bundle: org.eclipse.ant.core; bundle-version="[3.1.0,4.0.0)"; resolution:="optional"
           -> Bundle-SymbolicName: org.eclipse.ant.core; bundle-version="3.4.0.v20150428-1928"; singleton:="true"
              org.eclipse.ant.core [73]
                Unresolved requirement: Require-Bundle: org.eclipse.core.variables; bundle-version="[3.1.0,4.0.0)"
                  -> Bundle-SymbolicName: org.eclipse.core.variables; bundle-version="3.2.800.v20130819-1716"; singleton:="true"
                     org.eclipse.core.variables [99]
                       Unresolved requirement: Require-Bundle: org.eclipse.core.runtime; bundle-version="[3.3.0,4.0.0)"
                         -> Bundle-SymbolicName: org.eclipse.core.runtime; bundle-version="3.11.1.v20150903-1804"; singleton:="true"
                            org.eclipse.core.runtime [96]
                              Unresolved requirement: Require-Bundle: org.eclipse.core.jobs; bundle-version="[3.2.0,4.0.0)"; visibility:="reexport"
                                -> Bundle-SymbolicName: org.eclipse.core.jobs; bundle-version="3.7.0.v20150330-2103"; singleton:="true"
                                   org.eclipse.core.jobs [93]
                                     Unresolved requirement: Require-Capability: osgi.ee; filter:="(&(osgi.ee=JavaSE)(version=1.7))"
         Unresolved requirement: Require-Bundle: org.eclipse.core.expressions; bundle-version="[3.2.0,4.0.0)"
           -> Bundle-SymbolicName: org.eclipse.core.expressions; bundle-version="3.5.0.v20150421-2214"; singleton:="true"
              org.eclipse.core.expressions [87]
                Unresolved requirement: Require-Bundle: org.eclipse.core.runtime; bundle-version="[3.3.0,4.0.0)"
                  -> Bundle-SymbolicName: org.eclipse.core.runtime; bundle-version="3.11.1.v20150903-1804"; singleton:="true"


!ENTRY org.eclipse.equinox.p2.repository.tools 2 0 2016-01-31 22:50:10.375
!MESSAGE Could not resolve module: org.eclipse.equinox.p2.repository.tools [195]
  Unresolved requirement: Import-Package: org.eclipse.equinox.internal.p2.artifact.repository
    -> Export-Package: org.eclipse.equinox.internal.p2.artifact.repository; bundle-version="1.1.400.v20150513-2116"; bundle-symbolic-name="org.eclipse.equinox.p2.artifact.repository"; version="0.0.0"; x-friends:="org.eclipse.equinox.p2.publisher,  org.eclipse.equinox.p2.reconciler.dropins,  org.eclipse.equinox.p2.ui,  org.eclipse.equinox.p2.directorywatcher,  org.eclipse.equinox.p2.repository.tools,  org.eclipse.equinox.p2.publisher.eclipse"
       org.eclipse.equinox.p2.artifact.repository [176]
         Unresolved requirement: Import-Package: org.eclipse.core.runtime.jobs
           -> Export-Package: org.eclipse.core.runtime.jobs; bundle-version="3.7.0.v20150330-2103"; bundle-symbolic-name="org.eclipse.core.jobs"; version="0.0.0"
              org.eclipse.core.jobs [93]
                Unresolved requirement: Require-Capability: osgi.ee; filter:="(&(osgi.ee=JavaSE)(version=1.7))"


!ENTRY org.eclipse.jetty.continuation 2 0 2016-01-31 22:50:10.376
!MESSAGE Could not resolve module: org.eclipse.jetty.continuation [240]
  Unresolved requirement: Import-Package: javax.servlet; version="[3.1.0,4.0.0)"
    -> Export-Package: javax.servlet; bundle-version="3.1.0.v201410161800"; bundle-symbolic-name="javax.servlet"; version="3.1.0"; uses:="javax.servlet.descriptor,javax.servlet.annotation"
       javax.servlet [32]
         Unresolved requirement: Require-Capability: osgi.ee; filter:="(&(osgi.ee=JavaSE)(version=1.7))"


!ENTRY org.eclipse.mylyn.commons.repositories.ui 2 0 2016-01-31 22:50:10.376
!MESSAGE Could not resolve module: org.eclipse.mylyn.commons.repositories.ui [292]
  Unresolved requirement: Require-Bundle: org.eclipse.ui
    -> Bundle-SymbolicName: org.eclipse.ui; bundle-version="3.107.0.v20150507-1945"; singleton:="true"
       org.eclipse.ui [455]
         Unresolved requirement: Require-Bundle: org.eclipse.core.runtime; bundle-version="[3.2.0,4.0.0)"
           -> Bundle-SymbolicName: org.eclipse.core.runtime; bundle-version="3.11.1.v20150903-1804"; singleton:="true"
              org.eclipse.core.runtime [96]
                Unresolved requirement: Require-Bundle: org.eclipse.core.jobs; bundle-version="[3.2.0,4.0.0)"; visibility:="reexport"
                  -> Bundle-SymbolicName: org.eclipse.core.jobs; bundle-version="3.7.0.v20150330-2103"; singleton:="true"
                     org.eclipse.core.jobs [93]
                       Unresolved requirement: Require-Capability: osgi.ee; filter:="(&(osgi.ee=JavaSE)(version=1.7))"


!ENTRY org.eclipse.m2e.maven.runtime 2 0 2016-01-31 22:50:10.376
!MESSAGE Could not resolve module: org.eclipse.m2e.maven.runtime [271]
  Unresolved requirement: Require-Bundle: org.eclipse.m2e.maven.runtime.slf4j.simple; bundle-version="[1.6.0,1.7.0)"
    -> Bundle-SymbolicName: org.eclipse.m2e.maven.runtime.slf4j.simple; bundle-version="1.6.2.20150902-0001"; singleton:="false"
       org.eclipse.m2e.maven.runtime.slf4j.simple [272]
         Unresolved requirement: Require-Capability: osgi.ee; filter:="(|(&(osgi.ee=JavaSE)(version=1.7))(&(osgi.ee=JavaSE)(version=1.8)))"


!ENTRY org.eclipse.mylyn.bugzilla.ide 2 0 2016-01-31 22:50:10.376
!MESSAGE Could not resolve module: org.eclipse.mylyn.bugzilla.ide [280]
  Unresolved requirement: Require-Bundle: org.eclipse.mylyn.tasks.core; bundle-version="[3.8.0,4.0.0)"
    -> Bundle-SymbolicName: org.eclipse.mylyn.tasks.core; bundle-version="3.17.0.v20150828-2026"; singleton:="true"
       org.eclipse.mylyn.tasks.core [322]
         Unresolved requirement: Require-Bundle: org.eclipse.core.runtime
           -> Bundle-SymbolicName: org.eclipse.core.runtime; bundle-version="3.11.1.v20150903-1804"; singleton:="true"
              org.eclipse.core.runtime [96]
                Unresolved requirement: Require-Bundle: org.eclipse.core.jobs; bundle-version="[3.2.0,4.0.0)"; visibility:="reexport"
                  -> Bundle-SymbolicName: org.eclipse.core.jobs; bundle-version="3.7.0.v20150330-2103"; singleton:="true"
                     org.eclipse.core.jobs [93]
                       Unresolved requirement: Require-Capability: osgi.ee; filter:="(&(osgi.ee=JavaSE)(version=1.7))"


!ENTRY org.eclipse.platform.doc.isv 2 0 2016-01-31 22:50:10.377
!MESSAGE Could not resolve module: org.eclipse.platform.doc.isv [400]
  Unresolved requirement: Require-Bundle: org.eclipse.help; bundle-version="[3.2.0,4.0.0)"
    -> Bundle-SymbolicName: org.eclipse.help; bundle-version="3.6.0.v20130326-1254"; singleton:="true"
       org.eclipse.help [214]
         Unresolved requirement: Require-Bundle: org.eclipse.core.runtime; bundle-version="[3.6.0,4.0.0)"
           -> Bundle-SymbolicName: org.eclipse.core.runtime; bundle-version="3.11.1.v20150903-1804"; singleton:="true"
              org.eclipse.core.runtime [96]
                Unresolved requirement: Require-Bundle: org.eclipse.core.jobs; bundle-version="[3.2.0,4.0.0)"; visibility:="reexport"
                  -> Bundle-SymbolicName: org.eclipse.core.jobs; bundle-version="3.7.0.v20150330-2103"; singleton:="true"
                     org.eclipse.core.jobs [93]
                       Unresolved requirement: Require-Capability: osgi.ee; filter:="(&(osgi.ee=JavaSE)(version=1.7))"


!ENTRY org.eclipse.ant.launching 2 0 2016-01-31 22:50:10.377
!MESSAGE Could not resolve module: org.eclipse.ant.launching [74]
  Unresolved requirement: Require-Bundle: org.eclipse.core.runtime; bundle-version="[3.5.0,4.0.0)"
    -> Bundle-SymbolicName: org.eclipse.core.runtime; bundle-version="3.11.1.v20150903-1804"; singleton:="true"
       org.eclipse.core.runtime [96]
         Unresolved requirement: Require-Bundle: org.eclipse.core.jobs; bundle-version="[3.2.0,4.0.0)"; visibility:="reexport"
           -> Bundle-SymbolicName: org.eclipse.core.jobs; bundle-version="3.7.0.v20150330-2103"; singleton:="true"
              org.eclipse.core.jobs [93]
                Unresolved requirement: Require-Capability: osgi.ee; filter:="(&(osgi.ee=JavaSE)(version=1.7))"


!ENTRY org.eclipse.pde.launching 2 0 2016-01-31 22:50:10.377
!MESSAGE Could not resolve module: org.eclipse.pde.launching [393]
  Unresolved requirement: Require-Bundle: org.eclipse.jdt.junit.core; bundle-version="[3.6.0,4.0.0)"
    -> Bundle-SymbolicName: org.eclipse.jdt.junit.core; bundle-version="3.7.400.v20150423-0747"; singleton:="true"
       org.eclipse.jdt.junit.core [232]
         Unresolved requirement: Require-Bundle: org.eclipse.core.expressions; bundle-version="[3.4.100,4.0.0)"
           -> Bundle-SymbolicName: org.eclipse.core.expressions; bundle-version="3.5.0.v20150421-2214"; singleton:="true"
              org.eclipse.core.expressions [87]
                Unresolved requirement: Require-Bundle: org.eclipse.core.runtime; bundle-version="[3.3.0,4.0.0)"
                  -> Bundle-SymbolicName: org.eclipse.core.runtime; bundle-version="3.11.1.v20150903-1804"; singleton:="true"
                     org.eclipse.core.runtime [96]
                       Unresolved requirement: Require-Bundle: org.eclipse.core.jobs; bundle-version="[3.2.0,4.0.0)"; visibility:="reexport"
                         -> Bundle-SymbolicName: org.eclipse.core.jobs; bundle-version="3.7.0.v20150330-2103"; singleton:="true"
                            org.eclipse.core.jobs [93]
                              Unresolved requirement: Require-Capability: osgi.ee; filter:="(&(osgi.ee=JavaSE)(version=1.7))"


!ENTRY org.eclipse.emf.common.ui 2 0 2016-01-31 22:50:10.377
!MESSAGE Could not resolve module: org.eclipse.emf.common.ui [145]
  Unresolved requirement: Require-Bundle: org.eclipse.core.runtime; bundle-version="[3.5.0,4.0.0)"
    -> Bundle-SymbolicName: org.eclipse.core.runtime; bundle-version="3.11.1.v20150903-1804"; singleton:="true"
       org.eclipse.core.runtime [96]
         Unresolved requirement: Require-Bundle: org.eclipse.core.jobs; bundle-version="[3.2.0,4.0.0)"; visibility:="reexport"
           -> Bundle-SymbolicName: org.eclipse.core.jobs; bundle-version="3.7.0.v20150330-2103"; singleton:="true"
              org.eclipse.core.jobs [93]
                Unresolved requirement: Require-Capability: osgi.ee; filter:="(&(osgi.ee=JavaSE)(version=1.7))"


!ENTRY org.eclipse.mylyn.commons.notifications.feed 2 0 2016-01-31 22:50:10.378
!MESSAGE Could not resolve module: org.eclipse.mylyn.commons.notifications.feed [288]
  Unresolved requirement: Require-Bundle: org.eclipse.core.runtime
    -> Bundle-SymbolicName: org.eclipse.core.runtime; bundle-version="3.11.1.v20150903-1804"; singleton:="true"
       org.eclipse.core.runtime [96]
         Unresolved requirement: Require-Bundle: org.eclipse.core.jobs; bundle-version="[3.2.0,4.0.0)"; visibility:="reexport"
           -> Bundle-SymbolicName: org.eclipse.core.jobs; bundle-version="3.7.0.v20150330-2103"; singleton:="true"
              org.eclipse.core.jobs [93]
                Unresolved requirement: Require-Capability: osgi.ee; filter:="(&(osgi.ee=JavaSE)(version=1.7))"


!ENTRY org.eclipse.recommenders.completion.rcp 2 0 2016-01-31 22:50:10.378
!MESSAGE Could not resolve module: org.eclipse.recommenders.completion.rcp [413]
  Unresolved requirement: Require-Bundle: org.eclipse.core.runtime
    -> Bundle-SymbolicName: org.eclipse.core.runtime; bundle-version="3.11.1.v20150903-1804"; singleton:="true"
       org.eclipse.core.runtime [96]
         Unresolved requirement: Require-Bundle: org.eclipse.core.jobs; bundle-version="[3.2.0,4.0.0)"; visibility:="reexport"
           -> Bundle-SymbolicName: org.eclipse.core.jobs; bundle-version="3.7.0.v20150330-2103"; singleton:="true"
              org.eclipse.core.jobs [93]
                Unresolved requirement: Require-Capability: osgi.ee; filter:="(&(osgi.ee=JavaSE)(version=1.7))"


!ENTRY org.eclipse.oomph.setup 2 0 2016-01-31 22:50:10.379
!MESSAGE Could not resolve module: org.eclipse.oomph.setup [366]
  Unresolved requirement: Require-Bundle: org.eclipse.core.runtime; bundle-version="[3.5.0,4.0.0)"
    -> Bundle-SymbolicName: org.eclipse.core.runtime; bundle-version="3.11.1.v20150903-1804"; singleton:="true"
       org.eclipse.core.runtime [96]
         Unresolved requirement: Require-Bundle: org.eclipse.core.jobs; bundle-version="[3.2.0,4.0.0)"; visibility:="reexport"
           -> Bundle-SymbolicName: org.eclipse.core.jobs; bundle-version="3.7.0.v20150330-2103"; singleton:="true"
              org.eclipse.core.jobs [93]
                Unresolved requirement: Require-Capability: osgi.ee; filter:="(&(osgi.ee=JavaSE)(version=1.7))"


!ENTRY org.eclipse.wb.core.java 2 0 2016-01-31 22:50:10.379
!MESSAGE Could not resolve module: org.eclipse.wb.core.java [481]
  Unresolved requirement: Require-Bundle: org.eclipse.ui
    -> Bundle-SymbolicName: org.eclipse.ui; bundle-version="3.107.0.v20150507-1945"; singleton:="true"
       org.eclipse.ui [455]
         Unresolved requirement: Require-Bundle: org.eclipse.core.runtime; bundle-version="[3.2.0,4.0.0)"
           -> Bundle-SymbolicName: org.eclipse.core.runtime; bundle-version="3.11.1.v20150903-1804"; singleton:="true"
              org.eclipse.core.runtime [96]
                Unresolved requirement: Require-Bundle: org.eclipse.core.jobs; bundle-version="[3.2.0,4.0.0)"; visibility:="reexport"
                  -> Bundle-SymbolicName: org.eclipse.core.jobs; bundle-version="3.7.0.v20150330-2103"; singleton:="true"
                     org.eclipse.core.jobs [93]
                       Unresolved requirement: Require-Capability: osgi.ee; filter:="(&(osgi.ee=JavaSE)(version=1.7))"


!ENTRY org.eclipse.e4.tools.emf.editor3x 2 0 2016-01-31 22:50:10.379
!MESSAGE Could not resolve module: org.eclipse.e4.tools.emf.editor3x [112]
  Unresolved requirement: Require-Bundle: org.eclipse.ui; bundle-version="3.6.0"
    -> Bundle-SymbolicName: org.eclipse.ui; bundle-version="3.107.0.v20150507-1945"; singleton:="true"
       org.eclipse.ui [455]
         Unresolved requirement: Require-Bundle: org.eclipse.core.runtime; bundle-version="[3.2.0,4.0.0)"
           -> Bundle-SymbolicName: org.eclipse.core.runtime; bundle-version="3.11.1.v20150903-1804"; singleton:="true"
              org.eclipse.core.runtime [96]
                Unresolved requirement: Require-Bundle: org.eclipse.core.jobs; bundle-version="[3.2.0,4.0.0)"; visibility:="reexport"
                  -> Bundle-SymbolicName: org.eclipse.core.jobs; bundle-version="3.7.0.v20150330-2103"; singleton:="true"
                     org.eclipse.core.jobs [93]
                       Unresolved requirement: Require-Capability: osgi.ee; filter:="(&(osgi.ee=JavaSE)(version=1.7))"


!ENTRY org.eclipse.mylyn.builds.core 2 0 2016-01-31 22:50:10.379
!MESSAGE Could not resolve module: org.eclipse.mylyn.builds.core [282]
  Unresolved requirement: Require-Bundle: org.eclipse.core.runtime
    -> Bundle-SymbolicName: org.eclipse.core.runtime; bundle-version="3.11.1.v20150903-1804"; singleton:="true"
       org.eclipse.core.runtime [96]
         Unresolved requirement: Require-Bundle: org.eclipse.core.jobs; bundle-version="[3.2.0,4.0.0)"; visibility:="reexport"
           -> Bundle-SymbolicName: org.eclipse.core.jobs; bundle-version="3.7.0.v20150330-2103"; singleton:="true"
              org.eclipse.core.jobs [93]
                Unresolved requirement: Require-Capability: osgi.ee; filter:="(&(osgi.ee=JavaSE)(version=1.7))"


!ENTRY org.eclipse.wst.standard.schemas 2 0 2016-01-31 22:50:10.380
!MESSAGE Could not resolve module: org.eclipse.wst.standard.schemas [520]
  Unresolved requirement: Require-Bundle: org.eclipse.wst.xml.core; bundle-version="[1.1.0,2.0.0)"
    -> Bundle-SymbolicName: org.eclipse.wst.xml.core; bundle-version="1.1.902.v201501211904"; singleton:="true"
       org.eclipse.wst.xml.core [524]
         Unresolved requirement: Require-Bundle: org.eclipse.core.runtime; bundle-version="[3.5.0,4.0.0)"
           -> Bundle-SymbolicName: org.eclipse.core.runtime; bundle-version="3.11.1.v20150903-1804"; singleton:="true"
              org.eclipse.core.runtime [96]
                Unresolved requirement: Require-Bundle: org.eclipse.core.jobs; bundle-version="[3.2.0,4.0.0)"; visibility:="reexport"
                  -> Bundle-SymbolicName: org.eclipse.core.jobs; bundle-version="3.7.0.v20150330-2103"; singleton:="true"
                     org.eclipse.core.jobs [93]
                       Unresolved requirement: Require-Capability: osgi.ee; filter:="(&(osgi.ee=JavaSE)(version=1.7))"


!ENTRY org.eclipse.jetty.io 2 0 2016-01-31 22:50:10.380
!MESSAGE Could not resolve module: org.eclipse.jetty.io [242]
  Unresolved requirement: Import-Package: org.eclipse.jetty.util; version="[9.2.0,10.0.0)"
    -> Export-Package: org.eclipse.jetty.util; bundle-version="9.2.13.v20150730"; bundle-symbolic-name="org.eclipse.jetty.util"; version="9.2.13"; uses:="org.eclipse.jetty.util.thread,org.eclipse.jetty.util.log,org.eclipse.jetty.util.resource,org.eclipse.jetty.util.component,javax.servlet,javax.servlet.http,org.eclipse.jetty.util.annotation"
       org.eclipse.jetty.util [246]
         Unresolved requirement: Require-Capability: osgi.ee; filter:="(&(osgi.ee=JavaSE)(version=1.7))"
         Unresolved requirement: Import-Package: javax.servlet; version="[2.6.0,3.2.0)"
           -> Export-Package: javax.servlet; bundle-version="3.1.0.v201410161800"; bundle-symbolic-name="javax.servlet"; version="3.1.0"; uses:="javax.servlet.descriptor,javax.servlet.annotation"
              javax.servlet [32]
                Unresolved requirement: Require-Capability: osgi.ee; filter:="(&(osgi.ee=JavaSE)(version=1.7))"
         Unresolved requirement: Import-Package: javax.servlet.http; version="[2.6.0,3.2.0)"
           -> Export-Package: javax.servlet.http; bundle-version="3.1.0.v201410161800"; bundle-symbolic-name="javax.servlet"; version="3.1.0"; uses:="javax.servlet"


!ENTRY org.eclipse.equinox.p2.updatechecker 2 0 2016-01-31 22:50:10.380
!MESSAGE Could not resolve module: org.eclipse.equinox.p2.updatechecker [204]
  Unresolved requirement: Import-Package: org.eclipse.equinox.p2.engine; version="[2.0.0,3.0.0)"
    -> Export-Package: org.eclipse.equinox.p2.engine; bundle-version="2.4.0.v20150511-1532"; bundle-symbolic-name="org.eclipse.equinox.p2.engine"; version="2.2.0"
       org.eclipse.equinox.p2.engine [184]
         Unresolved requirement: Import-Package: org.eclipse.equinox.internal.p2.metadata.repository.io
           -> Export-Package: org.eclipse.equinox.internal.p2.metadata.repository.io; bundle-version="1.2.200.v20150428-1613"; bundle-symbolic-name="org.eclipse.equinox.p2.metadata.repository"; version="0.0.0"; x-friends:="org.eclipse.equinox.p2.engine"
              org.eclipse.equinox.p2.metadata.repository [189]
                Unresolved requirement: Import-Package: org.eclipse.equinox.internal.p2.persistence
                  -> Export-Package: org.eclipse.equinox.internal.p2.persistence; bundle-version="2.3.100.v20150428-1613"; bundle-symbolic-name="org.eclipse.equinox.p2.repository"; version="0.0.0"; x-friends:="org.eclipse.equinox.p2.artifact.repository,  org.eclipse.equinox.p2.engine,  org.eclipse.equinox.p2.metadata.repository,  org.eclipse.equinox.p2.ui.importexport,  org.eclipse.equinox.p2.repository.tools"
                     org.eclipse.equinox.p2.repository [194]
                       Unresolved requirement: Import-Package: org.eclipse.core.runtime.jobs
                         -> Export-Package: org.eclipse.core.runtime.jobs; bundle-version="3.7.0.v20150330-2103"; bundle-symbolic-name="org.eclipse.core.jobs"; version="0.0.0"
                            org.eclipse.core.jobs [93]
                              Unresolved requirement: Require-Capability: osgi.ee; filter:="(&(osgi.ee=JavaSE)(version=1.7))"


!ENTRY org.eclipse.core.filesystem.java7 2 0 2016-01-31 22:50:10.380
!MESSAGE Could not resolve module: org.eclipse.core.filesystem.java7 [91]
  Unresolved requirement: Require-Capability: osgi.ee; filter:="(&(osgi.ee=JavaSE)(version=1.7))"
  Unresolved requirement: Fragment-Host: org.eclipse.core.filesystem; bundle-version="[1.4.100,2.0.0)"


!ENTRY org.eclipse.rap.tools.launch 2 0 2016-01-31 22:50:10.381
!MESSAGE Could not resolve module: org.eclipse.rap.tools.launch [404]
  Unresolved requirement: Require-Bundle: org.eclipse.core.runtime
    -> Bundle-SymbolicName: org.eclipse.core.runtime; bundle-version="3.11.1.v20150903-1804"; singleton:="true"
       org.eclipse.core.runtime [96]
         Unresolved requirement: Require-Bundle: org.eclipse.core.jobs; bundle-version="[3.2.0,4.0.0)"; visibility:="reexport"
           -> Bundle-SymbolicName: org.eclipse.core.jobs; bundle-version="3.7.0.v20150330-2103"; singleton:="true"
              org.eclipse.core.jobs [93]
                Unresolved requirement: Require-Capability: osgi.ee; filter:="(&(osgi.ee=JavaSE)(version=1.7))"


!ENTRY org.eclipse.mylyn.wikitext.twiki.core 2 0 2016-01-31 22:50:10.381
!MESSAGE Could not resolve module: org.eclipse.mylyn.wikitext.twiki.core [347]
  Unresolved requirement: Require-Bundle: org.eclipse.mylyn.wikitext.core; bundle-version="2.0.0"
    -> Bundle-SymbolicName: org.eclipse.mylyn.wikitext.core; bundle-version="2.6.0.v20150901-2143"; singleton:="true"
       org.eclipse.mylyn.wikitext.core [333]
         Unresolved requirement: Require-Capability: osgi.ee; filter:="(&(osgi.ee=JavaSE)(version=1.7))"


!ENTRY org.eclipse.equinox.p2.director 2 0 2016-01-31 22:50:10.381
!MESSAGE Could not resolve module: org.eclipse.equinox.p2.director [179]
  Unresolved requirement: Import-Package: org.eclipse.equinox.p2.engine; version="[2.0.0,3.0.0)"
    -> Export-Package: org.eclipse.equinox.p2.engine; bundle-version="2.4.0.v20150511-1532"; bundle-symbolic-name="org.eclipse.equinox.p2.engine"; version="2.2.0"
       org.eclipse.equinox.p2.engine [184]
         Unresolved requirement: Import-Package: org.eclipse.equinox.internal.p2.metadata.repository.io
           -> Export-Package: org.eclipse.equinox.internal.p2.metadata.repository.io; bundle-version="1.2.200.v20150428-1613"; bundle-symbolic-name="org.eclipse.equinox.p2.metadata.repository"; version="0.0.0"; x-friends:="org.eclipse.equinox.p2.engine"
              org.eclipse.equinox.p2.metadata.repository [189]
                Unresolved requirement: Import-Package: org.eclipse.equinox.internal.p2.persistence
                  -> Export-Package: org.eclipse.equinox.internal.p2.persistence; bundle-version="2.3.100.v20150428-1613"; bundle-symbolic-name="org.eclipse.equinox.p2.repository"; version="0.0.0"; x-friends:="org.eclipse.equinox.p2.artifact.repository,  org.eclipse.equinox.p2.engine,  org.eclipse.equinox.p2.metadata.repository,  org.eclipse.equinox.p2.ui.importexport,  org.eclipse.equinox.p2.repository.tools"
                     org.eclipse.equinox.p2.repository [194]
                       Unresolved requirement: Import-Package: org.eclipse.core.runtime.jobs
                         -> Export-Package: org.eclipse.core.runtime.jobs; bundle-version="3.7.0.v20150330-2103"; bundle-symbolic-name="org.eclipse.core.jobs"; version="0.0.0"
                            org.eclipse.core.jobs [93]
                              Unresolved requirement: Require-Capability: osgi.ee; filter:="(&(osgi.ee=JavaSE)(version=1.7))"


!ENTRY org.eclipse.ui.intro.universal 2 0 2016-01-31 22:50:10.381
!MESSAGE Could not resolve module: org.eclipse.ui.intro.universal [466]
  Unresolved requirement: Require-Bundle: org.eclipse.core.runtime; bundle-version="[3.6.0,4.0.0)"
    -> Bundle-SymbolicName: org.eclipse.core.runtime; bundle-version="3.11.1.v20150903-1804"; singleton:="true"
       org.eclipse.core.runtime [96]
         Unresolved requirement: Require-Bundle: org.eclipse.core.jobs; bundle-version="[3.2.0,4.0.0)"; visibility:="reexport"
           -> Bundle-SymbolicName: org.eclipse.core.jobs; bundle-version="3.7.0.v20150330-2103"; singleton:="true"
              org.eclipse.core.jobs [93]
                Unresolved requirement: Require-Capability: osgi.ee; filter:="(&(osgi.ee=JavaSE)(version=1.7))"


!ENTRY org.eclipse.pde.api.tools.ui 2 0 2016-01-31 22:50:10.382
!MESSAGE Could not resolve module: org.eclipse.pde.api.tools.ui [386]
  Unresolved requirement: Require-Bundle: org.eclipse.core.runtime; bundle-version="[3.11.0,4.0.0)"
    -> Bundle-SymbolicName: org.eclipse.core.runtime; bundle-version="3.11.1.v20150903-1804"; singleton:="true"
       org.eclipse.core.runtime [96]
         Unresolved requirement: Require-Bundle: org.eclipse.core.jobs; bundle-version="[3.2.0,4.0.0)"; visibility:="reexport"
           -> Bundle-SymbolicName: org.eclipse.core.jobs; bundle-version="3.7.0.v20150330-2103"; singleton:="true"
              org.eclipse.core.jobs [93]
                Unresolved requirement: Require-Capability: osgi.ee; filter:="(&(osgi.ee=JavaSE)(version=1.7))"


!ENTRY org.eclipse.pde.api.tools 2 0 2016-01-31 22:50:10.382
!MESSAGE Could not resolve module: org.eclipse.pde.api.tools [384]
  Unresolved requirement: Require-Bundle: org.eclipse.core.runtime; bundle-version="[3.11.0,4.0.0)"
    -> Bundle-SymbolicName: org.eclipse.core.runtime; bundle-version="3.11.1.v20150903-1804"; singleton:="true"
       org.eclipse.core.runtime [96]
         Unresolved requirement: Require-Bundle: org.eclipse.core.jobs; bundle-version="[3.2.0,4.0.0)"; visibility:="reexport"
           -> Bundle-SymbolicName: org.eclipse.core.jobs; bundle-version="3.7.0.v20150330-2103"; singleton:="true"
              org.eclipse.core.jobs [93]
                Unresolved requirement: Require-Capability: osgi.ee; filter:="(&(osgi.ee=JavaSE)(version=1.7))"


!ENTRY org.eclipse.jdt.annotation 2 0 2016-01-31 22:50:10.382
!MESSAGE Could not resolve module: org.eclipse.jdt.annotation [219]
  Unresolved requirement: Require-Capability: osgi.ee; filter:="(&(osgi.ee=JavaSE)(version=1.8))"


!ENTRY org.eclipse.equinox.security.macosx 2 0 2016-01-31 22:50:10.382
!MESSAGE Could not resolve module: org.eclipse.equinox.security.macosx [209]
  Unresolved requirement: Fragment-Host: org.eclipse.equinox.security; bundle-version="[1.0.0,2.0.0)"
    -> Bundle-SymbolicName: org.eclipse.equinox.security; bundle-version="1.2.100.v20150423-1356"; singleton:="true"
       org.eclipse.equinox.security [208]
         Unresolved requirement: Import-Package: org.eclipse.core.runtime.jobs
           -> Export-Package: org.eclipse.core.runtime.jobs; bundle-version="3.7.0.v20150330-2103"; bundle-symbolic-name="org.eclipse.core.jobs"; version="0.0.0"
              org.eclipse.core.jobs [93]
                Unresolved requirement: Require-Capability: osgi.ee; filter:="(&(osgi.ee=JavaSE)(version=1.7))"


!ENTRY org.eclipse.wst.common.modulecore 2 0 2016-01-31 22:50:10.382
!MESSAGE Could not resolve module: org.eclipse.wst.common.modulecore [503]
  Unresolved requirement: Require-Bundle: org.eclipse.core.runtime; bundle-version="[3.4.0,4.0.0)"
    -> Bundle-SymbolicName: org.eclipse.core.runtime; bundle-version="3.11.1.v20150903-1804"; singleton:="true"
       org.eclipse.core.runtime [96]
         Unresolved requirement: Require-Bundle: org.eclipse.core.jobs; bundle-version="[3.2.0,4.0.0)"; visibility:="reexport"
           -> Bundle-SymbolicName: org.eclipse.core.jobs; bundle-version="3.7.0.v20150330-2103"; singleton:="true"
              org.eclipse.core.jobs [93]
                Unresolved requirement: Require-Capability: osgi.ee; filter:="(&(osgi.ee=JavaSE)(version=1.7))"


!ENTRY org.eclipse.osgi 4 0 2016-01-31 22:50:10.384
!MESSAGE Application error
!STACK 1
java.lang.IllegalStateException: Unable to acquire application service. Ensure that the org.eclipse.core.runtime bundle is resolved and started (see config.ini).
	at org.eclipse.core.runtime.internal.adaptor.EclipseAppLauncher.start(EclipseAppLauncher.java:78)
	at org.eclipse.core.runtime.adaptor.EclipseStarter.run(EclipseStarter.java:380)
	at org.eclipse.core.runtime.adaptor.EclipseStarter.run(EclipseStarter.java:235)
	at sun.reflect.NativeMethodAccessorImpl.invoke0(Native Method)
	at sun.reflect.NativeMethodAccessorImpl.invoke(NativeMethodAccessorImpl.java:39)
	at sun.reflect.DelegatingMethodAccessorImpl.invoke(DelegatingMethodAccessorImpl.java:25)
	at java.lang.reflect.Method.invoke(Method.java:597)
	at org.eclipse.equinox.launcher.Main.invokeFramework(Main.java:669)
	at org.eclipse.equinox.launcher.Main.basicRun(Main.java:608)
	at org.eclipse.equinox.launcher.Main.run(Main.java:1515)
	at org.eclipse.equinox.launcher.Main.main(Main.java:1488)
