!SESSION 2016-01-29 18:04:03.518 -----------------------------------------------
eclipse.buildId=4.5.1.M20150904-0015
java.version=1.6.0_65
java.vendor=Apple Inc.
BootLoader constants: OS=macosx, ARCH=x86_64, WS=cocoa, NL=en_US
Framework arguments:  -product org.eclipse.platform.ide
Command-line arguments:  -product org.eclipse.platform.ide -data /Users/dennis/Work/github/amzi/source/eclipse/amzi-ide/workspace/../runtime-EclipseApplication(1) -dev file:/Users/dennis/Work/github/amzi/source/eclipse/amzi-ide/workspace/.metadata/.plugins/org.eclipse.pde.core/Eclipse Application (1)/dev.properties -os macosx -ws cocoa -arch x86_64 -consoleLog

This is a continuation of log file /Users/dennis/Work/github/amzi/source/eclipse/amzi-ide/workspace/.metadata/.plugins/org.eclipse.pde.core/Eclipse Application (1)/1454108643925.bak_0.log
Created Time: 2016-01-29 18:04:07.116

!ENTRY org.eclipse.jdt.debug.ui 2 0 2016-01-29 18:04:07.116
!MESSAGE Could not resolve module: org.eclipse.jdt.debug.ui [229]
  Unresolved requirement: Require-Bundle: org.eclipse.ui.ide; bundle-version="[3.5.0,4.0.0)"
    -> Bundle-SymbolicName: org.eclipse.ui.ide; bundle-version="3.11.0.v20150825-2158"; singleton:="true"
       org.eclipse.ui.ide [463]
         Unresolved requirement: Require-Bundle: org.eclipse.core.runtime; bundle-version="[3.2.0,4.0.0)"
           -> Bundle-SymbolicName: org.eclipse.core.runtime; bundle-version="3.11.1.v20150903-1804"; singleton:="true"
              org.eclipse.core.runtime [96]
                Unresolved requirement: Require-Bundle: org.eclipse.core.jobs; bundle-version="[3.2.0,4.0.0)"; visibility:="reexport"
                  -> Bundle-SymbolicName: org.eclipse.core.jobs; bundle-version="3.7.0.v20150330-2103"; singleton:="true"
                     org.eclipse.core.jobs [93]
                       Unresolved requirement: Require-Capability: osgi.ee; filter:="(&(osgi.ee=JavaSE)(version=1.7))"
         Unresolved requirement: Require-Bundle: org.eclipse.core.resources; bundle-version="[3.7.0,4.0.0)"; resolution:="optional"
           -> Bundle-SymbolicName: org.eclipse.core.resources; bundle-version="3.10.1.v20150725-1910"; singleton:="true"
              org.eclipse.core.resources [95]
                Unresolved requirement: Require-Bundle: org.eclipse.ant.core; bundle-version="[3.1.0,4.0.0)"; resolution:="optional"
                  -> Bundle-SymbolicName: org.eclipse.ant.core; bundle-version="3.4.0.v20150428-1928"; singleton:="true"
                     org.eclipse.ant.core [73]
                       Unresolved requirement: Require-Bundle: org.eclipse.core.variables; bundle-version="[3.1.0,4.0.0)"
                         -> Bundle-SymbolicName: org.eclipse.core.variables; bundle-version="3.2.800.v20130819-1716"; singleton:="true"
                            org.eclipse.core.variables [99]
                              Unresolved requirement: Require-Bundle: org.eclipse.core.runtime; bundle-version="[3.3.0,4.0.0)"
                                -> Bundle-SymbolicName: org.eclipse.core.runtime; bundle-version="3.11.1.v20150903-1804"; singleton:="true"
                Unresolved requirement: Require-Bundle: org.eclipse.core.expressions; bundle-version="[3.2.0,4.0.0)"
                  -> Bundle-SymbolicName: org.eclipse.core.expressions; bundle-version="3.5.0.v20150421-2214"; singleton:="true"
                     org.eclipse.core.expressions [87]
                       Unresolved requirement: Require-Bundle: org.eclipse.core.runtime; bundle-version="[3.3.0,4.0.0)"
                         -> Bundle-SymbolicName: org.eclipse.core.runtime; bundle-version="3.11.1.v20150903-1804"; singleton:="true"


!ENTRY org.eclipse.wst.common.emfworkbench.integration 2 0 2016-01-29 18:04:07.117
!MESSAGE Could not resolve module: org.eclipse.wst.common.emfworkbench.integration [498]
  Unresolved requirement: Require-Bundle: org.eclipse.wst.common.frameworks; bundle-version="[1.1.200,2.0.0)"
    -> Bundle-SymbolicName: org.eclipse.wst.common.frameworks; bundle-version="1.2.200.v201304241450"; singleton:="true"
       org.eclipse.wst.common.frameworks [500]
         Unresolved requirement: Require-Bundle: org.eclipse.core.resources; bundle-version="[3.4.0,4.0.0)"
           -> Bundle-SymbolicName: org.eclipse.core.resources; bundle-version="3.10.1.v20150725-1910"; singleton:="true"
              org.eclipse.core.resources [95]
                Unresolved requirement: Require-Bundle: org.eclipse.ant.core; bundle-version="[3.1.0,4.0.0)"; resolution:="optional"
                  -> Bundle-SymbolicName: org.eclipse.ant.core; bundle-version="3.4.0.v20150428-1928"; singleton:="true"
                     org.eclipse.ant.core [73]
                       Unresolved requirement: Require-Bundle: org.eclipse.core.variables; bundle-version="[3.1.0,4.0.0)"
                         -> Bundle-SymbolicName: org.eclipse.core.variables; bundle-version="3.2.800.v20130819-1716"; singleton:="true"
                            org.eclipse.core.variables [99]
                              Unresolved requirement: Require-Bundle: org.eclipse.core.runtime; bundle-version="[3.3.0,4.0.0)"
                                -> Bundle-SymbolicName: org.eclipse.core.runtime; bundle-version="3.11.1.v20150903-1804"; singleton:="true"
                                   org.eclipse.core.runtime [96]
                                     Unresolved requirement: Require-Bundle: org.eclipse.core.jobs; bundle-version="[3.2.0,4.0.0)"; visibility:="reexport"
                                       -> Bundle-SymbolicName: org.eclipse.core.jobs; bundle-version="3.7.0.v20150330-2103"; singleton:="true"
                                          org.eclipse.core.jobs [93]
                                            Unresolved requirement: Require-Capability: osgi.ee; filter:="(&(osgi.ee=JavaSE)(version=1.7))"
                Unresolved requirement: Require-Bundle: org.eclipse.core.expressions; bundle-version="[3.2.0,4.0.0)"
                  -> Bundle-SymbolicName: org.eclipse.core.expressions; bundle-version="3.5.0.v20150421-2214"; singleton:="true"
                     org.eclipse.core.expressions [87]
                       Unresolved requirement: Require-Bundle: org.eclipse.core.runtime; bundle-version="[3.3.0,4.0.0)"
                         -> Bundle-SymbolicName: org.eclipse.core.runtime; bundle-version="3.11.1.v20150903-1804"; singleton:="true"


!ENTRY com.amzi.prolog.ui 2 0 2016-01-29 18:04:07.117
!MESSAGE Could not resolve module: com.amzi.prolog.ui [11]
  Unresolved requirement: Require-Bundle: org.eclipse.ui.ide
    -> Bundle-SymbolicName: org.eclipse.ui.ide; bundle-version="3.11.0.v20150825-2158"; singleton:="true"
       org.eclipse.ui.ide [463]
         Unresolved requirement: Require-Bundle: org.eclipse.core.runtime; bundle-version="[3.2.0,4.0.0)"
           -> Bundle-SymbolicName: org.eclipse.core.runtime; bundle-version="3.11.1.v20150903-1804"; singleton:="true"
              org.eclipse.core.runtime [96]
                Unresolved requirement: Require-Bundle: org.eclipse.core.jobs; bundle-version="[3.2.0,4.0.0)"; visibility:="reexport"
                  -> Bundle-SymbolicName: org.eclipse.core.jobs; bundle-version="3.7.0.v20150330-2103"; singleton:="true"
                     org.eclipse.core.jobs [93]
                       Unresolved requirement: Require-Capability: osgi.ee; filter:="(&(osgi.ee=JavaSE)(version=1.7))"
         Unresolved requirement: Require-Bundle: org.eclipse.core.resources; bundle-version="[3.7.0,4.0.0)"; resolution:="optional"
           -> Bundle-SymbolicName: org.eclipse.core.resources; bundle-version="3.10.1.v20150725-1910"; singleton:="true"
              org.eclipse.core.resources [95]
                Unresolved requirement: Require-Bundle: org.eclipse.ant.core; bundle-version="[3.1.0,4.0.0)"; resolution:="optional"
                  -> Bundle-SymbolicName: org.eclipse.ant.core; bundle-version="3.4.0.v20150428-1928"; singleton:="true"
                     org.eclipse.ant.core [73]
                       Unresolved requirement: Require-Bundle: org.eclipse.core.variables; bundle-version="[3.1.0,4.0.0)"
                         -> Bundle-SymbolicName: org.eclipse.core.variables; bundle-version="3.2.800.v20130819-1716"; singleton:="true"
                            org.eclipse.core.variables [99]
                              Unresolved requirement: Require-Bundle: org.eclipse.core.runtime; bundle-version="[3.3.0,4.0.0)"
                                -> Bundle-SymbolicName: org.eclipse.core.runtime; bundle-version="3.11.1.v20150903-1804"; singleton:="true"
                Unresolved requirement: Require-Bundle: org.eclipse.core.expressions; bundle-version="[3.2.0,4.0.0)"
                  -> Bundle-SymbolicName: org.eclipse.core.expressions; bundle-version="3.5.0.v20150421-2214"; singleton:="true"
                     org.eclipse.core.expressions [87]
                       Unresolved requirement: Require-Bundle: org.eclipse.core.runtime; bundle-version="[3.3.0,4.0.0)"
                         -> Bundle-SymbolicName: org.eclipse.core.runtime; bundle-version="3.11.1.v20150903-1804"; singleton:="true"


!ENTRY org.eclipse.xsd 2 0 2016-01-29 18:04:07.118
!MESSAGE Could not resolve module: org.eclipse.xsd [531]
  Unresolved requirement: Require-Bundle: org.eclipse.core.runtime; bundle-version="[3.5.0,4.0.0)"
    -> Bundle-SymbolicName: org.eclipse.core.runtime; bundle-version="3.11.1.v20150903-1804"; singleton:="true"
       org.eclipse.core.runtime [96]
         Unresolved requirement: Require-Bundle: org.eclipse.core.jobs; bundle-version="[3.2.0,4.0.0)"; visibility:="reexport"
           -> Bundle-SymbolicName: org.eclipse.core.jobs; bundle-version="3.7.0.v20150330-2103"; singleton:="true"
              org.eclipse.core.jobs [93]
                Unresolved requirement: Require-Capability: osgi.ee; filter:="(&(osgi.ee=JavaSE)(version=1.7))"


!ENTRY org.eclipse.oomph.workingsets.edit 2 0 2016-01-29 18:04:07.118
!MESSAGE Could not resolve module: org.eclipse.oomph.workingsets.edit [379]
  Unresolved requirement: Require-Bundle: org.eclipse.core.runtime; bundle-version="[3.5.0,4.0.0)"
    -> Bundle-SymbolicName: org.eclipse.core.runtime; bundle-version="3.11.1.v20150903-1804"; singleton:="true"
       org.eclipse.core.runtime [96]
         Unresolved requirement: Require-Bundle: org.eclipse.core.jobs; bundle-version="[3.2.0,4.0.0)"; visibility:="reexport"
           -> Bundle-SymbolicName: org.eclipse.core.jobs; bundle-version="3.7.0.v20150330-2103"; singleton:="true"
              org.eclipse.core.jobs [93]
                Unresolved requirement: Require-Capability: osgi.ee; filter:="(&(osgi.ee=JavaSE)(version=1.7))"


!ENTRY org.eclipse.emf.common.ui 2 0 2016-01-29 18:04:07.118
!MESSAGE Could not resolve module: org.eclipse.emf.common.ui [145]
  Unresolved requirement: Require-Bundle: org.eclipse.core.runtime; bundle-version="[3.5.0,4.0.0)"
    -> Bundle-SymbolicName: org.eclipse.core.runtime; bundle-version="3.11.1.v20150903-1804"; singleton:="true"
       org.eclipse.core.runtime [96]
         Unresolved requirement: Require-Bundle: org.eclipse.core.jobs; bundle-version="[3.2.0,4.0.0)"; visibility:="reexport"
           -> Bundle-SymbolicName: org.eclipse.core.jobs; bundle-version="3.7.0.v20150330-2103"; singleton:="true"
              org.eclipse.core.jobs [93]
                Unresolved requirement: Require-Capability: osgi.ee; filter:="(&(osgi.ee=JavaSE)(version=1.7))"


!ENTRY org.eclipse.mylyn.monitor.ui 2 0 2016-01-29 18:04:07.118
!MESSAGE Could not resolve module: org.eclipse.mylyn.monitor.ui [315]
  Unresolved requirement: Require-Bundle: org.eclipse.ui
    -> Bundle-SymbolicName: org.eclipse.ui; bundle-version="3.107.0.v20150507-1945"; singleton:="true"
       org.eclipse.ui [455]
         Unresolved requirement: Require-Bundle: org.eclipse.core.runtime; bundle-version="[3.2.0,4.0.0)"
           -> Bundle-SymbolicName: org.eclipse.core.runtime; bundle-version="3.11.1.v20150903-1804"; singleton:="true"
              org.eclipse.core.runtime [96]
                Unresolved requirement: Require-Bundle: org.eclipse.core.jobs; bundle-version="[3.2.0,4.0.0)"; visibility:="reexport"
                  -> Bundle-SymbolicName: org.eclipse.core.jobs; bundle-version="3.7.0.v20150330-2103"; singleton:="true"
                     org.eclipse.core.jobs [93]
                       Unresolved requirement: Require-Capability: osgi.ee; filter:="(&(osgi.ee=JavaSE)(version=1.7))"


!ENTRY org.eclipse.e4.ui.widgets 2 0 2016-01-29 18:04:07.118
!MESSAGE Could not resolve module: org.eclipse.e4.ui.widgets [124]
  Unresolved requirement: Require-Capability: osgi.ee; filter:="(&(osgi.ee=JavaSE)(version=1.7))"


!ENTRY org.eclipse.wb.core.ui 2 0 2016-01-29 18:04:07.119
!MESSAGE Could not resolve module: org.eclipse.wb.core.ui [483]
  Unresolved requirement: Require-Bundle: org.eclipse.ui
    -> Bundle-SymbolicName: org.eclipse.ui; bundle-version="3.107.0.v20150507-1945"; singleton:="true"
       org.eclipse.ui [455]
         Unresolved requirement: Require-Bundle: org.eclipse.core.runtime; bundle-version="[3.2.0,4.0.0)"
           -> Bundle-SymbolicName: org.eclipse.core.runtime; bundle-version="3.11.1.v20150903-1804"; singleton:="true"
              org.eclipse.core.runtime [96]
                Unresolved requirement: Require-Bundle: org.eclipse.core.jobs; bundle-version="[3.2.0,4.0.0)"; visibility:="reexport"
                  -> Bundle-SymbolicName: org.eclipse.core.jobs; bundle-version="3.7.0.v20150330-2103"; singleton:="true"
                     org.eclipse.core.jobs [93]
                       Unresolved requirement: Require-Capability: osgi.ee; filter:="(&(osgi.ee=JavaSE)(version=1.7))"


!ENTRY org.eclipse.e4.ui.workbench.addons.swt 2 0 2016-01-29 18:04:07.119
!MESSAGE Could not resolve module: org.eclipse.e4.ui.workbench.addons.swt [126]
  Unresolved requirement: Import-Package: org.eclipse.e4.ui.internal.workbench.swt
    -> Export-Package: org.eclipse.e4.ui.internal.workbench.swt; bundle-version="0.13.0.v20150504-0621"; bundle-symbolic-name="org.eclipse.e4.ui.workbench.swt"; version="0.0.0"; x-friends:="org.eclipse.e4.ui.workbench.addons.swt,org.eclipse.e4.ui.workbench.renderers.swt,org.eclipse.ui.workbench"
       org.eclipse.e4.ui.workbench.swt [129]
         Unresolved requirement: Require-Bundle: org.eclipse.e4.ui.workbench; bundle-version="0.10.0"
           -> Bundle-SymbolicName: org.eclipse.e4.ui.workbench; bundle-version="1.3.0.v20150531-1948"; singleton:="true"
              org.eclipse.e4.ui.workbench [125]
                Unresolved requirement: Require-Bundle: org.eclipse.e4.ui.model.workbench; bundle-version="1.0.0"
                  -> Bundle-SymbolicName: org.eclipse.e4.ui.model.workbench; bundle-version="1.1.100.v20150407-1430"; singleton:="true"
                     org.eclipse.e4.ui.model.workbench [122]
                       Unresolved requirement: Require-Bundle: org.eclipse.core.runtime; bundle-version="[3.7.0,4.0.0)"
                         -> Bundle-SymbolicName: org.eclipse.core.runtime; bundle-version="3.11.1.v20150903-1804"; singleton:="true"
                            org.eclipse.core.runtime [96]
                              Unresolved requirement: Require-Bundle: org.eclipse.core.jobs; bundle-version="[3.2.0,4.0.0)"; visibility:="reexport"
                                -> Bundle-SymbolicName: org.eclipse.core.jobs; bundle-version="3.7.0.v20150330-2103"; singleton:="true"
                                   org.eclipse.core.jobs [93]
                                     Unresolved requirement: Require-Capability: osgi.ee; filter:="(&(osgi.ee=JavaSE)(version=1.7))"


!ENTRY org.eclipse.wst.xsd.core 2 0 2016-01-29 18:04:07.119
!MESSAGE Could not resolve module: org.eclipse.wst.xsd.core [528]
  Unresolved requirement: Require-Bundle: org.eclipse.core.runtime; bundle-version="[3.2.0,4.0.0)"
    -> Bundle-SymbolicName: org.eclipse.core.runtime; bundle-version="3.11.1.v20150903-1804"; singleton:="true"
       org.eclipse.core.runtime [96]
         Unresolved requirement: Require-Bundle: org.eclipse.core.jobs; bundle-version="[3.2.0,4.0.0)"; visibility:="reexport"
           -> Bundle-SymbolicName: org.eclipse.core.jobs; bundle-version="3.7.0.v20150330-2103"; singleton:="true"
              org.eclipse.core.jobs [93]
                Unresolved requirement: Require-Capability: osgi.ee; filter:="(&(osgi.ee=JavaSE)(version=1.7))"


!ENTRY org.eclipse.mylyn.versions.ui 2 0 2016-01-29 18:04:07.119
!MESSAGE Could not resolve module: org.eclipse.mylyn.versions.ui [329]
  Unresolved requirement: Require-Bundle: org.eclipse.core.runtime
    -> Bundle-SymbolicName: org.eclipse.core.runtime; bundle-version="3.11.1.v20150903-1804"; singleton:="true"
       org.eclipse.core.runtime [96]
         Unresolved requirement: Require-Bundle: org.eclipse.core.jobs; bundle-version="[3.2.0,4.0.0)"; visibility:="reexport"
           -> Bundle-SymbolicName: org.eclipse.core.jobs; bundle-version="3.7.0.v20150330-2103"; singleton:="true"
              org.eclipse.core.jobs [93]
                Unresolved requirement: Require-Capability: osgi.ee; filter:="(&(osgi.ee=JavaSE)(version=1.7))"


!ENTRY org.eclipse.epp.package.rcp 2 0 2016-01-29 18:04:07.119
!MESSAGE Could not resolve module: org.eclipse.epp.package.rcp [159]
  Unresolved requirement: Require-Bundle: org.eclipse.platform
    -> Bundle-SymbolicName: org.eclipse.platform; bundle-version="4.5.1.v20150904-0015"; singleton:="true"
       org.eclipse.platform [399]
         Unresolved requirement: Require-Bundle: org.eclipse.ui.intro; bundle-version="[3.2.0,4.0.0)"
           -> Bundle-SymbolicName: org.eclipse.ui.intro; bundle-version="3.4.300.v20141007-1449"; singleton:="true"
              org.eclipse.ui.intro [465]
                Unresolved requirement: Require-Bundle: org.eclipse.core.runtime; bundle-version="[3.6.0,4.0.0)"
                  -> Bundle-SymbolicName: org.eclipse.core.runtime; bundle-version="3.11.1.v20150903-1804"; singleton:="true"
                     org.eclipse.core.runtime [96]
                       Unresolved requirement: Require-Bundle: org.eclipse.core.jobs; bundle-version="[3.2.0,4.0.0)"; visibility:="reexport"
                         -> Bundle-SymbolicName: org.eclipse.core.jobs; bundle-version="3.7.0.v20150330-2103"; singleton:="true"
                            org.eclipse.core.jobs [93]
                              Unresolved requirement: Require-Capability: osgi.ee; filter:="(&(osgi.ee=JavaSE)(version=1.7))"


!ENTRY org.eclipse.egit.doc 2 0 2016-01-29 18:04:07.120
!MESSAGE Could not resolve module: org.eclipse.egit.doc [141]
  Unresolved requirement: Require-Bundle: org.eclipse.mylyn.wikitext.core.ant; bundle-version="[2.0.0,3.0.0)"; resolution:="optional"
    -> Bundle-SymbolicName: org.eclipse.mylyn.wikitext.core.ant; bundle-version="2.6.0.v20150625-2041"
       org.eclipse.mylyn.wikitext.core.ant [334]
         Unresolved requirement: Require-Bundle: org.eclipse.mylyn.wikitext.core; bundle-version="2.0.0"
           -> Bundle-SymbolicName: org.eclipse.mylyn.wikitext.core; bundle-version="2.6.0.v20150901-2143"; singleton:="true"
              org.eclipse.mylyn.wikitext.core [333]
                Unresolved requirement: Require-Capability: osgi.ee; filter:="(&(osgi.ee=JavaSE)(version=1.7))"
  Unresolved requirement: Require-Bundle: org.eclipse.ui.cheatsheets; bundle-version="[3.3.0,4.0.0)"
    -> Bundle-SymbolicName: org.eclipse.ui.cheatsheets; bundle-version="3.4.200.v20131227-1524"; singleton:="true"
       org.eclipse.ui.cheatsheets [457]
         Unresolved requirement: Require-Bundle: org.eclipse.ui; bundle-version="[3.6.0,4.0.0)"
           -> Bundle-SymbolicName: org.eclipse.ui; bundle-version="3.107.0.v20150507-1945"; singleton:="true"
              org.eclipse.ui [455]
                Unresolved requirement: Require-Bundle: org.eclipse.core.runtime; bundle-version="[3.2.0,4.0.0)"
                  -> Bundle-SymbolicName: org.eclipse.core.runtime; bundle-version="3.11.1.v20150903-1804"; singleton:="true"
                     org.eclipse.core.runtime [96]
                       Unresolved requirement: Require-Bundle: org.eclipse.core.jobs; bundle-version="[3.2.0,4.0.0)"; visibility:="reexport"
                         -> Bundle-SymbolicName: org.eclipse.core.jobs; bundle-version="3.7.0.v20150330-2103"; singleton:="true"
                            org.eclipse.core.jobs [93]
                              Unresolved requirement: Require-Capability: osgi.ee; filter:="(&(osgi.ee=JavaSE)(version=1.7))"
  Unresolved requirement: Require-Bundle: org.eclipse.mylyn.wikitext.core; bundle-version="[2.0.0,3.0.0)"; resolution:="optional"
    -> Bundle-SymbolicName: org.eclipse.mylyn.wikitext.core; bundle-version="2.6.0.v20150901-2143"; singleton:="true"
  Unresolved requirement: Require-Bundle: org.eclipse.mylyn.wikitext.mediawiki.core; bundle-version="[2.0.0,3.0.0)"; resolution:="optional"
    -> Bundle-SymbolicName: org.eclipse.mylyn.wikitext.mediawiki.core; bundle-version="2.6.0.v20150901-2143"; singleton:="true"
       org.eclipse.mylyn.wikitext.mediawiki.core [340]
         Unresolved requirement: Require-Bundle: org.eclipse.mylyn.wikitext.core; bundle-version="2.0.0"
           -> Bundle-SymbolicName: org.eclipse.mylyn.wikitext.core; bundle-version="2.6.0.v20150901-2143"; singleton:="true"


!ENTRY org.eclipse.equinox.p2.discovery.compatibility 2 0 2016-01-29 18:04:07.120
!MESSAGE Could not resolve module: org.eclipse.equinox.p2.discovery.compatibility [183]
  Unresolved requirement: Require-Bundle: org.eclipse.core.runtime; bundle-version="3.3.0"
    -> Bundle-SymbolicName: org.eclipse.core.runtime; bundle-version="3.11.1.v20150903-1804"; singleton:="true"
       org.eclipse.core.runtime [96]
         Unresolved requirement: Require-Bundle: org.eclipse.core.jobs; bundle-version="[3.2.0,4.0.0)"; visibility:="reexport"
           -> Bundle-SymbolicName: org.eclipse.core.jobs; bundle-version="3.7.0.v20150330-2103"; singleton:="true"
              org.eclipse.core.jobs [93]
                Unresolved requirement: Require-Capability: osgi.ee; filter:="(&(osgi.ee=JavaSE)(version=1.7))"


!ENTRY org.eclipse.oomph.resources 2 0 2016-01-29 18:04:07.121
!MESSAGE Could not resolve module: org.eclipse.oomph.resources [364]
  Unresolved requirement: Require-Bundle: org.eclipse.core.resources; bundle-version="[3.5.0,4.0.0)"; visibility:="reexport"
    -> Bundle-SymbolicName: org.eclipse.core.resources; bundle-version="3.10.1.v20150725-1910"; singleton:="true"
       org.eclipse.core.resources [95]
         Unresolved requirement: Require-Bundle: org.eclipse.ant.core; bundle-version="[3.1.0,4.0.0)"; resolution:="optional"
           -> Bundle-SymbolicName: org.eclipse.ant.core; bundle-version="3.4.0.v20150428-1928"; singleton:="true"
              org.eclipse.ant.core [73]
                Unresolved requirement: Require-Bundle: org.eclipse.core.variables; bundle-version="[3.1.0,4.0.0)"
                  -> Bundle-SymbolicName: org.eclipse.core.variables; bundle-version="3.2.800.v20130819-1716"; singleton:="true"
                     org.eclipse.core.variables [99]
                       Unresolved requirement: Require-Bundle: org.eclipse.core.runtime; bundle-version="[3.3.0,4.0.0)"
                         -> Bundle-SymbolicName: org.eclipse.core.runtime; bundle-version="3.11.1.v20150903-1804"; singleton:="true"
                            org.eclipse.core.runtime [96]
                              Unresolved requirement: Require-Bundle: org.eclipse.core.jobs; bundle-version="[3.2.0,4.0.0)"; visibility:="reexport"
                                -> Bundle-SymbolicName: org.eclipse.core.jobs; bundle-version="3.7.0.v20150330-2103"; singleton:="true"
                                   org.eclipse.core.jobs [93]
                                     Unresolved requirement: Require-Capability: osgi.ee; filter:="(&(osgi.ee=JavaSE)(version=1.7))"
         Unresolved requirement: Require-Bundle: org.eclipse.core.expressions; bundle-version="[3.2.0,4.0.0)"
           -> Bundle-SymbolicName: org.eclipse.core.expressions; bundle-version="3.5.0.v20150421-2214"; singleton:="true"
              org.eclipse.core.expressions [87]
                Unresolved requirement: Require-Bundle: org.eclipse.core.runtime; bundle-version="[3.3.0,4.0.0)"
                  -> Bundle-SymbolicName: org.eclipse.core.runtime; bundle-version="3.11.1.v20150903-1804"; singleton:="true"


!ENTRY org.eclipse.mylyn.commons.core 2 0 2016-01-29 18:04:07.121
!MESSAGE Could not resolve module: org.eclipse.mylyn.commons.core [284]
  Unresolved requirement: Require-Bundle: org.eclipse.core.runtime
    -> Bundle-SymbolicName: org.eclipse.core.runtime; bundle-version="3.11.1.v20150903-1804"; singleton:="true"
       org.eclipse.core.runtime [96]
         Unresolved requirement: Require-Bundle: org.eclipse.core.jobs; bundle-version="[3.2.0,4.0.0)"; visibility:="reexport"
           -> Bundle-SymbolicName: org.eclipse.core.jobs; bundle-version="3.7.0.v20150330-2103"; singleton:="true"
              org.eclipse.core.jobs [93]
                Unresolved requirement: Require-Capability: osgi.ee; filter:="(&(osgi.ee=JavaSE)(version=1.7))"


!ENTRY org.eclipse.mylyn.debug.ui 2 0 2016-01-29 18:04:07.121
!MESSAGE Could not resolve module: org.eclipse.mylyn.debug.ui [300]
  Unresolved requirement: Require-Bundle: org.eclipse.core.runtime
    -> Bundle-SymbolicName: org.eclipse.core.runtime; bundle-version="3.11.1.v20150903-1804"; singleton:="true"
       org.eclipse.core.runtime [96]
         Unresolved requirement: Require-Bundle: org.eclipse.core.jobs; bundle-version="[3.2.0,4.0.0)"; visibility:="reexport"
           -> Bundle-SymbolicName: org.eclipse.core.jobs; bundle-version="3.7.0.v20150330-2103"; singleton:="true"
              org.eclipse.core.jobs [93]
                Unresolved requirement: Require-Capability: osgi.ee; filter:="(&(osgi.ee=JavaSE)(version=1.7))"


!ENTRY org.eclipse.m2e.launching 2 0 2016-01-29 18:04:07.121
!MESSAGE Could not resolve module: org.eclipse.m2e.launching [266]
  Unresolved requirement: Require-Bundle: org.eclipse.core.runtime
    -> Bundle-SymbolicName: org.eclipse.core.runtime; bundle-version="3.11.1.v20150903-1804"; singleton:="true"
       org.eclipse.core.runtime [96]
         Unresolved requirement: Require-Bundle: org.eclipse.core.jobs; bundle-version="[3.2.0,4.0.0)"; visibility:="reexport"
           -> Bundle-SymbolicName: org.eclipse.core.jobs; bundle-version="3.7.0.v20150330-2103"; singleton:="true"
              org.eclipse.core.jobs [93]
                Unresolved requirement: Require-Capability: osgi.ee; filter:="(&(osgi.ee=JavaSE)(version=1.7))"


!ENTRY org.eclipse.e4.tools.services 2 0 2016-01-29 18:04:07.121
!MESSAGE Could not resolve module: org.eclipse.e4.tools.services [115]
  Unresolved requirement: Require-Bundle: org.eclipse.e4.core.contexts; bundle-version="0.9.0"
    -> Bundle-SymbolicName: org.eclipse.e4.core.contexts; bundle-version="1.4.0.v20150828-0818"
       org.eclipse.e4.core.contexts [104]
         Unresolved requirement: Require-Bundle: org.eclipse.e4.core.di
           -> Bundle-SymbolicName: org.eclipse.e4.core.di; bundle-version="1.5.0.v20150421-2214"
              org.eclipse.e4.core.di [105]
                Unresolved requirement: Require-Bundle: org.eclipse.e4.core.di.annotations; bundle-version="[1.4.0,2.0.0)"; visibility:="reexport"
                  -> Bundle-SymbolicName: org.eclipse.e4.core.di.annotations; bundle-version="1.4.0.v20150528-1451"
                     org.eclipse.e4.core.di.annotations [106]
                       Unresolved requirement: Require-Capability: osgi.ee; filter:="(&(osgi.ee=JavaSE)(version=1.7))"


!ENTRY org.eclipse.ui.ide 2 0 2016-01-29 18:04:07.122
!MESSAGE Could not resolve module: org.eclipse.ui.ide [463]
  Unresolved requirement: Require-Bundle: org.eclipse.core.runtime; bundle-version="[3.2.0,4.0.0)"
    -> Bundle-SymbolicName: org.eclipse.core.runtime; bundle-version="3.11.1.v20150903-1804"; singleton:="true"
       org.eclipse.core.runtime [96]
         Unresolved requirement: Require-Bundle: org.eclipse.core.jobs; bundle-version="[3.2.0,4.0.0)"; visibility:="reexport"
           -> Bundle-SymbolicName: org.eclipse.core.jobs; bundle-version="3.7.0.v20150330-2103"; singleton:="true"
              org.eclipse.core.jobs [93]
                Unresolved requirement: Require-Capability: osgi.ee; filter:="(&(osgi.ee=JavaSE)(version=1.7))"
  Unresolved requirement: Require-Bundle: org.eclipse.core.resources; bundle-version="[3.7.0,4.0.0)"; resolution:="optional"
    -> Bundle-SymbolicName: org.eclipse.core.resources; bundle-version="3.10.1.v20150725-1910"; singleton:="true"
       org.eclipse.core.resources [95]
         Unresolved requirement: Require-Bundle: org.eclipse.ant.core; bundle-version="[3.1.0,4.0.0)"; resolution:="optional"
           -> Bundle-SymbolicName: org.eclipse.ant.core; bundle-version="3.4.0.v20150428-1928"; singleton:="true"
              org.eclipse.ant.core [73]
                Unresolved requirement: Require-Bundle: org.eclipse.core.variables; bundle-version="[3.1.0,4.0.0)"
                  -> Bundle-SymbolicName: org.eclipse.core.variables; bundle-version="3.2.800.v20130819-1716"; singleton:="true"
                     org.eclipse.core.variables [99]
                       Unresolved requirement: Require-Bundle: org.eclipse.core.runtime; bundle-version="[3.3.0,4.0.0)"
                         -> Bundle-SymbolicName: org.eclipse.core.runtime; bundle-version="3.11.1.v20150903-1804"; singleton:="true"
         Unresolved requirement: Require-Bundle: org.eclipse.core.expressions; bundle-version="[3.2.0,4.0.0)"
           -> Bundle-SymbolicName: org.eclipse.core.expressions; bundle-version="3.5.0.v20150421-2214"; singleton:="true"
              org.eclipse.core.expressions [87]
                Unresolved requirement: Require-Bundle: org.eclipse.core.runtime; bundle-version="[3.3.0,4.0.0)"
                  -> Bundle-SymbolicName: org.eclipse.core.runtime; bundle-version="3.11.1.v20150903-1804"; singleton:="true"


!ENTRY org.eclipse.ant.ui 2 0 2016-01-29 18:04:07.122
!MESSAGE Could not resolve module: org.eclipse.ant.ui [75]
  Unresolved requirement: Require-Bundle: org.eclipse.ui.workbench.texteditor; bundle-version="[3.5.0,4.0.0)"; resolution:="optional"
    -> Bundle-SymbolicName: org.eclipse.ui.workbench.texteditor; bundle-version="3.9.100.v20141023-1946"; singleton:="true"
       org.eclipse.ui.workbench.texteditor [477]
         Unresolved requirement: Require-Bundle: org.eclipse.core.runtime; bundle-version="[3.5.0,4.0.0)"
           -> Bundle-SymbolicName: org.eclipse.core.runtime; bundle-version="3.11.1.v20150903-1804"; singleton:="true"
              org.eclipse.core.runtime [96]
                Unresolved requirement: Require-Bundle: org.eclipse.core.jobs; bundle-version="[3.2.0,4.0.0)"; visibility:="reexport"
                  -> Bundle-SymbolicName: org.eclipse.core.jobs; bundle-version="3.7.0.v20150330-2103"; singleton:="true"
                     org.eclipse.core.jobs [93]
                       Unresolved requirement: Require-Capability: osgi.ee; filter:="(&(osgi.ee=JavaSE)(version=1.7))"
  Unresolved requirement: Require-Bundle: org.eclipse.jface.text; bundle-version="[3.5.0,4.0.0)"; resolution:="optional"
    -> Bundle-SymbolicName: org.eclipse.jface.text; bundle-version="3.10.0.v20150603-1752"
       org.eclipse.jface.text [251]
         Unresolved requirement: Require-Bundle: org.eclipse.core.runtime; bundle-version="[3.5.0,4.0.0)"
           -> Bundle-SymbolicName: org.eclipse.core.runtime; bundle-version="3.11.1.v20150903-1804"; singleton:="true"
  Unresolved requirement: Require-Bundle: org.eclipse.ui.editors; bundle-version="[3.2.0,4.0.0)"; resolution:="optional"
    -> Bundle-SymbolicName: org.eclipse.ui.editors; bundle-version="3.9.0.v20150213-1939"; singleton:="true"
       org.eclipse.ui.editors [460]
         Unresolved requirement: Require-Bundle: org.eclipse.core.runtime; bundle-version="[3.7.0,4.0.0)"
           -> Bundle-SymbolicName: org.eclipse.core.runtime; bundle-version="3.11.1.v20150903-1804"; singleton:="true"
  Unresolved requirement: Require-Bundle: org.eclipse.ui.views; bundle-version="[3.2.0,4.0.0)"; resolution:="optional"
    -> Bundle-SymbolicName: org.eclipse.ui.views; bundle-version="3.8.0.v20150422-0725"; singleton:="true"
       org.eclipse.ui.views [473]
         Unresolved requirement: Require-Bundle: org.eclipse.core.runtime; bundle-version="[3.11.0,4.0.0)"
           -> Bundle-SymbolicName: org.eclipse.core.runtime; bundle-version="3.11.1.v20150903-1804"; singleton:="true"
  Unresolved requirement: Require-Bundle: org.eclipse.ant.core; bundle-version="[3.2.0,4.0.0)"
    -> Bundle-SymbolicName: org.eclipse.ant.core; bundle-version="3.4.0.v20150428-1928"; singleton:="true"
       org.eclipse.ant.core [73]
         Unresolved requirement: Require-Bundle: org.eclipse.core.variables; bundle-version="[3.1.0,4.0.0)"
           -> Bundle-SymbolicName: org.eclipse.core.variables; bundle-version="3.2.800.v20130819-1716"; singleton:="true"
              org.eclipse.core.variables [99]
                Unresolved requirement: Require-Bundle: org.eclipse.core.runtime; bundle-version="[3.3.0,4.0.0)"
                  -> Bundle-SymbolicName: org.eclipse.core.runtime; bundle-version="3.11.1.v20150903-1804"; singleton:="true"
  Unresolved requirement: Require-Bundle: org.eclipse.ui.ide; bundle-version="[3.2.0,4.0.0)"; resolution:="optional"
    -> Bundle-SymbolicName: org.eclipse.ui.ide; bundle-version="3.11.0.v20150825-2158"; singleton:="true"
       org.eclipse.ui.ide [463]
         Unresolved requirement: Require-Bundle: org.eclipse.core.runtime; bundle-version="[3.2.0,4.0.0)"
           -> Bundle-SymbolicName: org.eclipse.core.runtime; bundle-version="3.11.1.v20150903-1804"; singleton:="true"
         Unresolved requirement: Require-Bundle: org.eclipse.core.resources; bundle-version="[3.7.0,4.0.0)"; resolution:="optional"
           -> Bundle-SymbolicName: org.eclipse.core.resources; bundle-version="3.10.1.v20150725-1910"; singleton:="true"
              org.eclipse.core.resources [95]
                Unresolved requirement: Require-Bundle: org.eclipse.ant.core; bundle-version="[3.1.0,4.0.0)"; resolution:="optional"
                  -> Bundle-SymbolicName: org.eclipse.ant.core; bundle-version="3.4.0.v20150428-1928"; singleton:="true"
                Unresolved requirement: Require-Bundle: org.eclipse.core.expressions; bundle-version="[3.2.0,4.0.0)"
                  -> Bundle-SymbolicName: org.eclipse.core.expressions; bundle-version="3.5.0.v20150421-2214"; singleton:="true"
                     org.eclipse.core.expressions [87]
                       Unresolved requirement: Require-Bundle: org.eclipse.core.runtime; bundle-version="[3.3.0,4.0.0)"
                         -> Bundle-SymbolicName: org.eclipse.core.runtime; bundle-version="3.11.1.v20150903-1804"; singleton:="true"


!ENTRY org.eclipse.wst.dtd.core 2 0 2016-01-29 18:04:07.122
!MESSAGE Could not resolve module: org.eclipse.wst.dtd.core [509]
  Unresolved requirement: Require-Bundle: org.eclipse.core.resources; bundle-version="[3.4.0,4.0.0)"
    -> Bundle-SymbolicName: org.eclipse.core.resources; bundle-version="3.10.1.v20150725-1910"; singleton:="true"
       org.eclipse.core.resources [95]
         Unresolved requirement: Require-Bundle: org.eclipse.ant.core; bundle-version="[3.1.0,4.0.0)"; resolution:="optional"
           -> Bundle-SymbolicName: org.eclipse.ant.core; bundle-version="3.4.0.v20150428-1928"; singleton:="true"
              org.eclipse.ant.core [73]
                Unresolved requirement: Require-Bundle: org.eclipse.core.variables; bundle-version="[3.1.0,4.0.0)"
                  -> Bundle-SymbolicName: org.eclipse.core.variables; bundle-version="3.2.800.v20130819-1716"; singleton:="true"
                     org.eclipse.core.variables [99]
                       Unresolved requirement: Require-Bundle: org.eclipse.core.runtime; bundle-version="[3.3.0,4.0.0)"
                         -> Bundle-SymbolicName: org.eclipse.core.runtime; bundle-version="3.11.1.v20150903-1804"; singleton:="true"
                            org.eclipse.core.runtime [96]
                              Unresolved requirement: Require-Bundle: org.eclipse.core.jobs; bundle-version="[3.2.0,4.0.0)"; visibility:="reexport"
                                -> Bundle-SymbolicName: org.eclipse.core.jobs; bundle-version="3.7.0.v20150330-2103"; singleton:="true"
                                   org.eclipse.core.jobs [93]
                                     Unresolved requirement: Require-Capability: osgi.ee; filter:="(&(osgi.ee=JavaSE)(version=1.7))"
         Unresolved requirement: Require-Bundle: org.eclipse.core.expressions; bundle-version="[3.2.0,4.0.0)"
           -> Bundle-SymbolicName: org.eclipse.core.expressions; bundle-version="3.5.0.v20150421-2214"; singleton:="true"
              org.eclipse.core.expressions [87]
                Unresolved requirement: Require-Bundle: org.eclipse.core.runtime; bundle-version="[3.3.0,4.0.0)"
                  -> Bundle-SymbolicName: org.eclipse.core.runtime; bundle-version="3.11.1.v20150903-1804"; singleton:="true"


!ENTRY org.eclipse.mylyn.hudson.ui 2 0 2016-01-29 18:04:07.123
!MESSAGE Could not resolve module: org.eclipse.mylyn.hudson.ui [309]
  Unresolved requirement: Require-Bundle: org.eclipse.core.runtime
    -> Bundle-SymbolicName: org.eclipse.core.runtime; bundle-version="3.11.1.v20150903-1804"; singleton:="true"
       org.eclipse.core.runtime [96]
         Unresolved requirement: Require-Bundle: org.eclipse.core.jobs; bundle-version="[3.2.0,4.0.0)"; visibility:="reexport"
           -> Bundle-SymbolicName: org.eclipse.core.jobs; bundle-version="3.7.0.v20150330-2103"; singleton:="true"
              org.eclipse.core.jobs [93]
                Unresolved requirement: Require-Capability: osgi.ee; filter:="(&(osgi.ee=JavaSE)(version=1.7))"


!ENTRY org.eclipse.mylyn.commons.identity.core 2 0 2016-01-29 18:04:07.123
!MESSAGE Could not resolve module: org.eclipse.mylyn.commons.identity.core [285]
  Unresolved requirement: Require-Bundle: org.eclipse.core.runtime
    -> Bundle-SymbolicName: org.eclipse.core.runtime; bundle-version="3.11.1.v20150903-1804"; singleton:="true"
       org.eclipse.core.runtime [96]
         Unresolved requirement: Require-Bundle: org.eclipse.core.jobs; bundle-version="[3.2.0,4.0.0)"; visibility:="reexport"
           -> Bundle-SymbolicName: org.eclipse.core.jobs; bundle-version="3.7.0.v20150330-2103"; singleton:="true"
              org.eclipse.core.jobs [93]
                Unresolved requirement: Require-Capability: osgi.ee; filter:="(&(osgi.ee=JavaSE)(version=1.7))"


!ENTRY org.eclipse.ui.cheatsheets 2 0 2016-01-29 18:04:07.123
!MESSAGE Could not resolve module: org.eclipse.ui.cheatsheets [457]
  Unresolved requirement: Require-Bundle: org.eclipse.ui; bundle-version="[3.6.0,4.0.0)"
    -> Bundle-SymbolicName: org.eclipse.ui; bundle-version="3.107.0.v20150507-1945"; singleton:="true"
       org.eclipse.ui [455]
         Unresolved requirement: Require-Bundle: org.eclipse.core.runtime; bundle-version="[3.2.0,4.0.0)"
           -> Bundle-SymbolicName: org.eclipse.core.runtime; bundle-version="3.11.1.v20150903-1804"; singleton:="true"
              org.eclipse.core.runtime [96]
                Unresolved requirement: Require-Bundle: org.eclipse.core.jobs; bundle-version="[3.2.0,4.0.0)"; visibility:="reexport"
                  -> Bundle-SymbolicName: org.eclipse.core.jobs; bundle-version="3.7.0.v20150330-2103"; singleton:="true"
                     org.eclipse.core.jobs [93]
                       Unresolved requirement: Require-Capability: osgi.ee; filter:="(&(osgi.ee=JavaSE)(version=1.7))"


!ENTRY org.eclipse.pde.ui.templates 2 0 2016-01-29 18:04:07.123
!MESSAGE Could not resolve module: org.eclipse.pde.ui.templates [398]
  Unresolved requirement: Require-Bundle: org.eclipse.ui; bundle-version="[3.3.0,4.0.0)"
    -> Bundle-SymbolicName: org.eclipse.ui; bundle-version="3.107.0.v20150507-1945"; singleton:="true"
       org.eclipse.ui [455]
         Unresolved requirement: Require-Bundle: org.eclipse.core.runtime; bundle-version="[3.2.0,4.0.0)"
           -> Bundle-SymbolicName: org.eclipse.core.runtime; bundle-version="3.11.1.v20150903-1804"; singleton:="true"
              org.eclipse.core.runtime [96]
                Unresolved requirement: Require-Bundle: org.eclipse.core.jobs; bundle-version="[3.2.0,4.0.0)"; visibility:="reexport"
                  -> Bundle-SymbolicName: org.eclipse.core.jobs; bundle-version="3.7.0.v20150330-2103"; singleton:="true"
                     org.eclipse.core.jobs [93]
                       Unresolved requirement: Require-Capability: osgi.ee; filter:="(&(osgi.ee=JavaSE)(version=1.7))"


!ENTRY org.eclipse.mylyn.gerrit.core 2 0 2016-01-29 18:04:07.123
!MESSAGE Could not resolve module: org.eclipse.mylyn.gerrit.core [303]
  Unresolved requirement: Require-Bundle: org.eclipse.core.runtime
    -> Bundle-SymbolicName: org.eclipse.core.runtime; bundle-version="3.11.1.v20150903-1804"; singleton:="true"
       org.eclipse.core.runtime [96]
         Unresolved requirement: Require-Bundle: org.eclipse.core.jobs; bundle-version="[3.2.0,4.0.0)"; visibility:="reexport"
           -> Bundle-SymbolicName: org.eclipse.core.jobs; bundle-version="3.7.0.v20150330-2103"; singleton:="true"
              org.eclipse.core.jobs [93]
                Unresolved requirement: Require-Capability: osgi.ee; filter:="(&(osgi.ee=JavaSE)(version=1.7))"


!ENTRY org.eclipse.ui.monitoring 2 0 2016-01-29 18:04:07.123
!MESSAGE Could not resolve module: org.eclipse.ui.monitoring [467]
  Unresolved requirement: Require-Bundle: org.eclipse.core.runtime; bundle-version="[3.10.0,4.0.0)"
    -> Bundle-SymbolicName: org.eclipse.core.runtime; bundle-version="3.11.1.v20150903-1804"; singleton:="true"
       org.eclipse.core.runtime [96]
         Unresolved requirement: Require-Bundle: org.eclipse.core.jobs; bundle-version="[3.2.0,4.0.0)"; visibility:="reexport"
           -> Bundle-SymbolicName: org.eclipse.core.jobs; bundle-version="3.7.0.v20150330-2103"; singleton:="true"
              org.eclipse.core.jobs [93]
                Unresolved requirement: Require-Capability: osgi.ee; filter:="(&(osgi.ee=JavaSE)(version=1.7))"


!ENTRY org.eclipse.oomph.workingsets.editor 2 0 2016-01-29 18:04:07.124
!MESSAGE Could not resolve module: org.eclipse.oomph.workingsets.editor [380]
  Unresolved requirement: Require-Bundle: org.eclipse.core.runtime; bundle-version="[3.5.0,4.0.0)"
    -> Bundle-SymbolicName: org.eclipse.core.runtime; bundle-version="3.11.1.v20150903-1804"; singleton:="true"
       org.eclipse.core.runtime [96]
         Unresolved requirement: Require-Bundle: org.eclipse.core.jobs; bundle-version="[3.2.0,4.0.0)"; visibility:="reexport"
           -> Bundle-SymbolicName: org.eclipse.core.jobs; bundle-version="3.7.0.v20150330-2103"; singleton:="true"
              org.eclipse.core.jobs [93]
                Unresolved requirement: Require-Capability: osgi.ee; filter:="(&(osgi.ee=JavaSE)(version=1.7))"


!ENTRY org.eclipse.m2e.scm 2 0 2016-01-29 18:04:07.124
!MESSAGE Could not resolve module: org.eclipse.m2e.scm [277]
  Unresolved requirement: Require-Bundle: org.eclipse.core.resources; bundle-version="3.5.2"
    -> Bundle-SymbolicName: org.eclipse.core.resources; bundle-version="3.10.1.v20150725-1910"; singleton:="true"
       org.eclipse.core.resources [95]
         Unresolved requirement: Require-Bundle: org.eclipse.ant.core; bundle-version="[3.1.0,4.0.0)"; resolution:="optional"
           -> Bundle-SymbolicName: org.eclipse.ant.core; bundle-version="3.4.0.v20150428-1928"; singleton:="true"
              org.eclipse.ant.core [73]
                Unresolved requirement: Require-Bundle: org.eclipse.core.variables; bundle-version="[3.1.0,4.0.0)"
                  -> Bundle-SymbolicName: org.eclipse.core.variables; bundle-version="3.2.800.v20130819-1716"; singleton:="true"
                     org.eclipse.core.variables [99]
                       Unresolved requirement: Require-Bundle: org.eclipse.core.runtime; bundle-version="[3.3.0,4.0.0)"
                         -> Bundle-SymbolicName: org.eclipse.core.runtime; bundle-version="3.11.1.v20150903-1804"; singleton:="true"
                            org.eclipse.core.runtime [96]
                              Unresolved requirement: Require-Bundle: org.eclipse.core.jobs; bundle-version="[3.2.0,4.0.0)"; visibility:="reexport"
                                -> Bundle-SymbolicName: org.eclipse.core.jobs; bundle-version="3.7.0.v20150330-2103"; singleton:="true"
                                   org.eclipse.core.jobs [93]
                                     Unresolved requirement: Require-Capability: osgi.ee; filter:="(&(osgi.ee=JavaSE)(version=1.7))"
         Unresolved requirement: Require-Bundle: org.eclipse.core.expressions; bundle-version="[3.2.0,4.0.0)"
           -> Bundle-SymbolicName: org.eclipse.core.expressions; bundle-version="3.5.0.v20150421-2214"; singleton:="true"
              org.eclipse.core.expressions [87]
                Unresolved requirement: Require-Bundle: org.eclipse.core.runtime; bundle-version="[3.3.0,4.0.0)"
                  -> Bundle-SymbolicName: org.eclipse.core.runtime; bundle-version="3.11.1.v20150903-1804"; singleton:="true"


!ENTRY org.eclipse.epp.logging.aeri.ui 2 0 2016-01-29 18:04:07.124
!MESSAGE Could not resolve module: org.eclipse.epp.logging.aeri.ui [155]
  Unresolved requirement: Require-Bundle: org.eclipse.core.databinding.property
    -> Bundle-SymbolicName: org.eclipse.core.databinding.property; bundle-version="1.5.0.v20150422-0725"
       org.eclipse.core.databinding.property [86]
         Unresolved requirement: Require-Bundle: org.eclipse.core.databinding.observable; bundle-version="[1.3.0,2.0.0)"
           -> Bundle-SymbolicName: org.eclipse.core.databinding.observable; bundle-version="1.5.0.v20150422-0725"
              org.eclipse.core.databinding.observable [85]
                Unresolved requirement: Require-Capability: osgi.ee; filter:="(&(osgi.ee=JavaSE)(version=1.7))"


!ENTRY org.eclipse.jetty.servlet 2 0 2016-01-29 18:04:07.124
!MESSAGE Could not resolve module: org.eclipse.jetty.servlet [245]
  Unresolved requirement: Import-Package: javax.servlet; version="[2.6.0,3.2.0)"
    -> Export-Package: javax.servlet; bundle-version="3.1.0.v201410161800"; bundle-symbolic-name="javax.servlet"; version="3.1.0"; uses:="javax.servlet.descriptor,javax.servlet.annotation"
       javax.servlet [32]
         Unresolved requirement: Require-Capability: osgi.ee; filter:="(&(osgi.ee=JavaSE)(version=1.7))"
  Unresolved requirement: Import-Package: javax.servlet.annotation; version="[2.6.0,3.2.0)"
    -> Export-Package: javax.servlet.annotation; bundle-version="3.1.0.v201410161800"; bundle-symbolic-name="javax.servlet"; version="3.1.0"; uses:="javax.servlet"
  Unresolved requirement: Import-Package: org.eclipse.jetty.http; version="[9.2.0,10.0.0)"
    -> Export-Package: org.eclipse.jetty.http; bundle-version="9.2.13.v20150730"; bundle-symbolic-name="org.eclipse.jetty.http"; version="9.2.13"; uses:="org.eclipse.jetty.util,org.eclipse.jetty.util.resource,org.eclipse.jetty.util.log"
       org.eclipse.jetty.http [241]
         Unresolved requirement: Import-Package: org.eclipse.jetty.util; version="[9.2.0,10.0.0)"
           -> Export-Package: org.eclipse.jetty.util; bundle-version="9.2.13.v20150730"; bundle-symbolic-name="org.eclipse.jetty.util"; version="9.2.13"; uses:="org.eclipse.jetty.util.thread,org.eclipse.jetty.util.log,org.eclipse.jetty.util.resource,org.eclipse.jetty.util.component,javax.servlet,javax.servlet.http,org.eclipse.jetty.util.annotation"
              org.eclipse.jetty.util [246]
                Unresolved requirement: Require-Capability: osgi.ee; filter:="(&(osgi.ee=JavaSE)(version=1.7))"
                Unresolved requirement: Import-Package: javax.servlet; version="[2.6.0,3.2.0)"
                  -> Export-Package: javax.servlet; bundle-version="3.1.0.v201410161800"; bundle-symbolic-name="javax.servlet"; version="3.1.0"; uses:="javax.servlet.descriptor,javax.servlet.annotation"
                Unresolved requirement: Import-Package: javax.servlet.http; version="[2.6.0,3.2.0)"
                  -> Export-Package: javax.servlet.http; bundle-version="3.1.0.v201410161800"; bundle-symbolic-name="javax.servlet"; version="3.1.0"; uses:="javax.servlet"
  Unresolved requirement: Import-Package: javax.servlet.descriptor; version="[2.6.0,3.2.0)"
    -> Export-Package: javax.servlet.descriptor; bundle-version="3.1.0.v201410161800"; bundle-symbolic-name="javax.servlet"; version="3.1.0"
  Unresolved requirement: Import-Package: javax.servlet.http; version="[2.6.0,3.2.0)"
    -> Export-Package: javax.servlet.http; bundle-version="3.1.0.v201410161800"; bundle-symbolic-name="javax.servlet"; version="3.1.0"; uses:="javax.servlet"


!ENTRY org.eclipse.m2e.jdt.ui 2 0 2016-01-29 18:04:07.125
!MESSAGE Could not resolve module: org.eclipse.m2e.jdt.ui [265]
  Unresolved requirement: Require-Bundle: org.eclipse.core.runtime
    -> Bundle-SymbolicName: org.eclipse.core.runtime; bundle-version="3.11.1.v20150903-1804"; singleton:="true"
       org.eclipse.core.runtime [96]
         Unresolved requirement: Require-Bundle: org.eclipse.core.jobs; bundle-version="[3.2.0,4.0.0)"; visibility:="reexport"
           -> Bundle-SymbolicName: org.eclipse.core.jobs; bundle-version="3.7.0.v20150330-2103"; singleton:="true"
              org.eclipse.core.jobs [93]
                Unresolved requirement: Require-Capability: osgi.ee; filter:="(&(osgi.ee=JavaSE)(version=1.7))"


!ENTRY org.eclipse.recommenders.injection 2 0 2016-01-29 18:04:07.125
!MESSAGE Could not resolve module: org.eclipse.recommenders.injection [418]
  Unresolved requirement: Require-Bundle: org.eclipse.core.runtime
    -> Bundle-SymbolicName: org.eclipse.core.runtime; bundle-version="3.11.1.v20150903-1804"; singleton:="true"
       org.eclipse.core.runtime [96]
         Unresolved requirement: Require-Bundle: org.eclipse.core.jobs; bundle-version="[3.2.0,4.0.0)"; visibility:="reexport"
           -> Bundle-SymbolicName: org.eclipse.core.jobs; bundle-version="3.7.0.v20150330-2103"; singleton:="true"
              org.eclipse.core.jobs [93]
                Unresolved requirement: Require-Capability: osgi.ee; filter:="(&(osgi.ee=JavaSE)(version=1.7))"


!ENTRY org.eclipse.osgi 4 0 2016-01-29 18:04:07.127
!MESSAGE Application error
!STACK 1
java.lang.IllegalStateException: Unable to acquire application service. Ensure that the org.eclipse.core.runtime bundle is resolved and started (see config.ini).
	at org.eclipse.core.runtime.internal.adaptor.EclipseAppLauncher.start(EclipseAppLauncher.java:78)
	at org.eclipse.core.runtime.adaptor.EclipseStarter.run(EclipseStarter.java:380)
	at org.eclipse.core.runtime.adaptor.EclipseStarter.run(EclipseStarter.java:235)
	at sun.reflect.NativeMethodAccessorImpl.invoke0(Native Method)
	at sun.reflect.NativeMethodAccessorImpl.invoke(NativeMethodAccessorImpl.java:39)
	at sun.reflect.DelegatingMethodAccessorImpl.invoke(DelegatingMethodAccessorImpl.java:25)
	at java.lang.reflect.Method.invoke(Method.java:597)
	at org.eclipse.equinox.launcher.Main.invokeFramework(Main.java:669)
	at org.eclipse.equinox.launcher.Main.basicRun(Main.java:608)
	at org.eclipse.equinox.launcher.Main.run(Main.java:1515)
	at org.eclipse.equinox.launcher.Main.main(Main.java:1488)
