!SESSION 2010-04-09 00:19:23.026 -----------------------------------------------
eclipse.buildId=unknown
java.version=1.6.0_18
java.vendor=Sun Microsystems Inc.
BootLoader constants: OS=win32, ARCH=x86, WS=win32, NL=en_US
Framework arguments:  -product com.amzi.prolog.ide
Command-line arguments:  -product com.amzi.prolog.ide -data C:\eclipse\eclipse_sdk\workspace/../runtime-amzi.product -dev file:C:/eclipse/eclipse_sdk/workspace/.metadata/.plugins/org.eclipse.pde.core/amzi.product/dev.properties -os win32 -ws win32 -arch x86

!ENTRY org.eclipse.equinox.app 0 0 2010-04-09 00:19:24.602
!MESSAGE Product com.amzi.prolog.ide could not be found.

!ENTRY org.eclipse.osgi 4 0 2010-04-09 00:19:24.633
!MESSAGE Application error
!STACK 1
java.lang.RuntimeException: No application id has been found.
	at org.eclipse.equinox.internal.app.EclipseAppContainer.startDefaultApp(EclipseAppContainer.java:236)
	at org.eclipse.equinox.internal.app.MainApplicationLauncher.run(MainApplicationLauncher.java:29)
	at org.eclipse.core.runtime.internal.adaptor.EclipseAppLauncher.runApplication(EclipseAppLauncher.java:110)
	at org.eclipse.core.runtime.internal.adaptor.EclipseAppLauncher.start(EclipseAppLauncher.java:79)
	at org.eclipse.core.runtime.adaptor.EclipseStarter.run(EclipseStarter.java:368)
	at org.eclipse.core.runtime.adaptor.EclipseStarter.run(EclipseStarter.java:179)
	at sun.reflect.NativeMethodAccessorImpl.invoke0(Native Method)
	at sun.reflect.NativeMethodAccessorImpl.invoke(NativeMethodAccessorImpl.java:39)
	at sun.reflect.DelegatingMethodAccessorImpl.invoke(DelegatingMethodAccessorImpl.java:25)
	at java.lang.reflect.Method.invoke(Method.java:597)
	at org.eclipse.equinox.launcher.Main.invokeFramework(Main.java:559)
	at org.eclipse.equinox.launcher.Main.basicRun(Main.java:514)
	at org.eclipse.equinox.launcher.Main.run(Main.java:1311)
	at org.eclipse.equinox.launcher.Main.main(Main.java:1287)
